<?xml version="1.0" encoding="UTF-8"?>
<robot generator="Robot 7.3.2 (Python 3.12.10 on win32)" generated="2025-09-12T11:33:17.242081" rpa="false" schemaversion="5">
<suite id="s1" name="Tests" source="C:\Users\Julliely\Desktop\Challenge_03\Challenge_03_tests\tests">
<suite id="s1-s1" name="Login Tests" source="C:\Users\Julliely\Desktop\Challenge_03\Challenge_03_tests\tests\login_tests.robot">
<test id="s1-s1-t1" name="POST Login Usuario Valido Deve Retornar 200" line="8">
<kw name="Criar Sessao" owner="config">
<kw name="Create Session" owner="RequestsLibrary">
<msg time="2025-09-12T11:33:17.960019" level="INFO">Creating Session using : alias=api, url=https://compassuol.serverest.dev, headers={},                     cookies={}, auth=None, timeout=None, proxies=None, verify=False,                     debug=0 </msg>
<arg>api</arg>
<arg>${BASE_URL}</arg>
<arg>verify=False</arg>
<doc>Create Session: create a HTTP session to a server</doc>
<status status="PASS" start="2025-09-12T11:33:17.960019" elapsed="0.000000"/>
</kw>
<status status="PASS" start="2025-09-12T11:33:17.959009" elapsed="0.001010"/>
</kw>
<kw name="Email" owner="FakerLibrary">
<msg time="2025-09-12T11:33:17.960974" level="INFO">${email} = kristenmorgan@example.net</msg>
<var>${email}</var>
<status status="PASS" start="2025-09-12T11:33:17.960974" elapsed="0.000000"/>
</kw>
<kw name="POST Usuario" owner="users">
<kw name="Create Dictionary" owner="BuiltIn">
<msg time="2025-09-12T11:33:17.962016" level="INFO">${body} = {'nome': 'Usuario Login Teste', 'email': 'kristenmorgan@example.net', 'password': 'senha123', 'administrador': 'true'}</msg>
<var>${body}</var>
<arg>nome=${nome}</arg>
<arg>email=${email}</arg>
<arg>password=${senha}</arg>
<arg>administrador=${admin}</arg>
<doc>Creates and returns a dictionary based on the given ``items``.</doc>
<status status="PASS" start="2025-09-12T11:33:17.960974" elapsed="0.001042"/>
</kw>
<kw name="POST On Session" owner="RequestsLibrary">
<msg time="2025-09-12T11:33:18.383264" level="INFO">POST Request : url=https://compassuol.serverest.dev/usuarios 
 path_url=/usuarios 
 headers={'User-Agent': 'python-requests/2.32.3', 'Accept-Encoding': 'gzip, deflate', 'Accept': '*/*', 'Connection': 'keep-alive', 'Content-Length': '118', 'Content-Type': 'application/json'} 
 body=b'{"nome": "Usuario Login Teste", "email": "kristenmorgan@example.net", "password": "senha123", "administrador": "true"}' 
 </msg>
<msg time="2025-09-12T11:33:18.383264" level="INFO">POST Response : url=https://compassuol.serverest.dev/usuarios 
 status=201, reason=Created 
 headers={'access-control-allow-origin': '*', 'x-dns-prefetch-control': 'off', 'x-frame-options': 'SAMEORIGIN', 'strict-transport-security': 'max-age=15552000; includeSubDomains', 'x-download-options': 'noopen', 'x-content-type-options': 'nosniff', 'x-xss-protection': '1; mode=block', 'content-type': 'application/json; charset=utf-8', 'x-cloud-trace-context': '944801c3aa9b6a4993198f77deda4388;o=1', 'date': 'Fri, 12 Sep 2025 14:33:19 GMT', 'server': 'Google Frontend', 'Content-Length': '82'} 
 body={
    "message": "Cadastro realizado com sucesso",
    "_id": "u7eMA3EcK1aGeBqk"
} 
 </msg>
<msg time="2025-09-12T11:33:18.383264" level="INFO">C:\Users\Julliely\AppData\Local\Programs\Python\Python312\Lib\site-packages\urllib3\connectionpool.py:1097: InsecureRequestWarning: Unverified HTTPS request is being made to host 'compassuol.serverest.dev'. Adding certificate verification is strongly advised. See: https://urllib3.readthedocs.io/en/latest/advanced-usage.html#tls-warnings
  warnings.warn(</msg>
<msg time="2025-09-12T11:33:18.384265" level="INFO">${response} = &lt;Response [201]&gt;</msg>
<var>${response}</var>
<arg>api</arg>
<arg>${USERS_ENDPOINT}</arg>
<arg>json=${body}</arg>
<arg>expected_status=any</arg>
<doc>Sends a POST request on a previously created HTTP Session.</doc>
<status status="PASS" start="2025-09-12T11:33:17.962016" elapsed="0.422249"/>
</kw>
<return>
<value>${response}</value>
<status status="PASS" start="2025-09-12T11:33:18.384265" elapsed="0.000000"/>
</return>
<msg time="2025-09-12T11:33:18.384265" level="INFO">${response_criar} = &lt;Response [201]&gt;</msg>
<var>${response_criar}</var>
<arg>Usuario Login Teste</arg>
<arg>${email}</arg>
<arg>senha123</arg>
<arg>true</arg>
<status status="PASS" start="2025-09-12T11:33:17.960974" elapsed="0.423291"/>
</kw>
<kw name="POST Login" owner="users">
<kw name="Create Dictionary" owner="BuiltIn">
<msg time="2025-09-12T11:33:18.385261" level="INFO">${body} = {'email': 'kristenmorgan@example.net', 'password': 'senha123'}</msg>
<var>${body}</var>
<arg>email=${email}</arg>
<arg>password=${senha}</arg>
<doc>Creates and returns a dictionary based on the given ``items``.</doc>
<status status="PASS" start="2025-09-12T11:33:18.384265" elapsed="0.000996"/>
</kw>
<kw name="POST On Session" owner="RequestsLibrary">
<msg time="2025-09-12T11:33:18.575068" level="INFO">POST Request : url=https://compassuol.serverest.dev/login 
 path_url=/login 
 headers={'User-Agent': 'python-requests/2.32.3', 'Accept-Encoding': 'gzip, deflate', 'Accept': '*/*', 'Connection': 'keep-alive', 'Content-Length': '62', 'Content-Type': 'application/json'} 
 body=b'{"email": "kristenmorgan@example.net", "password": "senha123"}' 
 </msg>
<msg time="2025-09-12T11:33:18.575068" level="INFO">POST Response : url=https://compassuol.serverest.dev/login 
 status=200, reason=OK 
 headers={'access-control-allow-origin': '*', 'x-dns-prefetch-control': 'off', 'x-frame-options': 'SAMEORIGIN', 'strict-transport-security': 'max-age=15552000; includeSubDomains', 'x-download-options': 'noopen', 'x-content-type-options': 'nosniff', 'x-xss-protection': '1; mode=block', 'content-type': 'application/json; charset=utf-8', 'x-cloud-trace-context': '94ea9cf41d52a7ae93198f77deda4fa0', 'date': 'Fri, 12 Sep 2025 14:33:19 GMT', 'server': 'Google Frontend', 'Content-Length': '285'} 
 body={
    "message": "Login realizado com sucesso",
    "authorization": "Bearer eyJhbGciOiJIUzI1NiIsInR5cCI6IkpXVCJ9.eyJlbWFpbCI6ImtyaXN0ZW5tb3JnYW5AZXhhbXBsZS5uZXQiLCJwYXNzd29yZCI6InNlbmhhMTIzIiwiaWF0IjoxNzU3Njg3NTk5LCJleHAiOjE3NTc2ODgxOTl9.weIbhKDL0lHh5L4NZBNQEaOSAjxD-7To0CM0Lj75fC8"
} 
 </msg>
<msg time="2025-09-12T11:33:18.575068" level="INFO">C:\Users\Julliely\AppData\Local\Programs\Python\Python312\Lib\site-packages\urllib3\connectionpool.py:1097: InsecureRequestWarning: Unverified HTTPS request is being made to host 'compassuol.serverest.dev'. Adding certificate verification is strongly advised. See: https://urllib3.readthedocs.io/en/latest/advanced-usage.html#tls-warnings
  warnings.warn(</msg>
<msg time="2025-09-12T11:33:18.575068" level="INFO">${response} = &lt;Response [200]&gt;</msg>
<var>${response}</var>
<arg>api</arg>
<arg>${LOGIN_ENDPOINT}</arg>
<arg>json=${body}</arg>
<arg>expected_status=any</arg>
<doc>Sends a POST request on a previously created HTTP Session.</doc>
<status status="PASS" start="2025-09-12T11:33:18.385261" elapsed="0.190715"/>
</kw>
<return>
<value>${response}</value>
<status status="PASS" start="2025-09-12T11:33:18.575976" elapsed="0.000000"/>
</return>
<msg time="2025-09-12T11:33:18.575976" level="INFO">${response_login} = &lt;Response [200]&gt;</msg>
<var>${response_login}</var>
<arg>${email}</arg>
<arg>senha123</arg>
<status status="PASS" start="2025-09-12T11:33:18.384265" elapsed="0.191711"/>
</kw>
<kw name="Should Be Equal As Integers" owner="BuiltIn">
<msg time="2025-09-12T11:33:18.575976" level="INFO">Argument types are:
&lt;class 'int'&gt;
&lt;class 'str'&gt;</msg>
<arg>${response_login.status_code}</arg>
<arg>200</arg>
<doc>Fails if objects are unequal after converting them to integers.</doc>
<status status="PASS" start="2025-09-12T11:33:18.575976" elapsed="0.000000"/>
</kw>
<kw name="Dictionary Should Contain Value" owner="Collections">
<arg>${response_login.json()}</arg>
<arg>Login realizado com sucesso</arg>
<doc>Fails if ``value`` is not found from ``dictionary``.</doc>
<status status="PASS" start="2025-09-12T11:33:18.577010" elapsed="0.000964"/>
</kw>
<kw name="Dictionary Should Contain Key" owner="Collections">
<arg>${response_login.json()}</arg>
<arg>authorization</arg>
<doc>Fails if ``key`` is not found from ``dictionary``.</doc>
<status status="PASS" start="2025-09-12T11:33:18.578261" elapsed="0.000000"/>
</kw>
<status status="PASS" start="2025-09-12T11:33:17.959009" elapsed="0.619252"/>
</test>
<test id="s1-s1-t2" name="POST Login Com Email Invalido Deve Retornar 401" line="18">
<kw name="Criar Sessao" owner="config">
<kw name="Create Session" owner="RequestsLibrary">
<msg time="2025-09-12T11:33:18.580274" level="INFO">Creating Session using : alias=api, url=https://compassuol.serverest.dev, headers={},                     cookies={}, auth=None, timeout=None, proxies=None, verify=False,                     debug=0 </msg>
<arg>api</arg>
<arg>${BASE_URL}</arg>
<arg>verify=False</arg>
<doc>Create Session: create a HTTP session to a server</doc>
<status status="PASS" start="2025-09-12T11:33:18.580274" elapsed="0.000000"/>
</kw>
<status status="PASS" start="2025-09-12T11:33:18.580274" elapsed="0.000000"/>
</kw>
<kw name="POST Login" owner="users">
<kw name="Create Dictionary" owner="BuiltIn">
<msg time="2025-09-12T11:33:18.581275" level="INFO">${body} = {'email': 'email_invalido@qa.com', 'password': 'senha123'}</msg>
<var>${body}</var>
<arg>email=${email}</arg>
<arg>password=${senha}</arg>
<doc>Creates and returns a dictionary based on the given ``items``.</doc>
<status status="PASS" start="2025-09-12T11:33:18.581275" elapsed="0.000000"/>
</kw>
<kw name="POST On Session" owner="RequestsLibrary">
<msg time="2025-09-12T11:33:18.981182" level="INFO">POST Request : url=https://compassuol.serverest.dev/login 
 path_url=/login 
 headers={'User-Agent': 'python-requests/2.32.3', 'Accept-Encoding': 'gzip, deflate', 'Accept': '*/*', 'Connection': 'keep-alive', 'Content-Length': '58', 'Content-Type': 'application/json'} 
 body=b'{"email": "email_invalido@qa.com", "password": "senha123"}' 
 </msg>
<msg time="2025-09-12T11:33:18.981182" level="INFO">POST Response : url=https://compassuol.serverest.dev/login 
 status=401, reason=Unauthorized 
 headers={'access-control-allow-origin': '*', 'x-dns-prefetch-control': 'off', 'x-frame-options': 'SAMEORIGIN', 'strict-transport-security': 'max-age=15552000; includeSubDomains', 'x-download-options': 'noopen', 'x-content-type-options': 'nosniff', 'x-xss-protection': '1; mode=block', 'content-type': 'application/json; charset=utf-8', 'x-cloud-trace-context': 'bc29b07eccacd3e63b1a380453176ade', 'date': 'Fri, 12 Sep 2025 14:33:19 GMT', 'server': 'Google Frontend', 'Content-Length': '48'} 
 body={
    "message": "Email e/ou senha inválidos"
} 
 </msg>
<msg time="2025-09-12T11:33:18.981182" level="INFO">C:\Users\Julliely\AppData\Local\Programs\Python\Python312\Lib\site-packages\urllib3\connectionpool.py:1097: InsecureRequestWarning: Unverified HTTPS request is being made to host 'compassuol.serverest.dev'. Adding certificate verification is strongly advised. See: https://urllib3.readthedocs.io/en/latest/advanced-usage.html#tls-warnings
  warnings.warn(</msg>
<msg time="2025-09-12T11:33:18.981182" level="INFO">${response} = &lt;Response [401]&gt;</msg>
<var>${response}</var>
<arg>api</arg>
<arg>${LOGIN_ENDPOINT}</arg>
<arg>json=${body}</arg>
<arg>expected_status=any</arg>
<doc>Sends a POST request on a previously created HTTP Session.</doc>
<status status="PASS" start="2025-09-12T11:33:18.581275" elapsed="0.399907"/>
</kw>
<return>
<value>${response}</value>
<status status="PASS" start="2025-09-12T11:33:18.982192" elapsed="0.000000"/>
</return>
<msg time="2025-09-12T11:33:18.982192" level="INFO">${response_login} = &lt;Response [401]&gt;</msg>
<var>${response_login}</var>
<arg>email_invalido@qa.com</arg>
<arg>senha123</arg>
<status status="PASS" start="2025-09-12T11:33:18.581275" elapsed="0.400917"/>
</kw>
<kw name="Should Be Equal As Integers" owner="BuiltIn">
<msg time="2025-09-12T11:33:18.983252" level="INFO">Argument types are:
&lt;class 'int'&gt;
&lt;class 'str'&gt;</msg>
<arg>${response_login.status_code}</arg>
<arg>401</arg>
<doc>Fails if objects are unequal after converting them to integers.</doc>
<status status="PASS" start="2025-09-12T11:33:18.982192" elapsed="0.001139"/>
</kw>
<kw name="Dictionary Should Contain Value" owner="Collections">
<arg>${response_login.json()}</arg>
<arg>Email e/ou senha inválidos</arg>
<doc>Fails if ``value`` is not found from ``dictionary``.</doc>
<status status="PASS" start="2025-09-12T11:33:18.983331" elapsed="0.000000"/>
</kw>
<status status="PASS" start="2025-09-12T11:33:18.579332" elapsed="0.405000"/>
</test>
<test id="s1-s1-t3" name="POST Login Com Senha Incorreta Deve Retornar 401" line="24">
<kw name="Criar Sessao" owner="config">
<kw name="Create Session" owner="RequestsLibrary">
<msg time="2025-09-12T11:33:18.985333" level="INFO">Creating Session using : alias=api, url=https://compassuol.serverest.dev, headers={},                     cookies={}, auth=None, timeout=None, proxies=None, verify=False,                     debug=0 </msg>
<arg>api</arg>
<arg>${BASE_URL}</arg>
<arg>verify=False</arg>
<doc>Create Session: create a HTTP session to a server</doc>
<status status="PASS" start="2025-09-12T11:33:18.985333" elapsed="0.000000"/>
</kw>
<status status="PASS" start="2025-09-12T11:33:18.985333" elapsed="0.001000"/>
</kw>
<kw name="Email" owner="FakerLibrary">
<msg time="2025-09-12T11:33:18.987334" level="INFO">${email} = georgethomas@example.net</msg>
<var>${email}</var>
<status status="PASS" start="2025-09-12T11:33:18.986333" elapsed="0.001001"/>
</kw>
<kw name="POST Usuario" owner="users">
<kw name="Create Dictionary" owner="BuiltIn">
<msg time="2025-09-12T11:33:18.988333" level="INFO">${body} = {'nome': 'Usuario Senha Incorreta', 'email': 'georgethomas@example.net', 'password': 'senha123', 'administrador': 'true'}</msg>
<var>${body}</var>
<arg>nome=${nome}</arg>
<arg>email=${email}</arg>
<arg>password=${senha}</arg>
<arg>administrador=${admin}</arg>
<doc>Creates and returns a dictionary based on the given ``items``.</doc>
<status status="PASS" start="2025-09-12T11:33:18.988333" elapsed="0.000000"/>
</kw>
<kw name="POST On Session" owner="RequestsLibrary">
<msg time="2025-09-12T11:33:19.395182" level="INFO">POST Request : url=https://compassuol.serverest.dev/usuarios 
 path_url=/usuarios 
 headers={'User-Agent': 'python-requests/2.32.3', 'Accept-Encoding': 'gzip, deflate', 'Accept': '*/*', 'Connection': 'keep-alive', 'Content-Length': '121', 'Content-Type': 'application/json'} 
 body=b'{"nome": "Usuario Senha Incorreta", "email": "georgethomas@example.net", "password": "senha123", "administrador": "true"}' 
 </msg>
<msg time="2025-09-12T11:33:19.395182" level="INFO">POST Response : url=https://compassuol.serverest.dev/usuarios 
 status=201, reason=Created 
 headers={'access-control-allow-origin': '*', 'x-dns-prefetch-control': 'off', 'x-frame-options': 'SAMEORIGIN', 'strict-transport-security': 'max-age=15552000; includeSubDomains', 'x-download-options': 'noopen', 'x-content-type-options': 'nosniff', 'x-xss-protection': '1; mode=block', 'content-type': 'application/json; charset=utf-8', 'x-cloud-trace-context': '5ad471c3abdea59e01d588b8151289ca', 'date': 'Fri, 12 Sep 2025 14:33:20 GMT', 'server': 'Google Frontend', 'Content-Length': '82'} 
 body={
    "message": "Cadastro realizado com sucesso",
    "_id": "dFS2WBQEPxWd7kor"
} 
 </msg>
<msg time="2025-09-12T11:33:19.395182" level="INFO">C:\Users\Julliely\AppData\Local\Programs\Python\Python312\Lib\site-packages\urllib3\connectionpool.py:1097: InsecureRequestWarning: Unverified HTTPS request is being made to host 'compassuol.serverest.dev'. Adding certificate verification is strongly advised. See: https://urllib3.readthedocs.io/en/latest/advanced-usage.html#tls-warnings
  warnings.warn(</msg>
<msg time="2025-09-12T11:33:19.396076" level="INFO">${response} = &lt;Response [201]&gt;</msg>
<var>${response}</var>
<arg>api</arg>
<arg>${USERS_ENDPOINT}</arg>
<arg>json=${body}</arg>
<arg>expected_status=any</arg>
<doc>Sends a POST request on a previously created HTTP Session.</doc>
<status status="PASS" start="2025-09-12T11:33:18.988333" elapsed="0.407743"/>
</kw>
<return>
<value>${response}</value>
<status status="PASS" start="2025-09-12T11:33:19.396076" elapsed="0.000000"/>
</return>
<msg time="2025-09-12T11:33:19.396076" level="INFO">${response_criar} = &lt;Response [201]&gt;</msg>
<var>${response_criar}</var>
<arg>Usuario Senha Incorreta</arg>
<arg>${email}</arg>
<arg>senha123</arg>
<arg>true</arg>
<status status="PASS" start="2025-09-12T11:33:18.987334" elapsed="0.408742"/>
</kw>
<kw name="POST Login" owner="users">
<kw name="Create Dictionary" owner="BuiltIn">
<msg time="2025-09-12T11:33:19.397078" level="INFO">${body} = {'email': 'georgethomas@example.net', 'password': 'senhaErrada'}</msg>
<var>${body}</var>
<arg>email=${email}</arg>
<arg>password=${senha}</arg>
<doc>Creates and returns a dictionary based on the given ``items``.</doc>
<status status="PASS" start="2025-09-12T11:33:19.397078" elapsed="0.000000"/>
</kw>
<kw name="POST On Session" owner="RequestsLibrary">
<msg time="2025-09-12T11:33:19.598005" level="INFO">POST Request : url=https://compassuol.serverest.dev/login 
 path_url=/login 
 headers={'User-Agent': 'python-requests/2.32.3', 'Accept-Encoding': 'gzip, deflate', 'Accept': '*/*', 'Connection': 'keep-alive', 'Content-Length': '64', 'Content-Type': 'application/json'} 
 body=b'{"email": "georgethomas@example.net", "password": "senhaErrada"}' 
 </msg>
<msg time="2025-09-12T11:33:19.598005" level="INFO">POST Response : url=https://compassuol.serverest.dev/login 
 status=401, reason=Unauthorized 
 headers={'access-control-allow-origin': '*', 'x-dns-prefetch-control': 'off', 'x-frame-options': 'SAMEORIGIN', 'strict-transport-security': 'max-age=15552000; includeSubDomains', 'x-download-options': 'noopen', 'x-content-type-options': 'nosniff', 'x-xss-protection': '1; mode=block', 'content-type': 'application/json; charset=utf-8', 'x-cloud-trace-context': '152e72cdb7dc352301d588b8151288cb', 'date': 'Fri, 12 Sep 2025 14:33:20 GMT', 'server': 'Google Frontend', 'Content-Length': '48'} 
 body={
    "message": "Email e/ou senha inválidos"
} 
 </msg>
<msg time="2025-09-12T11:33:19.598005" level="INFO">C:\Users\Julliely\AppData\Local\Programs\Python\Python312\Lib\site-packages\urllib3\connectionpool.py:1097: InsecureRequestWarning: Unverified HTTPS request is being made to host 'compassuol.serverest.dev'. Adding certificate verification is strongly advised. See: https://urllib3.readthedocs.io/en/latest/advanced-usage.html#tls-warnings
  warnings.warn(</msg>
<msg time="2025-09-12T11:33:19.599063" level="INFO">${response} = &lt;Response [401]&gt;</msg>
<var>${response}</var>
<arg>api</arg>
<arg>${LOGIN_ENDPOINT}</arg>
<arg>json=${body}</arg>
<arg>expected_status=any</arg>
<doc>Sends a POST request on a previously created HTTP Session.</doc>
<status status="PASS" start="2025-09-12T11:33:19.397078" elapsed="0.201985"/>
</kw>
<return>
<value>${response}</value>
<status status="PASS" start="2025-09-12T11:33:19.599063" elapsed="0.000000"/>
</return>
<msg time="2025-09-12T11:33:19.600075" level="INFO">${response_login} = &lt;Response [401]&gt;</msg>
<var>${response_login}</var>
<arg>${email}</arg>
<arg>senhaErrada</arg>
<status status="PASS" start="2025-09-12T11:33:19.397078" elapsed="0.202997"/>
</kw>
<kw name="Should Be Equal As Integers" owner="BuiltIn">
<msg time="2025-09-12T11:33:19.600075" level="INFO">Argument types are:
&lt;class 'int'&gt;
&lt;class 'str'&gt;</msg>
<arg>${response_login.status_code}</arg>
<arg>401</arg>
<doc>Fails if objects are unequal after converting them to integers.</doc>
<status status="PASS" start="2025-09-12T11:33:19.600075" elapsed="0.000949"/>
</kw>
<kw name="Dictionary Should Contain Value" owner="Collections">
<arg>${response_login.json()}</arg>
<arg>Email e/ou senha inválidos</arg>
<doc>Fails if ``value`` is not found from ``dictionary``.</doc>
<status status="PASS" start="2025-09-12T11:33:19.601024" elapsed="0.000000"/>
</kw>
<status status="PASS" start="2025-09-12T11:33:18.984332" elapsed="0.617692"/>
</test>
<test id="s1-s1-t4" name="POST Login Com Campos Vazios Deve Retornar 400" line="33">
<kw name="Criar Sessao" owner="config">
<kw name="Create Session" owner="RequestsLibrary">
<msg time="2025-09-12T11:33:19.603267" level="INFO">Creating Session using : alias=api, url=https://compassuol.serverest.dev, headers={},                     cookies={}, auth=None, timeout=None, proxies=None, verify=False,                     debug=0 </msg>
<arg>api</arg>
<arg>${BASE_URL}</arg>
<arg>verify=False</arg>
<doc>Create Session: create a HTTP session to a server</doc>
<status status="PASS" start="2025-09-12T11:33:19.603267" elapsed="0.000000"/>
</kw>
<status status="PASS" start="2025-09-12T11:33:19.603267" elapsed="0.000000"/>
</kw>
<kw name="POST Login" owner="users">
<kw name="Create Dictionary" owner="BuiltIn">
<msg time="2025-09-12T11:33:19.604333" level="INFO">${body} = {'email': '', 'password': ''}</msg>
<var>${body}</var>
<arg>email=${email}</arg>
<arg>password=${senha}</arg>
<doc>Creates and returns a dictionary based on the given ``items``.</doc>
<status status="PASS" start="2025-09-12T11:33:19.603267" elapsed="0.001066"/>
</kw>
<kw name="POST On Session" owner="RequestsLibrary">
<msg time="2025-09-12T11:33:19.973024" level="INFO">POST Request : url=https://compassuol.serverest.dev/login 
 path_url=/login 
 headers={'User-Agent': 'python-requests/2.32.3', 'Accept-Encoding': 'gzip, deflate', 'Accept': '*/*', 'Connection': 'keep-alive', 'Content-Length': '29', 'Content-Type': 'application/json'} 
 body=b'{"email": "", "password": ""}' 
 </msg>
<msg time="2025-09-12T11:33:19.974027" level="INFO">POST Response : url=https://compassuol.serverest.dev/login 
 status=400, reason=Bad Request 
 headers={'access-control-allow-origin': '*', 'x-dns-prefetch-control': 'off', 'x-frame-options': 'SAMEORIGIN', 'strict-transport-security': 'max-age=15552000; includeSubDomains', 'x-download-options': 'noopen', 'x-content-type-options': 'nosniff', 'x-xss-protection': '1; mode=block', 'content-type': 'application/json; charset=utf-8', 'x-cloud-trace-context': '0e59669c9584fffca759b35d581d3c5b', 'date': 'Fri, 12 Sep 2025 14:33:20 GMT', 'server': 'Google Frontend', 'Content-Length': '104'} 
 body={
    "email": "email não pode ficar em branco",
    "password": "password não pode ficar em branco"
} 
 </msg>
<msg time="2025-09-12T11:33:19.974175" level="INFO">C:\Users\Julliely\AppData\Local\Programs\Python\Python312\Lib\site-packages\urllib3\connectionpool.py:1097: InsecureRequestWarning: Unverified HTTPS request is being made to host 'compassuol.serverest.dev'. Adding certificate verification is strongly advised. See: https://urllib3.readthedocs.io/en/latest/advanced-usage.html#tls-warnings
  warnings.warn(</msg>
<msg time="2025-09-12T11:33:19.975025" level="INFO">${response} = &lt;Response [400]&gt;</msg>
<var>${response}</var>
<arg>api</arg>
<arg>${LOGIN_ENDPOINT}</arg>
<arg>json=${body}</arg>
<arg>expected_status=any</arg>
<doc>Sends a POST request on a previously created HTTP Session.</doc>
<status status="PASS" start="2025-09-12T11:33:19.604333" elapsed="0.370692"/>
</kw>
<return>
<value>${response}</value>
<status status="PASS" start="2025-09-12T11:33:19.975025" elapsed="0.000000"/>
</return>
<msg time="2025-09-12T11:33:19.975025" level="INFO">${response_login} = &lt;Response [400]&gt;</msg>
<var>${response_login}</var>
<arg>${EMPTY}</arg>
<arg>${EMPTY}</arg>
<status status="PASS" start="2025-09-12T11:33:19.603267" elapsed="0.371758"/>
</kw>
<kw name="Should Be Equal As Integers" owner="BuiltIn">
<msg time="2025-09-12T11:33:19.976024" level="INFO">Argument types are:
&lt;class 'int'&gt;
&lt;class 'str'&gt;</msg>
<arg>${response_login.status_code}</arg>
<arg>400</arg>
<doc>Fails if objects are unequal after converting them to integers.</doc>
<status status="PASS" start="2025-09-12T11:33:19.975025" elapsed="0.000999"/>
</kw>
<kw name="Dictionary Should Contain Key" owner="Collections">
<arg>${response_login.json()}</arg>
<arg>email</arg>
<doc>Fails if ``key`` is not found from ``dictionary``.</doc>
<status status="PASS" start="2025-09-12T11:33:19.976024" elapsed="0.001000"/>
</kw>
<kw name="Dictionary Should Contain Key" owner="Collections">
<arg>${response_login.json()}</arg>
<arg>password</arg>
<doc>Fails if ``key`` is not found from ``dictionary``.</doc>
<status status="PASS" start="2025-09-12T11:33:19.977024" elapsed="0.000000"/>
</kw>
<kw name="Should Be Equal As Strings" owner="BuiltIn">
<arg>${response_login.json()["email"]}</arg>
<arg>email não pode ficar em branco</arg>
<doc>Fails if objects are unequal after converting them to strings.</doc>
<status status="PASS" start="2025-09-12T11:33:19.977024" elapsed="0.001000"/>
</kw>
<kw name="Should Be Equal As Strings" owner="BuiltIn">
<arg>${response_login.json()["password"]}</arg>
<arg>password não pode ficar em branco</arg>
<doc>Fails if objects are unequal after converting them to strings.</doc>
<status status="PASS" start="2025-09-12T11:33:19.979024" elapsed="0.000000"/>
</kw>
<status status="PASS" start="2025-09-12T11:33:19.602024" elapsed="0.377000"/>
</test>
<status status="PASS" start="2025-09-12T11:33:17.285165" elapsed="2.695859"/>
</suite>
<suite id="s1-s2" name="Products Test" source="C:\Users\Julliely\Desktop\Challenge_03\Challenge_03_tests\tests\products_test.robot">
<test id="s1-s2-t1" name="GET Listar Produtos Cadastrados Deve Retornar 200" line="11">
<kw name="Criar Sessao" owner="config">
<kw name="Create Session" owner="RequestsLibrary">
<msg time="2025-09-12T11:33:20.004173" level="INFO">Creating Session using : alias=api, url=https://compassuol.serverest.dev, headers={},                     cookies={}, auth=None, timeout=None, proxies=None, verify=False,                     debug=0 </msg>
<arg>api</arg>
<arg>${BASE_URL}</arg>
<arg>verify=False</arg>
<doc>Create Session: create a HTTP session to a server</doc>
<status status="PASS" start="2025-09-12T11:33:20.004173" elapsed="0.000851"/>
</kw>
<status status="PASS" start="2025-09-12T11:33:20.004173" elapsed="0.000851"/>
</kw>
<kw name="GET All Products" owner="products">
<kw name="GET On Session" owner="RequestsLibrary">
<msg time="2025-09-12T11:33:20.438972" level="INFO">GET Request : url=https://compassuol.serverest.dev/produtos 
 path_url=/produtos 
 headers={'User-Agent': 'python-requests/2.32.3', 'Accept-Encoding': 'gzip, deflate', 'Accept': '*/*', 'Connection': 'keep-alive'} 
 body=None 
 </msg>
<msg time="2025-09-12T11:33:20.438972" level="INFO">GET Response : url=https://compassuol.serverest.dev/produtos 
 status=200, reason=OK 
 headers={'access-control-allow-origin': '*', 'x-dns-prefetch-control': 'off', 'x-frame-options': 'SAMEORIGIN', 'strict-transport-security': 'max-age=15552000; includeSubDomains', 'x-download-options': 'noopen', 'x-content-type-options': 'nosniff', 'x-xss-protection': '1; mode=block', 'content-type': 'application/json; charset=utf-8', 'x-cloud-trace-context': '5f4743fa353b04746afede2d35120790', 'date': 'Fri, 12 Sep 2025 14:33:21 GMT', 'server': 'Google Frontend', 'Content-Length': '10325'} 
 body={
    "quantidade": 53,
    "produtos": [
        {
            "nome": "Libero possimus.",
            "preco": 470,
            "descricao": "Mouse",
            "quantidade": 381,
            "_id": "1axEfxZdCz4kxzG8"
        },
        {
            "nome": "physical",
            "preco": 100,
            "descricao": "Produto automatizado",
            "quantidade": 10,
            "_id": "4XK90X4E14C58epI"
        },
        {
            "nome": "EbzQQV",
            "preco": 10,
            "descricao": "x",
            "quantidade": 1,
            "_id": "4byfeIgnr5qXrGtd"
        },
        {
            "nome": "mVkuox",
            "preco": 10,
            "descricao": "x",
            "quantidade": 1,
            "_id": "4yrIqrjUUE7Zetzr"
        },
        {
            "nome": "Repudiandae at.",
            "preco": 470,
            "descricao": "Mouse",
            "quantidade": 381,
            "_id": "52JYLmyR38yTC4Nk"
        },
        {
            "nome": "ProdutoNovoPUT",
            "preco": 700,
            "descricao": "Criado via PUT",
            "quantidade": 12,
            "_id": "7dtI7AoLbsIWmv2j"
        },
        {
            "nome": "IeTIyf",
            "preco": 10,
            "descricao": "x",
            "quantidade": 1,
            "_id": "8oglcN9WJcnUFEim"
        },
        {
            "nome": "Logitech MX Vertical",
            "preco": 470,
            "descricao": "Mouse",
            "quantidade": 381,
            "_id": "BeeJh5lz3k6kSIzA"
        },
        {
            "nome": "Nam architecto harum adipisci.",
            "preco": 470,
            "descricao": "Mouse",
            "quantidade": 381,
            "_id": "BqKw9SIHDouS8BYu"
        },
        {
            "nome": "security",
            "preco": 100,
            "descricao": "Produto automatizado",
            "quantidade": 10,
            "_id": "Bqrr338rWwbbh8jC"
        },
        {
            "nome": "Produto PUT Quod deserunt aperiam.",
            "preco": 470,
            "descricao": "Mouse",
            "quantidade": 381,
            "_id": "GtJV0siGGflkbAPe"
        },
        {
            "nome": "Natus suscipit fugit.",
            "preco": 470,
            "descricao": "Mouse",
            "quantidade": 381,
            "_id": "IedXN6McQRJGkYT6"
        },
        {
            "nome": "perform",
            "preco": 100,
            "descricao": "Produto automatizado",
            "quantidade": 10,
            "_id": "J2LQgkU0HDQNbein"
        },
        {
            "nome": "eVAGjM",
            "preco": 10,
            "descricao": "x",
            "quantidade": 1,
            "_id": "JjHcs6KraQLNYO9t"
        },
        {
            "nome": "Samsung 60 polegadas",
            "preco": 5240,
            "descricao": "TV",
            "quantidade": 49974,
            "_id": "K6leHdftCeOJj8BJ"
        },
        {
            "nome": "citizen",
            "preco": 200,
            "descricao": "Produto Original",
            "quantidade": 4,
            "_id": "LGvIbpoxGQ3w4DdK"
        },
        {
            "nome": "DSoDzR",
            "preco": 10,
            "descricao": "x",
            "quantidade": 1,
            "_id": "N7V3IOxo0DKiHJVu"
        },
        {
            "nome": "east",
            "preco": 100,
            "descricao": "Produto automatizado",
            "quantidade": 10,
            "_id": "O0AHPuqJajTdjATJ"
        },
        {
            "nome": "Tempora quisquam aliquam enim.",
            "preco": 470,
            "descricao": "Mouse",
            "quantidade": 381,
            "_id": "OWxYlOcpQit16bx6"
        },
        {
            "nome": "Produto Delete",
            "preco": 99,
            "descricao": "Produto para excluir",
            "quantidade": 2,
            "_id": "PCqsjVcZOiluI3BW"
        },
        {
            "nome": "Produto PUT Impedit nulla.",
            "preco": 470,
            "descricao": "Mouse",
            "quantidade": 381,
            "_id": "Pnx64aJFxAN2ef4M"
        },
        {
            "nome": "some",
            "preco": 300,
            "descricao": "Produto Segundo",
            "quantidade": 6,
            "_id": "PsnmPc6nJTUtvIzj"
        },
        {
            "nome": "laborum - Editado",
            "descricao": "Cumque repellat possimus enim illum. - Editado",
            "preco": 2054,
            "quantidade": 63,
            "_id": "PvjPVXQFxrwuO2Ui"
        },
        {
            "nome": "plant",
            "preco": 1000,
            "descricao": "Produto Duplicado",
            "quantidade": 5,
            "_id": "QU7tkw0y5xBiux5W"
        },
        {
            "nome": "JrMTTf",
            "preco": 10,
            "descricao": "x",
            "quantidade": 1,
            "_id": "RB7zUlwhVbknkorp"
        },
        {
            "nome": "Fuga sint eum.",
            "preco": 470,
            "descricao": "Mouse",
            "quantidade": 381,
            "_id": "TcXdSog2p5rYmLrF"
        },
        {
            "nome": "only",
            "preco": 100,
            "descricao": "Produto automatizado",
            "quantidade": 10,
            "_id": "U0dhZbcsznSUd53L"
        },
        {
            "nome": "Produto PUT Sapiente aliquid.",
            "preco": 470,
            "descricao": "Mouse",
            "quantidade": 381,
            "_id": "V7cvsgrOGkXUXmV0"
        },
        {
            "nome": "Nam cum laudantium vel.",
            "preco": 470,
            "descricao": "Mouse",
            "quantidade": 381,
            "_id": "VCTwa7zwTmwYf3Pt"
        },
        {
            "nome": "iste",
            "descricao": "Harum eum nihil qui consequuntur aperiam molestias.",
            "preco": 4734,
            "quantidade": 50,
            "_id": "ZqVG5ggrejacky2q"
        },
        {
            "nome": "sing",
            "preco": 100,
            "descricao": "Produto automatizado",
            "quantidade": 10,
            "_id": "ZtdMLQDygttKutiz"
        },
        {
            "nome": "corporis",
            "descricao": "Earum dolorem blanditiis nihil rerum sequi.",
            "preco": 6695,
            "quantidade": 71,
            "_id": "bYaO4r6RNZXsF8Sy"
        },
        {
            "nome": "role",
            "preco": 100,
            "descricao": "Produto automatizado",
            "quantidade": 10,
            "_id": "dKSe5Ir4TvmsSse5"
        },
        {
            "nome": "Cupiditate eaque.",
            "preco": 470,
            "descricao": "Mouse",
            "quantidade": 381,
            "_id": "dMPZyjMXStp9985A"
        },
        {
            "nome": "jzLOwH",
            "preco": 10,
            "descricao": "x",
            "quantidade": 1,
            "_id": "dSAfQBO9ARB1n0kl"
        },
        {
            "nome": "himself",
            "preco": 100,
            "descricao": "Produto automatizado",
            "quantidade": 10,
            "_id": "fvuN8E7SCSXke8ca"
        },
        {
            "nome": "Voluptas blanditiis laboriosam nihil dicta.",
            "preco": 500,
            "descricao": "Produto Base",
            "quantidade": 99,
            "_id": "gldHiF04Mz19lsJc"
        },
        {
            "nome": "Produto PUT Autem placeat facere.",
            "preco": 470,
            "descricao": "Mouse",
            "quantidade": 381,
            "_id": "hG43nsHk3Yad6xKe"
        },
        {
            "nome": "Produto PUT Maxime facere.",
            "preco": 470,
            "descricao": "Mouse",
            "quantidade": 381,
            "_id": "haQT3au9gQHuvoox"
        },
        {
            "nome": "nTEUpm",
            "preco": 10,
            "descricao": "x",
            "quantidade": 1,
            "_id": "j5R78UkhtrQxvJje"
        },
        {
            "nome": "water",
            "preco": 100,
            "descricao": "Produto automatizado",
            "quantidade": 10,
            "_id": "jX96jMnfl611iPw7"
        },
        {
            "nome": "popular",
            "preco": 500,
            "descricao": "Produto Teste",
            "quantidade": 10,
            "_id": "kGtOkBfnKO5SqjqJ"
        },
        {
            "nome": "officiis - Editado",
            "descricao": "Dicta commodi ipsam veritatis. - Editado",
            "preco": 4397,
            "quantidade": 80,
            "_id": "lKY6Dor6YcdOo9LC"
        },
        {
            "nome": "respond",
            "preco": 100,
            "descricao": "Produto automatizado",
            "quantidade": 10,
            "_id": "mSoL7G9tkGQrbb0U"
        },
        {
            "nome": "ProdutoAtualizado",
            "preco": 600,
            "descricao": "Produto Atualizado Desc",
            "quantidade": 10,
            "_id": "oNFYdON1ikU2cBrq"
        },
        {
            "nome": "Sapiente eius porro ipsum.",
            "preco": 500,
            "descricao": "Produto Base",
            "quantidade": 99,
            "_id": "odUWI9bichJyL816"
        },
        {
            "nome": "mLoWZu",
            "preco": 10,
            "descricao": "x",
            "quantidade": 1,
            "_id": "sJCnjXRNgpCVKJfp"
        },
        {
            "nome": "Pariatur quaerat laudantium.",
            "preco": 500,
            "descricao": "Produto Base",
            "quantidade": 99,
            "_id": "sursi5KRAK9rpH2d"
        },
        {
            "nome": "trip",
            "preco": 100,
            "descricao": "Produto automatizado",
            "quantidade": 10,
            "_id": "uNjv2bgIygV3xsMB"
        },
        {
            "nome": "prcnJk",
            "preco": 10,
            "descricao": "x",
            "quantidade": 1,
            "_id": "w8ngWevJhy8Wlzu0"
        },
        {
            "nome": "big",
            "preco": 100,
            "descricao": "Produto automatizado",
            "quantidade": 10,
            "_id": "yiqomLLsFg1ABg6p"
        },
        {
            "nome": "QacLZl",
     ... (set the log level to DEBUG or TRACE to see the full content) 
 </msg>
<msg time="2025-09-12T11:33:20.438972" level="INFO">C:\Users\Julliely\AppData\Local\Programs\Python\Python312\Lib\site-packages\urllib3\connectionpool.py:1097: InsecureRequestWarning: Unverified HTTPS request is being made to host 'compassuol.serverest.dev'. Adding certificate verification is strongly advised. See: https://urllib3.readthedocs.io/en/latest/advanced-usage.html#tls-warnings
  warnings.warn(</msg>
<msg time="2025-09-12T11:33:20.439972" level="INFO">${response} = &lt;Response [200]&gt;</msg>
<var>${response}</var>
<arg>api</arg>
<arg>${PRODUCTS_ENDPOINT}</arg>
<arg>expected_status=any</arg>
<doc>Sends a GET request on a previously created HTTP Session.</doc>
<status status="PASS" start="2025-09-12T11:33:20.005024" elapsed="0.434948"/>
</kw>
<return>
<value>${response}</value>
<status status="PASS" start="2025-09-12T11:33:20.439972" elapsed="0.000000"/>
</return>
<msg time="2025-09-12T11:33:20.439972" level="INFO">${response} = &lt;Response [200]&gt;</msg>
<var>${response}</var>
<status status="PASS" start="2025-09-12T11:33:20.005024" elapsed="0.434948"/>
</kw>
<kw name="Should Be Equal As Integers" owner="BuiltIn">
<msg time="2025-09-12T11:33:20.441973" level="INFO">Argument types are:
&lt;class 'int'&gt;
&lt;class 'str'&gt;</msg>
<arg>${response.status_code}</arg>
<arg>200</arg>
<doc>Fails if objects are unequal after converting them to integers.</doc>
<status status="PASS" start="2025-09-12T11:33:20.440973" elapsed="0.001000"/>
</kw>
<kw name="Dictionary Should Contain Key" owner="Collections">
<arg>${response.json()}</arg>
<arg>quantidade</arg>
<doc>Fails if ``key`` is not found from ``dictionary``.</doc>
<status status="PASS" start="2025-09-12T11:33:20.442973" elapsed="0.000254"/>
</kw>
<kw name="Dictionary Should Contain Key" owner="Collections">
<arg>${response.json()}</arg>
<arg>produtos</arg>
<doc>Fails if ``key`` is not found from ``dictionary``.</doc>
<status status="PASS" start="2025-09-12T11:33:20.443227" elapsed="0.001001"/>
</kw>
<kw name="Should Not Be Empty" owner="BuiltIn">
<msg time="2025-09-12T11:33:20.444228" level="INFO">Length is 53.</msg>
<arg>${response.json()["produtos"]}</arg>
<doc>Verifies that the given item is not empty.</doc>
<status status="PASS" start="2025-09-12T11:33:20.444228" elapsed="0.000000"/>
</kw>
<status status="PASS" start="2025-09-12T11:33:20.004173" elapsed="0.440055"/>
</test>
<test id="s1-s2-t2" name="GET Listar Produtos Usuario Nao Autenticado" line="19">
<kw name="Criar Sessao" owner="config">
<kw name="Create Session" owner="RequestsLibrary">
<msg time="2025-09-12T11:33:20.446228" level="INFO">Creating Session using : alias=api, url=https://compassuol.serverest.dev, headers={},                     cookies={}, auth=None, timeout=None, proxies=None, verify=False,                     debug=0 </msg>
<arg>api</arg>
<arg>${BASE_URL}</arg>
<arg>verify=False</arg>
<doc>Create Session: create a HTTP session to a server</doc>
<status status="PASS" start="2025-09-12T11:33:20.446228" elapsed="0.001000"/>
</kw>
<status status="PASS" start="2025-09-12T11:33:20.446228" elapsed="0.001000"/>
</kw>
<kw name="GET On Session" owner="RequestsLibrary">
<msg time="2025-09-12T11:33:20.830920" level="INFO">GET Request : url=https://compassuol.serverest.dev/produtos 
 path_url=/produtos 
 headers={'User-Agent': 'python-requests/2.32.3', 'Accept-Encoding': 'gzip, deflate', 'Accept': '*/*', 'Connection': 'keep-alive'} 
 body=None 
 </msg>
<msg time="2025-09-12T11:33:20.830920" level="INFO">GET Response : url=https://compassuol.serverest.dev/produtos 
 status=200, reason=OK 
 headers={'access-control-allow-origin': '*', 'x-dns-prefetch-control': 'off', 'x-frame-options': 'SAMEORIGIN', 'strict-transport-security': 'max-age=15552000; includeSubDomains', 'x-download-options': 'noopen', 'x-content-type-options': 'nosniff', 'x-xss-protection': '1; mode=block', 'content-type': 'application/json; charset=utf-8', 'x-cloud-trace-context': 'baca284771b3913f2ffae4923a6e5f92', 'date': 'Fri, 12 Sep 2025 14:33:21 GMT', 'server': 'Google Frontend', 'Content-Length': '10325'} 
 body={
    "quantidade": 53,
    "produtos": [
        {
            "nome": "Libero possimus.",
            "preco": 470,
            "descricao": "Mouse",
            "quantidade": 381,
            "_id": "1axEfxZdCz4kxzG8"
        },
        {
            "nome": "physical",
            "preco": 100,
            "descricao": "Produto automatizado",
            "quantidade": 10,
            "_id": "4XK90X4E14C58epI"
        },
        {
            "nome": "EbzQQV",
            "preco": 10,
            "descricao": "x",
            "quantidade": 1,
            "_id": "4byfeIgnr5qXrGtd"
        },
        {
            "nome": "mVkuox",
            "preco": 10,
            "descricao": "x",
            "quantidade": 1,
            "_id": "4yrIqrjUUE7Zetzr"
        },
        {
            "nome": "Repudiandae at.",
            "preco": 470,
            "descricao": "Mouse",
            "quantidade": 381,
            "_id": "52JYLmyR38yTC4Nk"
        },
        {
            "nome": "ProdutoNovoPUT",
            "preco": 700,
            "descricao": "Criado via PUT",
            "quantidade": 12,
            "_id": "7dtI7AoLbsIWmv2j"
        },
        {
            "nome": "IeTIyf",
            "preco": 10,
            "descricao": "x",
            "quantidade": 1,
            "_id": "8oglcN9WJcnUFEim"
        },
        {
            "nome": "Logitech MX Vertical",
            "preco": 470,
            "descricao": "Mouse",
            "quantidade": 381,
            "_id": "BeeJh5lz3k6kSIzA"
        },
        {
            "nome": "Nam architecto harum adipisci.",
            "preco": 470,
            "descricao": "Mouse",
            "quantidade": 381,
            "_id": "BqKw9SIHDouS8BYu"
        },
        {
            "nome": "security",
            "preco": 100,
            "descricao": "Produto automatizado",
            "quantidade": 10,
            "_id": "Bqrr338rWwbbh8jC"
        },
        {
            "nome": "Produto PUT Quod deserunt aperiam.",
            "preco": 470,
            "descricao": "Mouse",
            "quantidade": 381,
            "_id": "GtJV0siGGflkbAPe"
        },
        {
            "nome": "Natus suscipit fugit.",
            "preco": 470,
            "descricao": "Mouse",
            "quantidade": 381,
            "_id": "IedXN6McQRJGkYT6"
        },
        {
            "nome": "perform",
            "preco": 100,
            "descricao": "Produto automatizado",
            "quantidade": 10,
            "_id": "J2LQgkU0HDQNbein"
        },
        {
            "nome": "eVAGjM",
            "preco": 10,
            "descricao": "x",
            "quantidade": 1,
            "_id": "JjHcs6KraQLNYO9t"
        },
        {
            "nome": "Samsung 60 polegadas",
            "preco": 5240,
            "descricao": "TV",
            "quantidade": 49974,
            "_id": "K6leHdftCeOJj8BJ"
        },
        {
            "nome": "citizen",
            "preco": 200,
            "descricao": "Produto Original",
            "quantidade": 4,
            "_id": "LGvIbpoxGQ3w4DdK"
        },
        {
            "nome": "DSoDzR",
            "preco": 10,
            "descricao": "x",
            "quantidade": 1,
            "_id": "N7V3IOxo0DKiHJVu"
        },
        {
            "nome": "east",
            "preco": 100,
            "descricao": "Produto automatizado",
            "quantidade": 10,
            "_id": "O0AHPuqJajTdjATJ"
        },
        {
            "nome": "Tempora quisquam aliquam enim.",
            "preco": 470,
            "descricao": "Mouse",
            "quantidade": 381,
            "_id": "OWxYlOcpQit16bx6"
        },
        {
            "nome": "Produto Delete",
            "preco": 99,
            "descricao": "Produto para excluir",
            "quantidade": 2,
            "_id": "PCqsjVcZOiluI3BW"
        },
        {
            "nome": "Produto PUT Impedit nulla.",
            "preco": 470,
            "descricao": "Mouse",
            "quantidade": 381,
            "_id": "Pnx64aJFxAN2ef4M"
        },
        {
            "nome": "some",
            "preco": 300,
            "descricao": "Produto Segundo",
            "quantidade": 6,
            "_id": "PsnmPc6nJTUtvIzj"
        },
        {
            "nome": "laborum - Editado",
            "descricao": "Cumque repellat possimus enim illum. - Editado",
            "preco": 2054,
            "quantidade": 63,
            "_id": "PvjPVXQFxrwuO2Ui"
        },
        {
            "nome": "plant",
            "preco": 1000,
            "descricao": "Produto Duplicado",
            "quantidade": 5,
            "_id": "QU7tkw0y5xBiux5W"
        },
        {
            "nome": "JrMTTf",
            "preco": 10,
            "descricao": "x",
            "quantidade": 1,
            "_id": "RB7zUlwhVbknkorp"
        },
        {
            "nome": "Fuga sint eum.",
            "preco": 470,
            "descricao": "Mouse",
            "quantidade": 381,
            "_id": "TcXdSog2p5rYmLrF"
        },
        {
            "nome": "only",
            "preco": 100,
            "descricao": "Produto automatizado",
            "quantidade": 10,
            "_id": "U0dhZbcsznSUd53L"
        },
        {
            "nome": "Produto PUT Sapiente aliquid.",
            "preco": 470,
            "descricao": "Mouse",
            "quantidade": 381,
            "_id": "V7cvsgrOGkXUXmV0"
        },
        {
            "nome": "Nam cum laudantium vel.",
            "preco": 470,
            "descricao": "Mouse",
            "quantidade": 381,
            "_id": "VCTwa7zwTmwYf3Pt"
        },
        {
            "nome": "iste",
            "descricao": "Harum eum nihil qui consequuntur aperiam molestias.",
            "preco": 4734,
            "quantidade": 50,
            "_id": "ZqVG5ggrejacky2q"
        },
        {
            "nome": "sing",
            "preco": 100,
            "descricao": "Produto automatizado",
            "quantidade": 10,
            "_id": "ZtdMLQDygttKutiz"
        },
        {
            "nome": "corporis",
            "descricao": "Earum dolorem blanditiis nihil rerum sequi.",
            "preco": 6695,
            "quantidade": 71,
            "_id": "bYaO4r6RNZXsF8Sy"
        },
        {
            "nome": "role",
            "preco": 100,
            "descricao": "Produto automatizado",
            "quantidade": 10,
            "_id": "dKSe5Ir4TvmsSse5"
        },
        {
            "nome": "Cupiditate eaque.",
            "preco": 470,
            "descricao": "Mouse",
            "quantidade": 381,
            "_id": "dMPZyjMXStp9985A"
        },
        {
            "nome": "jzLOwH",
            "preco": 10,
            "descricao": "x",
            "quantidade": 1,
            "_id": "dSAfQBO9ARB1n0kl"
        },
        {
            "nome": "himself",
            "preco": 100,
            "descricao": "Produto automatizado",
            "quantidade": 10,
            "_id": "fvuN8E7SCSXke8ca"
        },
        {
            "nome": "Voluptas blanditiis laboriosam nihil dicta.",
            "preco": 500,
            "descricao": "Produto Base",
            "quantidade": 99,
            "_id": "gldHiF04Mz19lsJc"
        },
        {
            "nome": "Produto PUT Autem placeat facere.",
            "preco": 470,
            "descricao": "Mouse",
            "quantidade": 381,
            "_id": "hG43nsHk3Yad6xKe"
        },
        {
            "nome": "Produto PUT Maxime facere.",
            "preco": 470,
            "descricao": "Mouse",
            "quantidade": 381,
            "_id": "haQT3au9gQHuvoox"
        },
        {
            "nome": "nTEUpm",
            "preco": 10,
            "descricao": "x",
            "quantidade": 1,
            "_id": "j5R78UkhtrQxvJje"
        },
        {
            "nome": "water",
            "preco": 100,
            "descricao": "Produto automatizado",
            "quantidade": 10,
            "_id": "jX96jMnfl611iPw7"
        },
        {
            "nome": "popular",
            "preco": 500,
            "descricao": "Produto Teste",
            "quantidade": 10,
            "_id": "kGtOkBfnKO5SqjqJ"
        },
        {
            "nome": "officiis - Editado",
            "descricao": "Dicta commodi ipsam veritatis. - Editado",
            "preco": 4397,
            "quantidade": 80,
            "_id": "lKY6Dor6YcdOo9LC"
        },
        {
            "nome": "respond",
            "preco": 100,
            "descricao": "Produto automatizado",
            "quantidade": 10,
            "_id": "mSoL7G9tkGQrbb0U"
        },
        {
            "nome": "ProdutoAtualizado",
            "preco": 600,
            "descricao": "Produto Atualizado Desc",
            "quantidade": 10,
            "_id": "oNFYdON1ikU2cBrq"
        },
        {
            "nome": "Sapiente eius porro ipsum.",
            "preco": 500,
            "descricao": "Produto Base",
            "quantidade": 99,
            "_id": "odUWI9bichJyL816"
        },
        {
            "nome": "mLoWZu",
            "preco": 10,
            "descricao": "x",
            "quantidade": 1,
            "_id": "sJCnjXRNgpCVKJfp"
        },
        {
            "nome": "Pariatur quaerat laudantium.",
            "preco": 500,
            "descricao": "Produto Base",
            "quantidade": 99,
            "_id": "sursi5KRAK9rpH2d"
        },
        {
            "nome": "trip",
            "preco": 100,
            "descricao": "Produto automatizado",
            "quantidade": 10,
            "_id": "uNjv2bgIygV3xsMB"
        },
        {
            "nome": "prcnJk",
            "preco": 10,
            "descricao": "x",
            "quantidade": 1,
            "_id": "w8ngWevJhy8Wlzu0"
        },
        {
            "nome": "big",
            "preco": 100,
            "descricao": "Produto automatizado",
            "quantidade": 10,
            "_id": "yiqomLLsFg1ABg6p"
        },
        {
            "nome": "QacLZl",
     ... (set the log level to DEBUG or TRACE to see the full content) 
 </msg>
<msg time="2025-09-12T11:33:20.830920" level="INFO">C:\Users\Julliely\AppData\Local\Programs\Python\Python312\Lib\site-packages\urllib3\connectionpool.py:1097: InsecureRequestWarning: Unverified HTTPS request is being made to host 'compassuol.serverest.dev'. Adding certificate verification is strongly advised. See: https://urllib3.readthedocs.io/en/latest/advanced-usage.html#tls-warnings
  warnings.warn(</msg>
<msg time="2025-09-12T11:33:20.831792" level="INFO">${response} = &lt;Response [200]&gt;</msg>
<var>${response}</var>
<arg>api</arg>
<arg>${PRODUCTS_ENDPOINT}</arg>
<arg>expected_status=any</arg>
<doc>Sends a GET request on a previously created HTTP Session.</doc>
<status status="PASS" start="2025-09-12T11:33:20.447228" elapsed="0.384564"/>
</kw>
<kw name="Should Be Equal As Integers" owner="BuiltIn">
<msg time="2025-09-12T11:33:20.832855" level="INFO">Argument types are:
&lt;class 'int'&gt;
&lt;class 'str'&gt;</msg>
<msg time="2025-09-12T11:33:20.832855" level="FAIL">200 != 401</msg>
<arg>${response.status_code}</arg>
<arg>401</arg>
<doc>Fails if objects are unequal after converting them to integers.</doc>
<status status="FAIL" start="2025-09-12T11:33:20.832855" elapsed="0.000000">200 != 401</status>
</kw>
<kw name="Dictionary Should Contain Value" owner="Collections">
<arg>${response.json()}</arg>
<arg>Token de acesso ausente, inválido, expirado ou usuário do token não existe mais</arg>
<doc>Fails if ``value`` is not found from ``dictionary``.</doc>
<status status="NOT RUN" start="2025-09-12T11:33:20.832855" elapsed="0.000000"/>
</kw>
<doc>Teste de regressão - atualmente falha, pois a API aceita usuários não autenticados listar produtos</doc>
<tag>regressão</tag>
<status status="FAIL" start="2025-09-12T11:33:20.445228" elapsed="0.388612">200 != 401</status>
</test>
<test id="s1-s2-t3" name="GET Listar Produto Por Id Valido Deve Retornar 200" line="27">
<kw name="Criar Sessao" owner="config">
<kw name="Create Session" owner="RequestsLibrary">
<msg time="2025-09-12T11:33:20.835768" level="INFO">Creating Session using : alias=api, url=https://compassuol.serverest.dev, headers={},                     cookies={}, auth=None, timeout=None, proxies=None, verify=False,                     debug=0 </msg>
<arg>api</arg>
<arg>${BASE_URL}</arg>
<arg>verify=False</arg>
<doc>Create Session: create a HTTP session to a server</doc>
<status status="PASS" start="2025-09-12T11:33:20.835768" elapsed="0.000000"/>
</kw>
<status status="PASS" start="2025-09-12T11:33:20.835768" elapsed="0.000000"/>
</kw>
<kw name="GET All Products" owner="products">
<kw name="GET On Session" owner="RequestsLibrary">
<msg time="2025-09-12T11:33:21.250033" level="INFO">GET Request : url=https://compassuol.serverest.dev/produtos 
 path_url=/produtos 
 headers={'User-Agent': 'python-requests/2.32.3', 'Accept-Encoding': 'gzip, deflate', 'Accept': '*/*', 'Connection': 'keep-alive'} 
 body=None 
 </msg>
<msg time="2025-09-12T11:33:21.250033" level="INFO">GET Response : url=https://compassuol.serverest.dev/produtos 
 status=200, reason=OK 
 headers={'access-control-allow-origin': '*', 'x-dns-prefetch-control': 'off', 'x-frame-options': 'SAMEORIGIN', 'strict-transport-security': 'max-age=15552000; includeSubDomains', 'x-download-options': 'noopen', 'x-content-type-options': 'nosniff', 'x-xss-protection': '1; mode=block', 'content-type': 'application/json; charset=utf-8', 'x-cloud-trace-context': 'bb6ee5b9c606e47193102d621ed2ee57', 'date': 'Fri, 12 Sep 2025 14:33:22 GMT', 'server': 'Google Frontend', 'Content-Length': '10325'} 
 body={
    "quantidade": 53,
    "produtos": [
        {
            "nome": "Libero possimus.",
            "preco": 470,
            "descricao": "Mouse",
            "quantidade": 381,
            "_id": "1axEfxZdCz4kxzG8"
        },
        {
            "nome": "physical",
            "preco": 100,
            "descricao": "Produto automatizado",
            "quantidade": 10,
            "_id": "4XK90X4E14C58epI"
        },
        {
            "nome": "EbzQQV",
            "preco": 10,
            "descricao": "x",
            "quantidade": 1,
            "_id": "4byfeIgnr5qXrGtd"
        },
        {
            "nome": "mVkuox",
            "preco": 10,
            "descricao": "x",
            "quantidade": 1,
            "_id": "4yrIqrjUUE7Zetzr"
        },
        {
            "nome": "Repudiandae at.",
            "preco": 470,
            "descricao": "Mouse",
            "quantidade": 381,
            "_id": "52JYLmyR38yTC4Nk"
        },
        {
            "nome": "ProdutoNovoPUT",
            "preco": 700,
            "descricao": "Criado via PUT",
            "quantidade": 12,
            "_id": "7dtI7AoLbsIWmv2j"
        },
        {
            "nome": "IeTIyf",
            "preco": 10,
            "descricao": "x",
            "quantidade": 1,
            "_id": "8oglcN9WJcnUFEim"
        },
        {
            "nome": "Logitech MX Vertical",
            "preco": 470,
            "descricao": "Mouse",
            "quantidade": 381,
            "_id": "BeeJh5lz3k6kSIzA"
        },
        {
            "nome": "Nam architecto harum adipisci.",
            "preco": 470,
            "descricao": "Mouse",
            "quantidade": 381,
            "_id": "BqKw9SIHDouS8BYu"
        },
        {
            "nome": "security",
            "preco": 100,
            "descricao": "Produto automatizado",
            "quantidade": 10,
            "_id": "Bqrr338rWwbbh8jC"
        },
        {
            "nome": "Produto PUT Quod deserunt aperiam.",
            "preco": 470,
            "descricao": "Mouse",
            "quantidade": 381,
            "_id": "GtJV0siGGflkbAPe"
        },
        {
            "nome": "Natus suscipit fugit.",
            "preco": 470,
            "descricao": "Mouse",
            "quantidade": 381,
            "_id": "IedXN6McQRJGkYT6"
        },
        {
            "nome": "perform",
            "preco": 100,
            "descricao": "Produto automatizado",
            "quantidade": 10,
            "_id": "J2LQgkU0HDQNbein"
        },
        {
            "nome": "eVAGjM",
            "preco": 10,
            "descricao": "x",
            "quantidade": 1,
            "_id": "JjHcs6KraQLNYO9t"
        },
        {
            "nome": "Samsung 60 polegadas",
            "preco": 5240,
            "descricao": "TV",
            "quantidade": 49974,
            "_id": "K6leHdftCeOJj8BJ"
        },
        {
            "nome": "citizen",
            "preco": 200,
            "descricao": "Produto Original",
            "quantidade": 4,
            "_id": "LGvIbpoxGQ3w4DdK"
        },
        {
            "nome": "DSoDzR",
            "preco": 10,
            "descricao": "x",
            "quantidade": 1,
            "_id": "N7V3IOxo0DKiHJVu"
        },
        {
            "nome": "east",
            "preco": 100,
            "descricao": "Produto automatizado",
            "quantidade": 10,
            "_id": "O0AHPuqJajTdjATJ"
        },
        {
            "nome": "Tempora quisquam aliquam enim.",
            "preco": 470,
            "descricao": "Mouse",
            "quantidade": 381,
            "_id": "OWxYlOcpQit16bx6"
        },
        {
            "nome": "Produto Delete",
            "preco": 99,
            "descricao": "Produto para excluir",
            "quantidade": 2,
            "_id": "PCqsjVcZOiluI3BW"
        },
        {
            "nome": "Produto PUT Impedit nulla.",
            "preco": 470,
            "descricao": "Mouse",
            "quantidade": 381,
            "_id": "Pnx64aJFxAN2ef4M"
        },
        {
            "nome": "some",
            "preco": 300,
            "descricao": "Produto Segundo",
            "quantidade": 6,
            "_id": "PsnmPc6nJTUtvIzj"
        },
        {
            "nome": "laborum - Editado",
            "descricao": "Cumque repellat possimus enim illum. - Editado",
            "preco": 2054,
            "quantidade": 63,
            "_id": "PvjPVXQFxrwuO2Ui"
        },
        {
            "nome": "plant",
            "preco": 1000,
            "descricao": "Produto Duplicado",
            "quantidade": 5,
            "_id": "QU7tkw0y5xBiux5W"
        },
        {
            "nome": "JrMTTf",
            "preco": 10,
            "descricao": "x",
            "quantidade": 1,
            "_id": "RB7zUlwhVbknkorp"
        },
        {
            "nome": "Fuga sint eum.",
            "preco": 470,
            "descricao": "Mouse",
            "quantidade": 381,
            "_id": "TcXdSog2p5rYmLrF"
        },
        {
            "nome": "only",
            "preco": 100,
            "descricao": "Produto automatizado",
            "quantidade": 10,
            "_id": "U0dhZbcsznSUd53L"
        },
        {
            "nome": "Produto PUT Sapiente aliquid.",
            "preco": 470,
            "descricao": "Mouse",
            "quantidade": 381,
            "_id": "V7cvsgrOGkXUXmV0"
        },
        {
            "nome": "Nam cum laudantium vel.",
            "preco": 470,
            "descricao": "Mouse",
            "quantidade": 381,
            "_id": "VCTwa7zwTmwYf3Pt"
        },
        {
            "nome": "iste",
            "descricao": "Harum eum nihil qui consequuntur aperiam molestias.",
            "preco": 4734,
            "quantidade": 50,
            "_id": "ZqVG5ggrejacky2q"
        },
        {
            "nome": "sing",
            "preco": 100,
            "descricao": "Produto automatizado",
            "quantidade": 10,
            "_id": "ZtdMLQDygttKutiz"
        },
        {
            "nome": "corporis",
            "descricao": "Earum dolorem blanditiis nihil rerum sequi.",
            "preco": 6695,
            "quantidade": 71,
            "_id": "bYaO4r6RNZXsF8Sy"
        },
        {
            "nome": "role",
            "preco": 100,
            "descricao": "Produto automatizado",
            "quantidade": 10,
            "_id": "dKSe5Ir4TvmsSse5"
        },
        {
            "nome": "Cupiditate eaque.",
            "preco": 470,
            "descricao": "Mouse",
            "quantidade": 381,
            "_id": "dMPZyjMXStp9985A"
        },
        {
            "nome": "jzLOwH",
            "preco": 10,
            "descricao": "x",
            "quantidade": 1,
            "_id": "dSAfQBO9ARB1n0kl"
        },
        {
            "nome": "himself",
            "preco": 100,
            "descricao": "Produto automatizado",
            "quantidade": 10,
            "_id": "fvuN8E7SCSXke8ca"
        },
        {
            "nome": "Voluptas blanditiis laboriosam nihil dicta.",
            "preco": 500,
            "descricao": "Produto Base",
            "quantidade": 99,
            "_id": "gldHiF04Mz19lsJc"
        },
        {
            "nome": "Produto PUT Autem placeat facere.",
            "preco": 470,
            "descricao": "Mouse",
            "quantidade": 381,
            "_id": "hG43nsHk3Yad6xKe"
        },
        {
            "nome": "Produto PUT Maxime facere.",
            "preco": 470,
            "descricao": "Mouse",
            "quantidade": 381,
            "_id": "haQT3au9gQHuvoox"
        },
        {
            "nome": "nTEUpm",
            "preco": 10,
            "descricao": "x",
            "quantidade": 1,
            "_id": "j5R78UkhtrQxvJje"
        },
        {
            "nome": "water",
            "preco": 100,
            "descricao": "Produto automatizado",
            "quantidade": 10,
            "_id": "jX96jMnfl611iPw7"
        },
        {
            "nome": "popular",
            "preco": 500,
            "descricao": "Produto Teste",
            "quantidade": 10,
            "_id": "kGtOkBfnKO5SqjqJ"
        },
        {
            "nome": "officiis - Editado",
            "descricao": "Dicta commodi ipsam veritatis. - Editado",
            "preco": 4397,
            "quantidade": 80,
            "_id": "lKY6Dor6YcdOo9LC"
        },
        {
            "nome": "respond",
            "preco": 100,
            "descricao": "Produto automatizado",
            "quantidade": 10,
            "_id": "mSoL7G9tkGQrbb0U"
        },
        {
            "nome": "ProdutoAtualizado",
            "preco": 600,
            "descricao": "Produto Atualizado Desc",
            "quantidade": 10,
            "_id": "oNFYdON1ikU2cBrq"
        },
        {
            "nome": "Sapiente eius porro ipsum.",
            "preco": 500,
            "descricao": "Produto Base",
            "quantidade": 99,
            "_id": "odUWI9bichJyL816"
        },
        {
            "nome": "mLoWZu",
            "preco": 10,
            "descricao": "x",
            "quantidade": 1,
            "_id": "sJCnjXRNgpCVKJfp"
        },
        {
            "nome": "Pariatur quaerat laudantium.",
            "preco": 500,
            "descricao": "Produto Base",
            "quantidade": 99,
            "_id": "sursi5KRAK9rpH2d"
        },
        {
            "nome": "trip",
            "preco": 100,
            "descricao": "Produto automatizado",
            "quantidade": 10,
            "_id": "uNjv2bgIygV3xsMB"
        },
        {
            "nome": "prcnJk",
            "preco": 10,
            "descricao": "x",
            "quantidade": 1,
            "_id": "w8ngWevJhy8Wlzu0"
        },
        {
            "nome": "big",
            "preco": 100,
            "descricao": "Produto automatizado",
            "quantidade": 10,
            "_id": "yiqomLLsFg1ABg6p"
        },
        {
            "nome": "QacLZl",
     ... (set the log level to DEBUG or TRACE to see the full content) 
 </msg>
<msg time="2025-09-12T11:33:21.250033" level="INFO">C:\Users\Julliely\AppData\Local\Programs\Python\Python312\Lib\site-packages\urllib3\connectionpool.py:1097: InsecureRequestWarning: Unverified HTTPS request is being made to host 'compassuol.serverest.dev'. Adding certificate verification is strongly advised. See: https://urllib3.readthedocs.io/en/latest/advanced-usage.html#tls-warnings
  warnings.warn(</msg>
<msg time="2025-09-12T11:33:21.251033" level="INFO">${response} = &lt;Response [200]&gt;</msg>
<var>${response}</var>
<arg>api</arg>
<arg>${PRODUCTS_ENDPOINT}</arg>
<arg>expected_status=any</arg>
<doc>Sends a GET request on a previously created HTTP Session.</doc>
<status status="PASS" start="2025-09-12T11:33:20.836824" elapsed="0.414209"/>
</kw>
<return>
<value>${response}</value>
<status status="PASS" start="2025-09-12T11:33:21.251033" elapsed="0.000000"/>
</return>
<msg time="2025-09-12T11:33:21.251033" level="INFO">${all_products} = &lt;Response [200]&gt;</msg>
<var>${all_products}</var>
<status status="PASS" start="2025-09-12T11:33:20.835768" elapsed="0.415265"/>
</kw>
<kw name="Set Variable" owner="BuiltIn">
<msg time="2025-09-12T11:33:21.252076" level="INFO">${id} = 1axEfxZdCz4kxzG8</msg>
<var>${id}</var>
<arg>${all_products.json()["produtos"][0]["_id"]}</arg>
<doc>Returns the given values which can then be assigned to a variables.</doc>
<status status="PASS" start="2025-09-12T11:33:21.252076" elapsed="0.000000"/>
</kw>
<kw name="GET Product By Id" owner="products">
<kw name="GET On Session" owner="RequestsLibrary">
<msg time="2025-09-12T11:33:21.437023" level="INFO">GET Request : url=https://compassuol.serverest.dev/produtos/1axEfxZdCz4kxzG8 
 path_url=/produtos/1axEfxZdCz4kxzG8 
 headers={'User-Agent': 'python-requests/2.32.3', 'Accept-Encoding': 'gzip, deflate', 'Accept': '*/*', 'Connection': 'keep-alive'} 
 body=None 
 </msg>
<msg time="2025-09-12T11:33:21.438024" level="INFO">GET Response : url=https://compassuol.serverest.dev/produtos/1axEfxZdCz4kxzG8 
 status=200, reason=OK 
 headers={'access-control-allow-origin': '*', 'x-dns-prefetch-control': 'off', 'x-frame-options': 'SAMEORIGIN', 'strict-transport-security': 'max-age=15552000; includeSubDomains', 'x-download-options': 'noopen', 'x-content-type-options': 'nosniff', 'x-xss-protection': '1; mode=block', 'content-type': 'application/json; charset=utf-8', 'x-cloud-trace-context': '0a61df0ff8b7a76093102d621ed2e832', 'date': 'Fri, 12 Sep 2025 14:33:22 GMT', 'server': 'Google Frontend', 'Content-Length': '132'} 
 body={
    "nome": "Libero possimus.",
    "preco": 470,
    "descricao": "Mouse",
    "quantidade": 381,
    "_id": "1axEfxZdCz4kxzG8"
} 
 </msg>
<msg time="2025-09-12T11:33:21.438024" level="INFO">C:\Users\Julliely\AppData\Local\Programs\Python\Python312\Lib\site-packages\urllib3\connectionpool.py:1097: InsecureRequestWarning: Unverified HTTPS request is being made to host 'compassuol.serverest.dev'. Adding certificate verification is strongly advised. See: https://urllib3.readthedocs.io/en/latest/advanced-usage.html#tls-warnings
  warnings.warn(</msg>
<msg time="2025-09-12T11:33:21.438278" level="INFO">${response} = &lt;Response [200]&gt;</msg>
<var>${response}</var>
<arg>api</arg>
<arg>${PRODUCTS_ENDPOINT}/${product_id}</arg>
<arg>expected_status=any</arg>
<doc>Sends a GET request on a previously created HTTP Session.</doc>
<status status="PASS" start="2025-09-12T11:33:21.252076" elapsed="0.186202"/>
</kw>
<return>
<value>${response}</value>
<status status="PASS" start="2025-09-12T11:33:21.438278" elapsed="0.000000"/>
</return>
<msg time="2025-09-12T11:33:21.438278" level="INFO">${response} = &lt;Response [200]&gt;</msg>
<var>${response}</var>
<arg>${id}</arg>
<status status="PASS" start="2025-09-12T11:33:21.252076" elapsed="0.186202"/>
</kw>
<kw name="Should Be Equal As Integers" owner="BuiltIn">
<msg time="2025-09-12T11:33:21.439333" level="INFO">Argument types are:
&lt;class 'int'&gt;
&lt;class 'str'&gt;</msg>
<arg>${response.status_code}</arg>
<arg>200</arg>
<doc>Fails if objects are unequal after converting them to integers.</doc>
<status status="PASS" start="2025-09-12T11:33:21.439333" elapsed="0.000000"/>
</kw>
<kw name="Dictionary Should Contain Key" owner="Collections">
<arg>${response.json()}</arg>
<arg>nome</arg>
<doc>Fails if ``key`` is not found from ``dictionary``.</doc>
<status status="PASS" start="2025-09-12T11:33:21.440296" elapsed="0.000000"/>
</kw>
<kw name="Dictionary Should Contain Key" owner="Collections">
<arg>${response.json()}</arg>
<arg>preco</arg>
<doc>Fails if ``key`` is not found from ``dictionary``.</doc>
<status status="PASS" start="2025-09-12T11:33:21.441295" elapsed="0.000000"/>
</kw>
<kw name="Dictionary Should Contain Key" owner="Collections">
<arg>${response.json()}</arg>
<arg>descricao</arg>
<doc>Fails if ``key`` is not found from ``dictionary``.</doc>
<status status="PASS" start="2025-09-12T11:33:21.441295" elapsed="0.000000"/>
</kw>
<kw name="Dictionary Should Contain Key" owner="Collections">
<arg>${response.json()}</arg>
<arg>quantidade</arg>
<doc>Fails if ``key`` is not found from ``dictionary``.</doc>
<status status="PASS" start="2025-09-12T11:33:21.442367" elapsed="0.000000"/>
</kw>
<kw name="Dictionary Should Contain Key" owner="Collections">
<arg>${response.json()}</arg>
<arg>_id</arg>
<doc>Fails if ``key`` is not found from ``dictionary``.</doc>
<status status="PASS" start="2025-09-12T11:33:21.442367" elapsed="0.000963"/>
</kw>
<status status="PASS" start="2025-09-12T11:33:20.835224" elapsed="0.608106"/>
</test>
<test id="s1-s2-t4" name="GET Listar Produto Por Id Inexistente Deve Retornar 400" line="40">
<kw name="Criar Sessao" owner="config">
<kw name="Create Session" owner="RequestsLibrary">
<msg time="2025-09-12T11:33:21.446040" level="INFO">Creating Session using : alias=api, url=https://compassuol.serverest.dev, headers={},                     cookies={}, auth=None, timeout=None, proxies=None, verify=False,                     debug=0 </msg>
<arg>api</arg>
<arg>${BASE_URL}</arg>
<arg>verify=False</arg>
<doc>Create Session: create a HTTP session to a server</doc>
<status status="PASS" start="2025-09-12T11:33:21.446040" elapsed="0.000000"/>
</kw>
<status status="PASS" start="2025-09-12T11:33:21.445052" elapsed="0.000988"/>
</kw>
<kw name="GET Product By Id" owner="products">
<kw name="GET On Session" owner="RequestsLibrary">
<msg time="2025-09-12T11:33:21.848486" level="INFO">GET Request : url=https://compassuol.serverest.dev/produtos/id_invalido_123 
 path_url=/produtos/id_invalido_123 
 headers={'User-Agent': 'python-requests/2.32.3', 'Accept-Encoding': 'gzip, deflate', 'Accept': '*/*', 'Connection': 'keep-alive'} 
 body=None 
 </msg>
<msg time="2025-09-12T11:33:21.849491" level="INFO">GET Response : url=https://compassuol.serverest.dev/produtos/id_invalido_123 
 status=400, reason=Bad Request 
 headers={'access-control-allow-origin': '*', 'x-dns-prefetch-control': 'off', 'x-frame-options': 'SAMEORIGIN', 'strict-transport-security': 'max-age=15552000; includeSubDomains', 'x-download-options': 'noopen', 'x-content-type-options': 'nosniff', 'x-xss-protection': '1; mode=block', 'content-type': 'application/json; charset=utf-8', 'x-cloud-trace-context': 'b6868fba346b9338839ae82e50c3b2ba', 'date': 'Fri, 12 Sep 2025 14:33:22 GMT', 'server': 'Google Frontend', 'Content-Length': '67'} 
 body={
    "id": "id deve ter exatamente 16 caracteres alfanuméricos"
} 
 </msg>
<msg time="2025-09-12T11:33:21.849491" level="INFO">C:\Users\Julliely\AppData\Local\Programs\Python\Python312\Lib\site-packages\urllib3\connectionpool.py:1097: InsecureRequestWarning: Unverified HTTPS request is being made to host 'compassuol.serverest.dev'. Adding certificate verification is strongly advised. See: https://urllib3.readthedocs.io/en/latest/advanced-usage.html#tls-warnings
  warnings.warn(</msg>
<msg time="2025-09-12T11:33:21.849491" level="INFO">${response} = &lt;Response [400]&gt;</msg>
<var>${response}</var>
<arg>api</arg>
<arg>${PRODUCTS_ENDPOINT}/${product_id}</arg>
<arg>expected_status=any</arg>
<doc>Sends a GET request on a previously created HTTP Session.</doc>
<status status="PASS" start="2025-09-12T11:33:21.447044" elapsed="0.402447"/>
</kw>
<return>
<value>${response}</value>
<status status="PASS" start="2025-09-12T11:33:21.849491" elapsed="0.001000"/>
</return>
<msg time="2025-09-12T11:33:21.850491" level="INFO">${response} = &lt;Response [400]&gt;</msg>
<var>${response}</var>
<arg>id_invalido_123</arg>
<status status="PASS" start="2025-09-12T11:33:21.447044" elapsed="0.403447"/>
</kw>
<kw name="Should Be Equal As Integers" owner="BuiltIn">
<msg time="2025-09-12T11:33:21.850491" level="INFO">Argument types are:
&lt;class 'int'&gt;
&lt;class 'str'&gt;</msg>
<arg>${response.status_code}</arg>
<arg>400</arg>
<doc>Fails if objects are unequal after converting them to integers.</doc>
<status status="PASS" start="2025-09-12T11:33:21.850491" elapsed="0.000000"/>
</kw>
<kw name="Dictionary Should Contain Key" owner="Collections">
<arg>${response.json()}</arg>
<arg>id</arg>
<doc>Fails if ``key`` is not found from ``dictionary``.</doc>
<status status="PASS" start="2025-09-12T11:33:21.851492" elapsed="0.000998"/>
</kw>
<kw name="Should Be Equal As Strings" owner="BuiltIn">
<arg>${response.json()["id"]}</arg>
<arg>id deve ter exatamente 16 caracteres alfanuméricos</arg>
<doc>Fails if objects are unequal after converting them to strings.</doc>
<status status="PASS" start="2025-09-12T11:33:21.852490" elapsed="0.000000"/>
</kw>
<status status="PASS" start="2025-09-12T11:33:21.444512" elapsed="0.409217"/>
</test>
<test id="s1-s2-t5" name="POST Produto Valido Deve Retornar 201" line="48">
<kw name="Criar Sessao" owner="config">
<kw name="Create Session" owner="RequestsLibrary">
<msg time="2025-09-12T11:33:21.854730" level="INFO">Creating Session using : alias=api, url=https://compassuol.serverest.dev, headers={},                     cookies={}, auth=None, timeout=None, proxies=None, verify=False,                     debug=0 </msg>
<arg>api</arg>
<arg>${BASE_URL}</arg>
<arg>verify=False</arg>
<doc>Create Session: create a HTTP session to a server</doc>
<status status="PASS" start="2025-09-12T11:33:21.854730" elapsed="0.000000"/>
</kw>
<status status="PASS" start="2025-09-12T11:33:21.854730" elapsed="0.000000"/>
</kw>
<kw name="Email" owner="FakerLibrary">
<msg time="2025-09-12T11:33:21.855731" level="INFO">${email} = rholt@example.net</msg>
<var>${email}</var>
<status status="PASS" start="2025-09-12T11:33:21.855731" elapsed="0.000000"/>
</kw>
<kw name="POST Usuario" owner="users">
<kw name="Create Dictionary" owner="BuiltIn">
<msg time="2025-09-12T11:33:21.856731" level="INFO">${body} = {'nome': 'Admin Produtos', 'email': 'rholt@example.net', 'password': 'senha123', 'administrador': 'true'}</msg>
<var>${body}</var>
<arg>nome=${nome}</arg>
<arg>email=${email}</arg>
<arg>password=${senha}</arg>
<arg>administrador=${admin}</arg>
<doc>Creates and returns a dictionary based on the given ``items``.</doc>
<status status="PASS" start="2025-09-12T11:33:21.856731" elapsed="0.000000"/>
</kw>
<kw name="POST On Session" owner="RequestsLibrary">
<msg time="2025-09-12T11:33:22.255378" level="INFO">POST Request : url=https://compassuol.serverest.dev/usuarios 
 path_url=/usuarios 
 headers={'User-Agent': 'python-requests/2.32.3', 'Accept-Encoding': 'gzip, deflate', 'Accept': '*/*', 'Connection': 'keep-alive', 'Content-Length': '105', 'Content-Type': 'application/json'} 
 body=b'{"nome": "Admin Produtos", "email": "rholt@example.net", "password": "senha123", "administrador": "true"}' 
 </msg>
<msg time="2025-09-12T11:33:22.255378" level="INFO">POST Response : url=https://compassuol.serverest.dev/usuarios 
 status=201, reason=Created 
 headers={'access-control-allow-origin': '*', 'x-dns-prefetch-control': 'off', 'x-frame-options': 'SAMEORIGIN', 'strict-transport-security': 'max-age=15552000; includeSubDomains', 'x-download-options': 'noopen', 'x-content-type-options': 'nosniff', 'x-xss-protection': '1; mode=block', 'content-type': 'application/json; charset=utf-8', 'x-cloud-trace-context': 'b4f787a0a11f2f787511407091d3c798', 'date': 'Fri, 12 Sep 2025 14:33:23 GMT', 'server': 'Google Frontend', 'Content-Length': '82'} 
 body={
    "message": "Cadastro realizado com sucesso",
    "_id": "W3XnHnS4w0wYeOCX"
} 
 </msg>
<msg time="2025-09-12T11:33:22.255378" level="INFO">C:\Users\Julliely\AppData\Local\Programs\Python\Python312\Lib\site-packages\urllib3\connectionpool.py:1097: InsecureRequestWarning: Unverified HTTPS request is being made to host 'compassuol.serverest.dev'. Adding certificate verification is strongly advised. See: https://urllib3.readthedocs.io/en/latest/advanced-usage.html#tls-warnings
  warnings.warn(</msg>
<msg time="2025-09-12T11:33:22.256456" level="INFO">${response} = &lt;Response [201]&gt;</msg>
<var>${response}</var>
<arg>api</arg>
<arg>${USERS_ENDPOINT}</arg>
<arg>json=${body}</arg>
<arg>expected_status=any</arg>
<doc>Sends a POST request on a previously created HTTP Session.</doc>
<status status="PASS" start="2025-09-12T11:33:21.856731" elapsed="0.399725"/>
</kw>
<return>
<value>${response}</value>
<status status="PASS" start="2025-09-12T11:33:22.256456" elapsed="0.000000"/>
</return>
<msg time="2025-09-12T11:33:22.257392" level="INFO">${response_user} = &lt;Response [201]&gt;</msg>
<var>${response_user}</var>
<arg>Admin Produtos</arg>
<arg>${email}</arg>
<arg>senha123</arg>
<arg>true</arg>
<status status="PASS" start="2025-09-12T11:33:21.856731" elapsed="0.400661"/>
</kw>
<kw name="Should Be Equal As Integers" owner="BuiltIn">
<msg time="2025-09-12T11:33:22.257392" level="INFO">Argument types are:
&lt;class 'int'&gt;
&lt;class 'str'&gt;</msg>
<arg>${response_user.status_code}</arg>
<arg>201</arg>
<doc>Fails if objects are unequal after converting them to integers.</doc>
<status status="PASS" start="2025-09-12T11:33:22.257392" elapsed="0.000000"/>
</kw>
<kw name="POST Login" owner="login">
<kw name="Create Dictionary" owner="BuiltIn">
<msg time="2025-09-12T11:33:22.259394" level="INFO">${body} = {'email': 'rholt@example.net', 'password': 'senha123'}</msg>
<var>${body}</var>
<arg>email=${email}</arg>
<arg>password=${password}</arg>
<doc>Creates and returns a dictionary based on the given ``items``.</doc>
<status status="PASS" start="2025-09-12T11:33:22.259394" elapsed="0.000000"/>
</kw>
<kw name="POST On Session" owner="RequestsLibrary">
<msg time="2025-09-12T11:33:22.450275" level="INFO">POST Request : url=https://compassuol.serverest.dev/login 
 path_url=/login 
 headers={'User-Agent': 'python-requests/2.32.3', 'Accept-Encoding': 'gzip, deflate', 'Accept': '*/*', 'Connection': 'keep-alive', 'Content-Length': '54', 'Content-Type': 'application/json'} 
 body=b'{"email": "rholt@example.net", "password": "senha123"}' 
 </msg>
[...]
<return>
<value>${response}</value>
<status status="PASS" start="2025-09-12T11:33:38.685928" elapsed="0.000000"/>
</return>
<msg time="2025-09-12T11:33:38.685928" level="INFO">${response_delete} = &lt;Response [200]&gt;</msg>
<var>${response_delete}</var>
<arg>${id}</arg>
<status status="PASS" start="2025-09-12T11:33:38.480169" elapsed="0.205759"/>
</kw>
<kw name="Should Be Equal As Integers" owner="BuiltIn">
<msg time="2025-09-12T11:33:38.686969" level="INFO">Argument types are:
&lt;class 'int'&gt;
&lt;class 'str'&gt;</msg>
<arg>${response_delete.status_code}</arg>
<arg>200</arg>
<doc>Fails if objects are unequal after converting them to integers.</doc>
<status status="PASS" start="2025-09-12T11:33:38.686969" elapsed="0.000000"/>
</kw>
<kw name="Dictionary Should Contain Value" owner="Collections">
<arg>${response_delete.json()}</arg>
<arg>Registro excluído com sucesso</arg>
<doc>Fails if ``value`` is not found from ``dictionary``.</doc>
<status status="PASS" start="2025-09-12T11:33:38.686969" elapsed="0.000999"/>
</kw>
<status status="PASS" start="2025-09-12T11:33:38.072192" elapsed="0.615776"/>
</test>
<test id="s1-s3-t16" name="DELETE Usuario Inexistente Deve Retornar 200 Sem Excluir" line="143">
<kw name="Criar Sessao" owner="config">
<kw name="Create Session" owner="RequestsLibrary">
<msg time="2025-09-12T11:33:38.688942" level="INFO">Creating Session using : alias=api, url=https://compassuol.serverest.dev, headers={},                     cookies={}, auth=None, timeout=None, proxies=None, verify=False,                     debug=0 </msg>
<arg>api</arg>
<arg>${BASE_URL}</arg>
<arg>verify=False</arg>
<doc>Create Session: create a HTTP session to a server</doc>
<status status="PASS" start="2025-09-12T11:33:38.688942" elapsed="0.001026"/>
</kw>
<status status="PASS" start="2025-09-12T11:33:38.688942" elapsed="0.001026"/>
</kw>
<kw name="DELETE Usuario" owner="users">
<kw name="DELETE On Session" owner="RequestsLibrary">
<msg time="2025-09-12T11:33:39.078467" level="INFO">DELETE Request : url=https://compassuol.serverest.dev/usuarios/id_invalido_123 
 path_url=/usuarios/id_invalido_123 
 headers={'User-Agent': 'python-requests/2.32.3', 'Accept-Encoding': 'gzip, deflate', 'Accept': '*/*', 'Connection': 'keep-alive', 'Content-Length': '0'} 
 body=None 
 </msg>
<msg time="2025-09-12T11:33:39.078467" level="INFO">DELETE Response : url=https://compassuol.serverest.dev/usuarios/id_invalido_123 
 status=200, reason=OK 
 headers={'access-control-allow-origin': '*', 'x-dns-prefetch-control': 'off', 'x-frame-options': 'SAMEORIGIN', 'strict-transport-security': 'max-age=15552000; includeSubDomains', 'x-download-options': 'noopen', 'x-content-type-options': 'nosniff', 'x-xss-protection': '1; mode=block', 'content-type': 'application/json; charset=utf-8', 'x-cloud-trace-context': '001308193d05a083d7d3461f4f287097', 'date': 'Fri, 12 Sep 2025 14:33:39 GMT', 'server': 'Google Frontend', 'Content-Length': '46'} 
 body={
    "message": "Nenhum registro excluído"
} 
 </msg>
<msg time="2025-09-12T11:33:39.078467" level="INFO">C:\Users\Julliely\AppData\Local\Programs\Python\Python312\Lib\site-packages\urllib3\connectionpool.py:1097: InsecureRequestWarning: Unverified HTTPS request is being made to host 'compassuol.serverest.dev'. Adding certificate verification is strongly advised. See: https://urllib3.readthedocs.io/en/latest/advanced-usage.html#tls-warnings
  warnings.warn(</msg>
<msg time="2025-09-12T11:33:39.079522" level="INFO">${response} = &lt;Response [200]&gt;</msg>
<var>${response}</var>
<arg>api</arg>
<arg>${USERS_ENDPOINT}/${user_id}</arg>
<arg>expected_status=any</arg>
<doc>Sends a DELETE request on a previously created HTTP Session.</doc>
<status status="PASS" start="2025-09-12T11:33:38.689968" elapsed="0.390495"/>
</kw>
<return>
<value>${response}</value>
<status status="PASS" start="2025-09-12T11:33:39.080463" elapsed="0.000000"/>
</return>
<msg time="2025-09-12T11:33:39.080463" level="INFO">${response_delete} = &lt;Response [200]&gt;</msg>
<var>${response_delete}</var>
<arg>id_invalido_123</arg>
<status status="PASS" start="2025-09-12T11:33:38.689968" elapsed="0.390495"/>
</kw>
<kw name="Should Be Equal As Integers" owner="BuiltIn">
<msg time="2025-09-12T11:33:39.081465" level="INFO">Argument types are:
&lt;class 'int'&gt;
&lt;class 'str'&gt;</msg>
<arg>${response_delete.status_code}</arg>
<arg>200</arg>
<doc>Fails if objects are unequal after converting them to integers.</doc>
<status status="PASS" start="2025-09-12T11:33:39.080463" elapsed="0.001002"/>
</kw>
<kw name="Dictionary Should Contain Value" owner="Collections">
<arg>${response_delete.json()}</arg>
<arg>Nenhum registro excluído</arg>
<doc>Fails if ``value`` is not found from ``dictionary``.</doc>
<status status="PASS" start="2025-09-12T11:33:39.082463" elapsed="0.000000"/>
</kw>
<status status="PASS" start="2025-09-12T11:33:38.687968" elapsed="0.394495"/>
</test>
<test id="s1-s3-t17" name="DELETE Usuario Ja Excluido Deve Retornar 200 Nenhum Registro" line="149">
<kw name="Criar Sessao" owner="config">
<kw name="Create Session" owner="RequestsLibrary">
<msg time="2025-09-12T11:33:39.085826" level="INFO">Creating Session using : alias=api, url=https://compassuol.serverest.dev, headers={},                     cookies={}, auth=None, timeout=None, proxies=None, verify=False,                     debug=0 </msg>
<arg>api</arg>
<arg>${BASE_URL}</arg>
<arg>verify=False</arg>
<doc>Create Session: create a HTTP session to a server</doc>
<status status="PASS" start="2025-09-12T11:33:39.084824" elapsed="0.001002"/>
</kw>
<status status="PASS" start="2025-09-12T11:33:39.084824" elapsed="0.001002"/>
</kw>
<kw name="Email" owner="FakerLibrary">
<msg time="2025-09-12T11:33:39.086828" level="INFO">${email} = wendy78@example.org</msg>
<var>${email}</var>
<status status="PASS" start="2025-09-12T11:33:39.086828" elapsed="0.000000"/>
</kw>
<kw name="POST Usuario" owner="users">
<kw name="Create Dictionary" owner="BuiltIn">
<msg time="2025-09-12T11:33:39.088823" level="INFO">${body} = {'nome': 'Usuario Delete Again', 'email': 'wendy78@example.org', 'password': 'senha123', 'administrador': 'true'}</msg>
<var>${body}</var>
<arg>nome=${nome}</arg>
<arg>email=${email}</arg>
<arg>password=${senha}</arg>
<arg>administrador=${admin}</arg>
<doc>Creates and returns a dictionary based on the given ``items``.</doc>
<status status="PASS" start="2025-09-12T11:33:39.087826" elapsed="0.000997"/>
</kw>
<kw name="POST On Session" owner="RequestsLibrary">
<msg time="2025-09-12T11:33:39.495626" level="INFO">POST Request : url=https://compassuol.serverest.dev/usuarios 
 path_url=/usuarios 
 headers={'User-Agent': 'python-requests/2.32.3', 'Accept-Encoding': 'gzip, deflate', 'Accept': '*/*', 'Connection': 'keep-alive', 'Content-Length': '113', 'Content-Type': 'application/json'} 
 body=b'{"nome": "Usuario Delete Again", "email": "wendy78@example.org", "password": "senha123", "administrador": "true"}' 
 </msg>
<msg time="2025-09-12T11:33:39.495626" level="INFO">POST Response : url=https://compassuol.serverest.dev/usuarios 
 status=201, reason=Created 
 headers={'access-control-allow-origin': '*', 'x-dns-prefetch-control': 'off', 'x-frame-options': 'SAMEORIGIN', 'strict-transport-security': 'max-age=15552000; includeSubDomains', 'x-download-options': 'noopen', 'x-content-type-options': 'nosniff', 'x-xss-protection': '1; mode=block', 'content-type': 'application/json; charset=utf-8', 'x-cloud-trace-context': 'd02c671786f092cee0298e5f0d55561a', 'date': 'Fri, 12 Sep 2025 14:33:40 GMT', 'server': 'Google Frontend', 'Content-Length': '82'} 
 body={
    "message": "Cadastro realizado com sucesso",
    "_id": "rLSjdbkbx8vKZx0u"
} 
 </msg>
<msg time="2025-09-12T11:33:39.495626" level="INFO">C:\Users\Julliely\AppData\Local\Programs\Python\Python312\Lib\site-packages\urllib3\connectionpool.py:1097: InsecureRequestWarning: Unverified HTTPS request is being made to host 'compassuol.serverest.dev'. Adding certificate verification is strongly advised. See: https://urllib3.readthedocs.io/en/latest/advanced-usage.html#tls-warnings
  warnings.warn(</msg>
<msg time="2025-09-12T11:33:39.496625" level="INFO">${response} = &lt;Response [201]&gt;</msg>
<var>${response}</var>
<arg>api</arg>
<arg>${USERS_ENDPOINT}</arg>
<arg>json=${body}</arg>
<arg>expected_status=any</arg>
<doc>Sends a POST request on a previously created HTTP Session.</doc>
<status status="PASS" start="2025-09-12T11:33:39.088823" elapsed="0.407802"/>
</kw>
<return>
<value>${response}</value>
<status status="PASS" start="2025-09-12T11:33:39.496625" elapsed="0.000000"/>
</return>
<msg time="2025-09-12T11:33:39.496625" level="INFO">${response_criar} = &lt;Response [201]&gt;</msg>
<var>${response_criar}</var>
<arg>Usuario Delete Again</arg>
<arg>${email}</arg>
<arg>senha123</arg>
<arg>true</arg>
<status status="PASS" start="2025-09-12T11:33:39.087826" elapsed="0.408799"/>
</kw>
<kw name="Set Variable" owner="BuiltIn">
<msg time="2025-09-12T11:33:39.497155" level="INFO">${id} = rLSjdbkbx8vKZx0u</msg>
<var>${id}</var>
<arg>${response_criar.json()["_id"]}</arg>
<doc>Returns the given values which can then be assigned to a variables.</doc>
<status status="PASS" start="2025-09-12T11:33:39.497155" elapsed="0.000000"/>
</kw>
<kw name="DELETE Usuario" owner="users">
<kw name="DELETE On Session" owner="RequestsLibrary">
<msg time="2025-09-12T11:33:39.704680" level="INFO">DELETE Request : url=https://compassuol.serverest.dev/usuarios/rLSjdbkbx8vKZx0u 
 path_url=/usuarios/rLSjdbkbx8vKZx0u 
 headers={'User-Agent': 'python-requests/2.32.3', 'Accept-Encoding': 'gzip, deflate', 'Accept': '*/*', 'Connection': 'keep-alive', 'Content-Length': '0'} 
 body=None 
 </msg>
<msg time="2025-09-12T11:33:39.704680" level="INFO">DELETE Response : url=https://compassuol.serverest.dev/usuarios/rLSjdbkbx8vKZx0u 
 status=200, reason=OK 
 headers={'access-control-allow-origin': '*', 'x-dns-prefetch-control': 'off', 'x-frame-options': 'SAMEORIGIN', 'strict-transport-security': 'max-age=15552000; includeSubDomains', 'x-download-options': 'noopen', 'x-content-type-options': 'nosniff', 'x-xss-protection': '1; mode=block', 'content-type': 'application/json; charset=utf-8', 'x-cloud-trace-context': '31a0a583549c598de0298e5f0d555dde', 'date': 'Fri, 12 Sep 2025 14:33:40 GMT', 'server': 'Google Frontend', 'Content-Length': '51'} 
 body={
    "message": "Registro excluído com sucesso"
} 
 </msg>
<msg time="2025-09-12T11:33:39.705695" level="INFO">C:\Users\Julliely\AppData\Local\Programs\Python\Python312\Lib\site-packages\urllib3\connectionpool.py:1097: InsecureRequestWarning: Unverified HTTPS request is being made to host 'compassuol.serverest.dev'. Adding certificate verification is strongly advised. See: https://urllib3.readthedocs.io/en/latest/advanced-usage.html#tls-warnings
  warnings.warn(</msg>
<msg time="2025-09-12T11:33:39.705695" level="INFO">${response} = &lt;Response [200]&gt;</msg>
<var>${response}</var>
<arg>api</arg>
<arg>${USERS_ENDPOINT}/${user_id}</arg>
<arg>expected_status=any</arg>
<doc>Sends a DELETE request on a previously created HTTP Session.</doc>
<status status="PASS" start="2025-09-12T11:33:39.498214" elapsed="0.207481"/>
</kw>
<return>
<value>${response}</value>
<status status="PASS" start="2025-09-12T11:33:39.705695" elapsed="0.000000"/>
</return>
<msg time="2025-09-12T11:33:39.706681" level="INFO">${response_delete_1} = &lt;Response [200]&gt;</msg>
<var>${response_delete_1}</var>
<arg>${id}</arg>
<status status="PASS" start="2025-09-12T11:33:39.497155" elapsed="0.209526"/>
</kw>
<kw name="Should Be Equal As Integers" owner="BuiltIn">
<msg time="2025-09-12T11:33:39.706681" level="INFO">Argument types are:
&lt;class 'int'&gt;
&lt;class 'str'&gt;</msg>
<arg>${response_delete_1.status_code}</arg>
<arg>200</arg>
<doc>Fails if objects are unequal after converting them to integers.</doc>
<status status="PASS" start="2025-09-12T11:33:39.706681" elapsed="0.000000"/>
</kw>
<kw name="Dictionary Should Contain Value" owner="Collections">
<arg>${response_delete_1.json()}</arg>
<arg>Registro excluído com sucesso</arg>
<doc>Fails if ``value`` is not found from ``dictionary``.</doc>
<status status="PASS" start="2025-09-12T11:33:39.706681" elapsed="0.000997"/>
</kw>
<kw name="DELETE Usuario" owner="users">
<kw name="DELETE On Session" owner="RequestsLibrary">
<msg time="2025-09-12T11:33:39.907671" level="INFO">DELETE Request : url=https://compassuol.serverest.dev/usuarios/rLSjdbkbx8vKZx0u 
 path_url=/usuarios/rLSjdbkbx8vKZx0u 
 headers={'User-Agent': 'python-requests/2.32.3', 'Accept-Encoding': 'gzip, deflate', 'Accept': '*/*', 'Connection': 'keep-alive', 'Content-Length': '0'} 
 body=None 
 </msg>
<msg time="2025-09-12T11:33:39.907671" level="INFO">DELETE Response : url=https://compassuol.serverest.dev/usuarios/rLSjdbkbx8vKZx0u 
 status=200, reason=OK 
 headers={'access-control-allow-origin': '*', 'x-dns-prefetch-control': 'off', 'x-frame-options': 'SAMEORIGIN', 'strict-transport-security': 'max-age=15552000; includeSubDomains', 'x-download-options': 'noopen', 'x-content-type-options': 'nosniff', 'x-xss-protection': '1; mode=block', 'content-type': 'application/json; charset=utf-8', 'x-cloud-trace-context': 'd9afe7e7394bdd41e0298e5f0d5556d4', 'date': 'Fri, 12 Sep 2025 14:33:40 GMT', 'server': 'Google Frontend', 'Content-Length': '46'} 
 body={
    "message": "Nenhum registro excluído"
} 
 </msg>
<msg time="2025-09-12T11:33:39.907671" level="INFO">C:\Users\Julliely\AppData\Local\Programs\Python\Python312\Lib\site-packages\urllib3\connectionpool.py:1097: InsecureRequestWarning: Unverified HTTPS request is being made to host 'compassuol.serverest.dev'. Adding certificate verification is strongly advised. See: https://urllib3.readthedocs.io/en/latest/advanced-usage.html#tls-warnings
  warnings.warn(</msg>
<msg time="2025-09-12T11:33:39.908705" level="INFO">${response} = &lt;Response [200]&gt;</msg>
<var>${response}</var>
<arg>api</arg>
<arg>${USERS_ENDPOINT}/${user_id}</arg>
<arg>expected_status=any</arg>
<doc>Sends a DELETE request on a previously created HTTP Session.</doc>
<status status="PASS" start="2025-09-12T11:33:39.707678" elapsed="0.201027"/>
</kw>
<return>
<value>${response}</value>
<status status="PASS" start="2025-09-12T11:33:39.908705" elapsed="0.000000"/>
</return>
<msg time="2025-09-12T11:33:39.909669" level="INFO">${response_delete_2} = &lt;Response [200]&gt;</msg>
<var>${response_delete_2}</var>
<arg>${id}</arg>
<status status="PASS" start="2025-09-12T11:33:39.707678" elapsed="0.201991"/>
</kw>
<kw name="Should Be Equal As Integers" owner="BuiltIn">
<msg time="2025-09-12T11:33:39.910669" level="INFO">Argument types are:
&lt;class 'int'&gt;
&lt;class 'str'&gt;</msg>
<arg>${response_delete_2.status_code}</arg>
<arg>200</arg>
<doc>Fails if objects are unequal after converting them to integers.</doc>
<status status="PASS" start="2025-09-12T11:33:39.909669" elapsed="0.001000"/>
</kw>
<kw name="Dictionary Should Contain Value" owner="Collections">
<arg>${response_delete_2.json()}</arg>
<arg>Nenhum registro excluído</arg>
<doc>Fails if ``value`` is not found from ``dictionary``.</doc>
<status status="PASS" start="2025-09-12T11:33:39.911670" elapsed="0.001000"/>
</kw>
<status status="PASS" start="2025-09-12T11:33:39.083823" elapsed="0.828847"/>
</test>
<status status="PASS" start="2025-09-12T11:33:31.056803" elapsed="8.857157"/>
</suite>
<status status="FAIL" start="2025-09-12T11:33:17.244243" elapsed="22.671718"/>
</suite>
<statistics>
<total>
<stat pass="32" fail="5" skip="0">All Tests</stat>
</total>
<tag>
<stat pass="4" fail="1" skip="0">regressão</stat>
</tag>
<suite>
<stat name="Tests" id="s1" pass="32" fail="5" skip="0">Tests</stat>
<stat name="Login Tests" id="s1-s1" pass="4" fail="0" skip="0">Tests.Login Tests</stat>
<stat name="Products Test" id="s1-s2" pass="11" fail="5" skip="0">Tests.Products Test</stat>
<stat name="Users Tests" id="s1-s3" pass="17" fail="0" skip="0">Tests.Users Tests</stat>
</suite>
</statistics>
<errors>
<msg time="2025-09-12T11:33:17.288123" level="WARN">Error in file 'C:\Users\Julliely\Desktop\Challenge_03\Challenge_03_tests\resources\users.resource' on line 13: The '[Return]' setting is deprecated. Use the 'RETURN' statement instead.</msg>
<msg time="2025-09-12T11:33:17.288123" level="WARN">Error in file 'C:\Users\Julliely\Desktop\Challenge_03\Challenge_03_tests\resources\users.resource' on line 17: The '[Return]' setting is deprecated. Use the 'RETURN' statement instead.</msg>
<msg time="2025-09-12T11:33:17.288123" level="WARN">Error in file 'C:\Users\Julliely\Desktop\Challenge_03\Challenge_03_tests\resources\users.resource' on line 22: The '[Return]' setting is deprecated. Use the 'RETURN' statement instead.</msg>
<msg time="2025-09-12T11:33:17.288123" level="WARN">Error in file 'C:\Users\Julliely\Desktop\Challenge_03\Challenge_03_tests\resources\users.resource' on line 32: The '[Return]' setting is deprecated. Use the 'RETURN' statement instead.</msg>
<msg time="2025-09-12T11:33:17.289130" level="WARN">Error in file 'C:\Users\Julliely\Desktop\Challenge_03\Challenge_03_tests\resources\users.resource' on line 37: The '[Return]' setting is deprecated. Use the 'RETURN' statement instead.</msg>
<msg time="2025-09-12T11:33:17.289130" level="WARN">Error in file 'C:\Users\Julliely\Desktop\Challenge_03\Challenge_03_tests\resources\users.resource' on line 45: The '[Return]' setting is deprecated. Use the 'RETURN' statement instead.</msg>
<msg time="2025-09-12T11:33:19.987023" level="WARN">Error in file 'C:\Users\Julliely\Desktop\Challenge_03\Challenge_03_tests\resources\products.resource' on line 7: The '[Return]' setting is deprecated. Use the 'RETURN' statement instead.</msg>
<msg time="2025-09-12T11:33:19.989024" level="WARN">Error in file 'C:\Users\Julliely\Desktop\Challenge_03\Challenge_03_tests\resources\products.resource' on line 12: The '[Return]' setting is deprecated. Use the 'RETURN' statement instead.</msg>
<msg time="2025-09-12T11:33:19.989024" level="WARN">Error in file 'C:\Users\Julliely\Desktop\Challenge_03\Challenge_03_tests\resources\products.resource' on line 23: The '[Return]' setting is deprecated. Use the 'RETURN' statement instead.</msg>
<msg time="2025-09-12T11:33:19.990025" level="WARN">Error in file 'C:\Users\Julliely\Desktop\Challenge_03\Challenge_03_tests\resources\products.resource' on line 34: The '[Return]' setting is deprecated. Use the 'RETURN' statement instead.</msg>
<msg time="2025-09-12T11:33:19.990025" level="WARN">Error in file 'C:\Users\Julliely\Desktop\Challenge_03\Challenge_03_tests\resources\products.resource' on line 40: The '[Return]' setting is deprecated. Use the 'RETURN' statement instead.</msg>
<msg time="2025-09-12T11:33:19.994024" level="WARN">Error in file 'C:\Users\Julliely\Desktop\Challenge_03\Challenge_03_tests\resources\login.resource' on line 15: The '[Return]' setting is deprecated. Use the 'RETURN' statement instead.</msg>
<msg time="2025-09-12T11:33:20.000024" level="WARN">Error in file 'C:\Users\Julliely\Desktop\Challenge_03\Challenge_03_tests\resources\carrinho.resource' on line 13: The '[Return]' setting is deprecated. Use the 'RETURN' statement instead.</msg>
<msg time="2025-09-12T11:33:20.001023" level="WARN">Error in file 'C:\Users\Julliely\Desktop\Challenge_03\Challenge_03_tests\resources\carrinho.resource' on line 19: The '[Return]' setting is deprecated. Use the 'RETURN' statement instead.</msg>
<msg time="2025-09-12T11:33:20.001023" level="WARN">Error in file 'C:\Users\Julliely\Desktop\Challenge_03\Challenge_03_tests\resources\carrinho.resource' on line 25: The '[Return]' setting is deprecated. Use the 'RETURN' statement instead.</msg>
<msg time="2025-09-12T11:33:25.993010" level="WARN">Keyword 'BuiltIn.Run Keyword Unless' is deprecated. </msg>
<msg time="2025-09-12T11:33:27.778533" level="WARN">Keyword 'BuiltIn.Run Keyword Unless' is deprecated. </msg>
<msg time="2025-09-12T11:33:27.997639" level="WARN">Keyword 'BuiltIn.Run Keyword Unless' is deprecated. </msg>
</errors>
</robot>
