<?xml version="1.0" encoding="UTF-8"?>
<robot generator="Robot 7.3.2 (Python 3.12.10 on win32)" generated="2025-09-03T11:27:39.031546" rpa="false" schemaversion="5">
<suite id="s1" name="Tests" source="C:\Users\Julliely\Desktop\PB-CompassUOL\Documentos\restful-booker\tests">
<suite id="s1-s1" name="01 Auth" source="C:\Users\Julliely\Desktop\PB-CompassUOL\Documentos\restful-booker\tests\01_auth.robot">
<kw name="Iniciar Sessao" owner="config" type="SETUP">
<kw name="Create Session" owner="RequestsLibrary">
<msg time="2025-09-03T11:27:39.310461" level="INFO">Creating Session using : alias=restful, url=https://restful-booker.herokuapp.com, headers={},                     cookies={}, auth=None, timeout=None, proxies=None, verify=False,                     debug=0 </msg>
<arg>restful</arg>
<arg>${BASE_URL}</arg>
<arg>verify=${False}</arg>
<doc>Create Session: create a HTTP session to a server</doc>
<status status="PASS" start="2025-09-03T11:27:39.310461" elapsed="0.000000"/>
</kw>
<status status="PASS" start="2025-09-03T11:27:39.310461" elapsed="0.000000"/>
</kw>
<test id="s1-s1-t1" name="Criar Token de Autenticação" line="7">
<kw name="Gerar Token" owner="auth">
<kw name="Create Dictionary" owner="BuiltIn">
<msg time="2025-09-03T11:27:39.311460" level="INFO">${body} = {'username': 'admin', 'password': 'password123'}</msg>
<var>${body}</var>
<arg>username=${USERNAME}</arg>
<arg>password=${PASSWORD}</arg>
<doc>Creates and returns a dictionary based on the given ``items``.</doc>
<status status="PASS" start="2025-09-03T11:27:39.311460" elapsed="0.000000"/>
</kw>
<kw name="POST On Session" owner="RequestsLibrary">
<msg time="2025-09-03T11:27:40.123298" level="INFO">POST Request : url=https://restful-booker.herokuapp.com/auth 
 path_url=/auth 
 headers={'User-Agent': 'python-requests/2.32.3', 'Accept-Encoding': 'gzip, deflate', 'Accept': '*/*', 'Connection': 'keep-alive', 'Content-Length': '48', 'Content-Type': 'application/json'} 
 body=b'{"username": "admin", "password": "password123"}' 
 </msg>
<msg time="2025-09-03T11:27:40.124296" level="INFO">POST Response : url=https://restful-booker.herokuapp.com/auth 
 status=200, reason=OK 
 headers={'Content-Length': '27', 'Content-Type': 'application/json; charset=utf-8', 'Date': 'Wed, 03 Sep 2025 14:27:52 GMT', 'Etag': 'W/"1b-gPYCKEHSsp5hcQkls4SF5UkdvYU"', 'Nel': '{"report_to":"heroku-nel","response_headers":["Via"],"max_age":3600,"success_fraction":0.01,"failure_fraction":0.1}', 'Report-To': '{"group":"heroku-nel","endpoints":[{"url":"https://nel.heroku.com/reports?s=8JzU34yL5GsnTgpkF4tqSkZQu1KGqgOKGGgrP8mCKZ4%3D\\u0026sid=c46efe9b-d3d2-4a0c-8c76-bfafa16c5add\\u0026ts=1756909672"}],"max_age":3600}', 'Reporting-Endpoints': 'heroku-nel="https://nel.heroku.com/reports?s=8JzU34yL5GsnTgpkF4tqSkZQu1KGqgOKGGgrP8mCKZ4%3D&amp;sid=c46efe9b-d3d2-4a0c-8c76-bfafa16c5add&amp;ts=1756909672"', 'Server': 'Heroku', 'Via': '1.1 heroku-router', 'X-Powered-By': 'Express'} 
 body={"token":"06babcafcfc28f1"} 
 </msg>
<msg time="2025-09-03T11:27:40.124296" level="INFO">C:\Users\Julliely\AppData\Local\Programs\Python\Python312\Lib\site-packages\urllib3\connectionpool.py:1097: InsecureRequestWarning: Unverified HTTPS request is being made to host 'restful-booker.herokuapp.com'. Adding certificate verification is strongly advised. See: https://urllib3.readthedocs.io/en/latest/advanced-usage.html#tls-warnings
  warnings.warn(</msg>
<msg time="2025-09-03T11:27:40.125294" level="INFO">${response} = &lt;Response [200]&gt;</msg>
<var>${response}</var>
<arg>restful</arg>
<arg>/auth</arg>
<arg>json=${body}</arg>
<doc>Sends a POST request on a previously created HTTP Session.</doc>
<status status="PASS" start="2025-09-03T11:27:39.311460" elapsed="0.813834"/>
</kw>
<kw name="Should Be Equal As Strings" owner="BuiltIn">
<msg time="2025-09-03T11:27:40.127290" level="INFO">Argument types are:
&lt;class 'int'&gt;
&lt;class 'str'&gt;</msg>
<arg>${response.status_code}</arg>
<arg>200</arg>
<doc>Fails if objects are unequal after converting them to strings.</doc>
<status status="PASS" start="2025-09-03T11:27:40.126296" elapsed="0.000994"/>
</kw>
<kw name="Set Variable" owner="BuiltIn">
<msg time="2025-09-03T11:27:40.128290" level="INFO">${token} = 06babcafcfc28f1</msg>
<var>${token}</var>
<arg>${response.json()['token']}</arg>
<doc>Returns the given values which can then be assigned to a variables.</doc>
<status status="PASS" start="2025-09-03T11:27:40.127290" elapsed="0.001000"/>
</kw>
<kw name="Set Suite Variable" owner="BuiltIn">
<msg time="2025-09-03T11:27:40.129289" level="INFO">${TOKEN} = 06babcafcfc28f1</msg>
<arg>${TOKEN}</arg>
<arg>${token}</arg>
<doc>Makes a variable available everywhere within the scope of the current suite.</doc>
<status status="PASS" start="2025-09-03T11:27:40.128290" elapsed="0.000999"/>
</kw>
<kw name="Log" owner="BuiltIn">
<msg time="2025-09-03T11:27:40.129289" level="INFO">Token gerado: 06babcafcfc28f1</msg>
<arg>Token gerado: ${TOKEN}</arg>
<doc>Logs the given message with the given level.</doc>
<status status="PASS" start="2025-09-03T11:27:40.129289" elapsed="0.000000"/>
</kw>
<status status="PASS" start="2025-09-03T11:27:39.310461" elapsed="0.819831"/>
</kw>
<status status="PASS" start="2025-09-03T11:27:39.310461" elapsed="0.819831"/>
</test>
<status status="PASS" start="2025-09-03T11:27:39.051833" elapsed="1.079456"/>
</suite>
<suite id="s1-s2" name="02 Booking Tests" source="C:\Users\Julliely\Desktop\PB-CompassUOL\Documentos\restful-booker\tests\02_booking_tests.robot">
<kw name="Setup Booking" type="SETUP">
<kw name="Iniciar Sessao" owner="config">
<kw name="Create Session" owner="RequestsLibrary">
<msg time="2025-09-03T11:27:40.158080" level="INFO">Creating Session using : alias=restful, url=https://restful-booker.herokuapp.com, headers={},                     cookies={}, auth=None, timeout=None, proxies=None, verify=False,                     debug=0 </msg>
<arg>restful</arg>
<arg>${BASE_URL}</arg>
<arg>verify=${False}</arg>
<doc>Create Session: create a HTTP session to a server</doc>
<status status="PASS" start="2025-09-03T11:27:40.157901" elapsed="0.000179"/>
</kw>
<status status="PASS" start="2025-09-03T11:27:40.156859" elapsed="0.001221"/>
</kw>
<kw name="Gerar Token" owner="auth">
<kw name="Create Dictionary" owner="BuiltIn">
<msg time="2025-09-03T11:27:40.158080" level="INFO">${body} = {'username': 'admin', 'password': 'password123'}</msg>
<var>${body}</var>
<arg>username=${USERNAME}</arg>
<arg>password=${PASSWORD}</arg>
<doc>Creates and returns a dictionary based on the given ``items``.</doc>
<status status="PASS" start="2025-09-03T11:27:40.158080" elapsed="0.000000"/>
</kw>
<kw name="POST On Session" owner="RequestsLibrary">
<msg time="2025-09-03T11:27:40.800314" level="INFO">POST Request : url=https://restful-booker.herokuapp.com/auth 
 path_url=/auth 
 headers={'User-Agent': 'python-requests/2.32.3', 'Accept-Encoding': 'gzip, deflate', 'Accept': '*/*', 'Connection': 'keep-alive', 'Content-Length': '48', 'Content-Type': 'application/json'} 
 body=b'{"username": "admin", "password": "password123"}' 
 </msg>
<msg time="2025-09-03T11:27:40.801307" level="INFO">POST Response : url=https://restful-booker.herokuapp.com/auth 
 status=200, reason=OK 
 headers={'Content-Length': '27', 'Content-Type': 'application/json; charset=utf-8', 'Date': 'Wed, 03 Sep 2025 14:27:53 GMT', 'Etag': 'W/"1b-pNExra6C/5Ru+T51rInfHSXxMmQ"', 'Nel': '{"report_to":"heroku-nel","response_headers":["Via"],"max_age":3600,"success_fraction":0.01,"failure_fraction":0.1}', 'Report-To': '{"group":"heroku-nel","endpoints":[{"url":"https://nel.heroku.com/reports?s=ezjXZfdr59ycfXZM0zLppEi2I7wZFZLVKFmrPg2kk38%3D\\u0026sid=c46efe9b-d3d2-4a0c-8c76-bfafa16c5add\\u0026ts=1756909673"}],"max_age":3600}', 'Reporting-Endpoints': 'heroku-nel="https://nel.heroku.com/reports?s=ezjXZfdr59ycfXZM0zLppEi2I7wZFZLVKFmrPg2kk38%3D&amp;sid=c46efe9b-d3d2-4a0c-8c76-bfafa16c5add&amp;ts=1756909673"', 'Server': 'Heroku', 'Via': '1.1 heroku-router', 'X-Powered-By': 'Express'} 
 body={"token":"b97b7f533aa8ce8"} 
 </msg>
<msg time="2025-09-03T11:27:40.801307" level="INFO">C:\Users\Julliely\AppData\Local\Programs\Python\Python312\Lib\site-packages\urllib3\connectionpool.py:1097: InsecureRequestWarning: Unverified HTTPS request is being made to host 'restful-booker.herokuapp.com'. Adding certificate verification is strongly advised. See: https://urllib3.readthedocs.io/en/latest/advanced-usage.html#tls-warnings
  warnings.warn(</msg>
<msg time="2025-09-03T11:27:40.802306" level="INFO">${response} = &lt;Response [200]&gt;</msg>
<var>${response}</var>
<arg>restful</arg>
<arg>/auth</arg>
<arg>json=${body}</arg>
<doc>Sends a POST request on a previously created HTTP Session.</doc>
<status status="PASS" start="2025-09-03T11:27:40.158080" elapsed="0.644226"/>
</kw>
<kw name="Should Be Equal As Strings" owner="BuiltIn">
<msg time="2025-09-03T11:27:40.804304" level="INFO">Argument types are:
&lt;class 'int'&gt;
&lt;class 'str'&gt;</msg>
<arg>${response.status_code}</arg>
<arg>200</arg>
<doc>Fails if objects are unequal after converting them to strings.</doc>
<status status="PASS" start="2025-09-03T11:27:40.803310" elapsed="0.000994"/>
</kw>
<kw name="Set Variable" owner="BuiltIn">
<msg time="2025-09-03T11:27:40.805303" level="INFO">${token} = b97b7f533aa8ce8</msg>
<var>${token}</var>
<arg>${response.json()['token']}</arg>
<doc>Returns the given values which can then be assigned to a variables.</doc>
<status status="PASS" start="2025-09-03T11:27:40.804304" elapsed="0.000999"/>
</kw>
<kw name="Set Suite Variable" owner="BuiltIn">
<msg time="2025-09-03T11:27:40.806303" level="INFO">${TOKEN} = b97b7f533aa8ce8</msg>
<arg>${TOKEN}</arg>
<arg>${token}</arg>
<doc>Makes a variable available everywhere within the scope of the current suite.</doc>
<status status="PASS" start="2025-09-03T11:27:40.805303" elapsed="0.001000"/>
</kw>
<kw name="Log" owner="BuiltIn">
<msg time="2025-09-03T11:27:40.806303" level="INFO">Token gerado: b97b7f533aa8ce8</msg>
<arg>Token gerado: ${TOKEN}</arg>
<doc>Logs the given message with the given level.</doc>
<status status="PASS" start="2025-09-03T11:27:40.806303" elapsed="0.000000"/>
</kw>
<status status="PASS" start="2025-09-03T11:27:40.158080" elapsed="0.648223"/>
</kw>
<kw name="Criar Nova Reserva" owner="booking">
<kw name="Create Dictionary" owner="BuiltIn">
<msg time="2025-09-03T11:27:40.807302" level="INFO">${bookingdates} = {'checkin': '2025-09-01', 'checkout': '2025-09-10'}</msg>
<var>${bookingdates}</var>
<arg>checkin=2025-09-01</arg>
<arg>checkout=2025-09-10</arg>
<doc>Creates and returns a dictionary based on the given ``items``.</doc>
<status status="PASS" start="2025-09-03T11:27:40.807302" elapsed="0.000000"/>
</kw>
<kw name="Create Dictionary" owner="BuiltIn">
<msg time="2025-09-03T11:27:40.808300" level="INFO">${body} = {'firstname': 'Joao', 'lastname': 'Silva', 'totalprice': '150', 'depositpaid': 'True', 'bookingdates': {'checkin': '2025-09-01', 'checkout': '2025-09-10'}, 'additionalneeds': 'Café da manhã'}</msg>
<var>${body}</var>
<arg>firstname=${firstname}</arg>
<arg>lastname=${lastname}</arg>
<arg>totalprice=150</arg>
<arg>depositpaid=True</arg>
<arg>bookingdates=${bookingdates}</arg>
<arg>additionalneeds=Café da manhã</arg>
<doc>Creates and returns a dictionary based on the given ``items``.</doc>
<status status="PASS" start="2025-09-03T11:27:40.807302" elapsed="0.000998"/>
</kw>
<kw name="POST On Session" owner="RequestsLibrary">
<msg time="2025-09-03T11:27:40.968999" level="INFO">POST Request : url=https://restful-booker.herokuapp.com/booking 
 path_url=/booking 
 headers={'User-Agent': 'python-requests/2.32.3', 'Accept-Encoding': 'gzip, deflate', 'Accept': '*/*', 'Connection': 'keep-alive', 'Content-Length': '201', 'Content-Type': 'application/json'} 
 body=b'{"firstname": "Joao", "lastname": "Silva", "totalprice": "150", "depositpaid": "True", "bookingdates": {"checkin": "2025-09-01", "checkout": "2025-09-10"}, "additionalneeds": "Caf\\u00e9 da manh\\u00e3"}' 
 </msg>
<msg time="2025-09-03T11:27:40.969199" level="INFO">POST Response : url=https://restful-booker.herokuapp.com/booking 
 status=200, reason=OK 
 headers={'Content-Length': '204', 'Content-Type': 'application/json; charset=utf-8', 'Date': 'Wed, 03 Sep 2025 14:27:53 GMT', 'Etag': 'W/"cc-1j0SvBaLbkfHp7Fi+Ms3ukHgQFk"', 'Nel': '{"report_to":"heroku-nel","response_headers":["Via"],"max_age":3600,"success_fraction":0.01,"failure_fraction":0.1}', 'Report-To': '{"group":"heroku-nel","endpoints":[{"url":"https://nel.heroku.com/reports?s=ezjXZfdr59ycfXZM0zLppEi2I7wZFZLVKFmrPg2kk38%3D\\u0026sid=c46efe9b-d3d2-4a0c-8c76-bfafa16c5add\\u0026ts=1756909673"}],"max_age":3600}', 'Reporting-Endpoints': 'heroku-nel="https://nel.heroku.com/reports?s=ezjXZfdr59ycfXZM0zLppEi2I7wZFZLVKFmrPg2kk38%3D&amp;sid=c46efe9b-d3d2-4a0c-8c76-bfafa16c5add&amp;ts=1756909673"', 'Server': 'Heroku', 'Via': '1.1 heroku-router', 'X-Powered-By': 'Express'} 
 body={"bookingid":3676,"booking":{"firstname":"Joao","lastname":"Silva","totalprice":150,"depositpaid":true,"bookingdates":{"checkin":"2025-09-01","checkout":"2025-09-10"},"additionalneeds":"Café da manhã"}} 
 </msg>
<msg time="2025-09-03T11:27:40.969199" level="INFO">C:\Users\Julliely\AppData\Local\Programs\Python\Python312\Lib\site-packages\urllib3\connectionpool.py:1097: InsecureRequestWarning: Unverified HTTPS request is being made to host 'restful-booker.herokuapp.com'. Adding certificate verification is strongly advised. See: https://urllib3.readthedocs.io/en/latest/advanced-usage.html#tls-warnings
  warnings.warn(</msg>
<msg time="2025-09-03T11:27:40.970197" level="INFO">${response} = &lt;Response [200]&gt;</msg>
<var>${response}</var>
<arg>restful</arg>
<arg>/booking</arg>
<arg>json=${body}</arg>
<doc>Sends a POST request on a previously created HTTP Session.</doc>
<status status="PASS" start="2025-09-03T11:27:40.808300" elapsed="0.161897"/>
</kw>
<kw name="Should Be Equal As Strings" owner="BuiltIn">
<msg time="2025-09-03T11:27:40.971199" level="INFO">Argument types are:
&lt;class 'int'&gt;
&lt;class 'str'&gt;</msg>
<arg>${response.status_code}</arg>
<arg>200</arg>
<doc>Fails if objects are unequal after converting them to strings.</doc>
<status status="PASS" start="2025-09-03T11:27:40.970197" elapsed="0.001996"/>
</kw>
<kw name="Set Variable" owner="BuiltIn">
<msg time="2025-09-03T11:27:40.973192" level="INFO">${id} = 3676</msg>
<var>${id}</var>
<arg>${response.json()['bookingid']}</arg>
<doc>Returns the given values which can then be assigned to a variables.</doc>
<status status="PASS" start="2025-09-03T11:27:40.972193" elapsed="0.000999"/>
</kw>
<kw name="Set Suite Variable" owner="BuiltIn">
<msg time="2025-09-03T11:27:40.974191" level="INFO">${NEW_BOOKING_ID} = 3676</msg>
<arg>${NEW_BOOKING_ID}</arg>
<arg>${id}</arg>
<doc>Makes a variable available everywhere within the scope of the current suite.</doc>
<status status="PASS" start="2025-09-03T11:27:40.973192" elapsed="0.000999"/>
</kw>
<kw name="Log" owner="BuiltIn">
<msg time="2025-09-03T11:27:40.974191" level="INFO">Nova reserva criada com ID: 3676</msg>
<arg>Nova reserva criada com ID: ${NEW_BOOKING_ID}</arg>
<doc>Logs the given message with the given level.</doc>
<status status="PASS" start="2025-09-03T11:27:40.974191" elapsed="0.000000"/>
</kw>
<status status="PASS" start="2025-09-03T11:27:40.807302" elapsed="0.166889"/>
</kw>
<status status="PASS" start="2025-09-03T11:27:40.156859" elapsed="0.818331"/>
</kw>
<test id="s1-s2-t1" name="Listar Todas Reservas" line="14">
<kw name="Listar Reservas" owner="booking">
<kw name="GET On Session" owner="RequestsLibrary">
<msg time="2025-09-03T11:27:41.441629" level="INFO">GET Request : url=https://restful-booker.herokuapp.com/booking 
 path_url=/booking 
 headers={'User-Agent': 'python-requests/2.32.3', 'Accept-Encoding': 'gzip, deflate', 'Accept': '*/*', 'Connection': 'keep-alive'} 
 body=None 
 </msg>
<msg time="2025-09-03T11:27:41.441629" level="INFO">GET Response : url=https://restful-booker.herokuapp.com/booking 
 status=200, reason=OK 
 headers={'Content-Length': '47171', 'Content-Type': 'application/json; charset=utf-8', 'Date': 'Wed, 03 Sep 2025 14:27:53 GMT', 'Etag': 'W/"b843-T4jNDtCXlIWAUR37R7/7OFFIZM8"', 'Nel': '{"report_to":"heroku-nel","response_headers":["Via"],"max_age":3600,"success_fraction":0.01,"failure_fraction":0.1}', 'Report-To': '{"group":"heroku-nel","endpoints":[{"url":"https://nel.heroku.com/reports?s=ezjXZfdr59ycfXZM0zLppEi2I7wZFZLVKFmrPg2kk38%3D\\u0026sid=c46efe9b-d3d2-4a0c-8c76-bfafa16c5add\\u0026ts=1756909673"}],"max_age":3600}', 'Reporting-Endpoints': 'heroku-nel="https://nel.heroku.com/reports?s=ezjXZfdr59ycfXZM0zLppEi2I7wZFZLVKFmrPg2kk38%3D&amp;sid=c46efe9b-d3d2-4a0c-8c76-bfafa16c5add&amp;ts=1756909673"', 'Server': 'Heroku', 'Via': '1.1 heroku-router', 'X-Powered-By': 'Express'} 
 body=[{"bookingid":3639},{"bookingid":2086},{"bookingid":3454},{"bookingid":2062},{"bookingid":3423},{"bookingid":3285},{"bookingid":2946},{"bookingid":2109},{"bookingid":3486},{"bookingid":740},{"bookingid":2848},{"bookingid":3537},{"bookingid":128},{"bookingid":913},{"bookingid":754},{"bookingid":1302},{"bookingid":2953},{"bookingid":1354},{"bookingid":1995},{"bookingid":2948},{"bookingid":2372},{"bookingid":202},{"bookingid":2528},{"bookingid":2954},{"bookingid":285},{"bookingid":1249},{"bookingid":1684},{"bookingid":1493},{"bookingid":1974},{"bookingid":2663},{"bookingid":2900},{"bookingid":3007},{"bookingid":2430},{"bookingid":2496},{"bookingid":1407},{"bookingid":2614},{"bookingid":1845},{"bookingid":1088},{"bookingid":382},{"bookingid":1185},{"bookingid":2315},{"bookingid":3296},{"bookingid":1178},{"bookingid":2762},{"bookingid":491},{"bookingid":2922},{"bookingid":2359},{"bookingid":2501},{"bookingid":1386},{"bookingid":3492},{"bookingid":2090},{"bookingid":649},{"bookingid":1024},{"bookingid":2808},{"bookingid":1474},{"bookingid":1096},{"bookingid":2270},{"bookingid":2631},{"bookingid":7},{"bookingid":2434},{"bookingid":402},{"bookingid":840},{"bookingid":3616},{"bookingid":1713},{"bookingid":629},{"bookingid":1357},{"bookingid":2698},{"bookingid":3049},{"bookingid":2851},{"bookingid":3399},{"bookingid":1382},{"bookingid":1469},{"bookingid":2095},{"bookingid":3362},{"bookingid":239},{"bookingid":3168},{"bookingid":3073},{"bookingid":1393},{"bookingid":976},{"bookingid":2825},{"bookingid":2842},{"bookingid":1101},{"bookingid":1838},{"bookingid":233},{"bookingid":1924},{"bookingid":1802},{"bookingid":2938},{"bookingid":3569},{"bookingid":2283},{"bookingid":1333},{"bookingid":3094},{"bookingid":1204},{"bookingid":1775},{"bookingid":6},{"bookingid":1873},{"bookingid":856},{"bookingid":1409},{"bookingid":1797},{"bookingid":1010},{"bookingid":2470},{"bookingid":796},{"bookingid":2985},{"bookingid":2030},{"bookingid":855},{"bookingid":563},{"bookingid":1557},{"bookingid":1154},{"bookingid":2715},{"bookingid":3133},{"bookingid":2630},{"bookingid":3028},{"bookingid":617},{"bookingid":3594},{"bookingid":1194},{"bookingid":2041},{"bookingid":956},{"bookingid":869},{"bookingid":3393},{"bookingid":661},{"bookingid":1136},{"bookingid":434},{"bookingid":2549},{"bookingid":1231},{"bookingid":3112},{"bookingid":579},{"bookingid":3407},{"bookingid":890},{"bookingid":768},{"bookingid":2610},{"bookingid":3306},{"bookingid":862},{"bookingid":575},{"bookingid":2686},{"bookingid":1787},{"bookingid":2233},{"bookingid":3438},{"bookingid":975},{"bookingid":945},{"bookingid":2253},{"bookingid":3085},{"bookingid":626},{"bookingid":1351},{"bookingid":3456},{"bookingid":1111},{"bookingid":1971},{"bookingid":2612},{"bookingid":982},{"bookingid":3009},{"bookingid":3476},{"bookingid":3128},{"bookingid":1890},{"bookingid":2702},{"bookingid":1509},{"bookingid":1327},{"bookingid":2673},{"bookingid":792},{"bookingid":417},{"bookingid":2440},{"bookingid":1018},{"bookingid":962},{"bookingid":152},{"bookingid":806},{"bookingid":1661},{"bookingid":2824},{"bookingid":3597},{"bookingid":531},{"bookingid":74},{"bookingid":1595},{"bookingid":2675},{"bookingid":2714},{"bookingid":1854},{"bookingid":431},{"bookingid":1721},{"bookingid":2608},{"bookingid":3580},{"bookingid":3670},{"bookingid":3391},{"bookingid":1916},{"bookingid":860},{"bookingid":848},{"bookingid":3149},{"bookingid":1412},{"bookingid":665},{"bookingid":3471},{"bookingid":107},{"bookingid":482},{"bookingid":1248},{"bookingid":3298},{"bookingid":2576},{"bookingid":1408},{"bookingid":899},{"bookingid":2285},{"bookingid":811},{"bookingid":3257},{"bookingid":2187},{"bookingid":302},{"bookingid":437},{"bookingid":1918},{"bookingid":2131},{"bookingid":1585},{"bookingid":171},{"bookingid":1857},{"bookingid":2840},{"bookingid":1315},{"bookingid":2575},{"bookingid":2465},{"bookingid":1826},{"bookingid":782},{"bookingid":2346},{"bookingid":2347},{"bookingid":2905},{"bookingid":2374},{"bookingid":1485},{"bookingid":852},{"bookingid":2747},{"bookingid":351},{"bookingid":3103},{"bookingid":3179},{"bookingid":818},{"bookingid":2362},{"bookingid":2925},{"bookingid":2395},{"bookingid":1941},{"bookingid":3431},{"bookingid":2739},{"bookingid":2845},{"bookingid":1153},{"bookingid":2876},{"bookingid":1751},{"bookingid":1698},{"bookingid":1572},{"bookingid":888},{"bookingid":2333},{"bookingid":2871},{"bookingid":2266},{"bookingid":22},{"bookingid":1621},{"bookingid":2779},{"bookingid":2885},{"bookingid":3005},{"bookingid":3583},{"bookingid":2659},{"bookingid":3172},{"bookingid":42},{"bookingid":3366},{"bookingid":1613},{"bookingid":1566},{"bookingid":809},{"bookingid":2264},{"bookingid":2590},{"bookingid":1466},{"bookingid":1073},{"bookingid":2323},{"bookingid":3159},{"bookingid":2877},{"bookingid":378},{"bookingid":504},{"bookingid":1963},{"bookingid":3281},{"bookingid":318},{"bookingid":3634},{"bookingid":3352},{"bookingid":2245},{"bookingid":2627},{"bookingid":2190},{"bookingid":1692},{"bookingid":1056},{"bookingid":423},{"bookingid":3228},{"bookingid":2445},{"bookingid":850},{"bookingid":783},{"bookingid":48},{"bookingid":3346},{"bookingid":177},{"bookingid":1340},{"bookingid":2657},{"bookingid":907},{"bookingid":35},{"bookingid":235},{"bookingid":2316},{"bookingid":2376},{"bookingid":16},{"bookingid":2007},{"bookingid":179},{"bookingid":3313},{"bookingid":98},{"bookingid":1193},{"bookingid":2416},{"bookingid":151},{"bookingid":838},{"bookingid":1084},{"bookingid":1656},{"bookingid":545},{"bookingid":2719},{"bookingid":2475},{"bookingid":2859},{"bookingid":2766},{"bookingid":2615},{"bookingid":1920},{"bookingid":2897},{"bookingid":1014},{"bookingid":2056},{"bookingid":1697},{"bookingid":157},{"bookingid":1244},{"bookingid":2981},{"bookingid":2672},{"bookingid":1767},{"bookingid":2458},{"bookingid":3254},{"bookingid":1041},{"bookingid":2556},{"bookingid":1298},{"bookingid":305},{"bookingid":311},{"bookingid":1243},{"bookingid":416},{"bookingid":1512},{"bookingid":3443},{"bookingid":347},{"bookingid":558},{"bookingid":3188},{"bookingid":2012},{"bookingid":1794},{"bookingid":3426},{"bookingid":552},{"bookingid":2530},{"bookingid":3411},{"bookingid":3233},{"bookingid":1776},{"bookingid":1141},{"bookingid":2029},{"bookingid":577},{"bookingid":2135},{"bookingid":2180},{"bookingid":1546},{"bookingid":1628},{"bookingid":2567},{"bookingid":670},{"bookingid":634},{"bookingid":3622},{"bookingid":2028},{"bookingid":3418},{"bookingid":164},{"bookingid":3416},{"bookingid":1646},{"bookingid":1093},{"bookingid":1103},{"bookingid":896},{"bookingid":3534},{"bookingid":2517},{"bookingid":2205},{"bookingid":418},{"bookingid":2471},{"bookingid":674},{"bookingid":2944},{"bookingid":2943},{"bookingid":13},{"bookingid":1279},{"bookingid":1616},{"bookingid":2890},{"bookingid":2526},{"bookingid":732},{"bookingid":1080},{"bookingid":54},{"bookingid":173},{"bookingid":1410},{"bookingid":3629},{"bookingid":1156},{"bookingid":87},{"bookingid":2455},{"bookingid":3365},{"bookingid":961},{"bookingid":1510},{"bookingid":1139},{"bookingid":1283},{"bookingid":1938},{"bookingid":827},{"bookingid":1106},{"bookingid":2304},{"bookingid":2350},{"bookingid":3469},{"bookingid":3067},{"bookingid":3052},{"bookingid":1878},{"bookingid":1505},{"bookingid":211},{"bookingid":611},{"bookingid":65},{"bookingid":143},{"bookingid":3242},{"bookingid":3504},{"bookingid":1082},{"bookingid":3514},{"bookingid":2548},{"bookingid":1913},{"bookingid":1549},{"bookingid":3123},{"bookingid":3266},{"bookingid":728},{"bookingid":3473},{"bookingid":1681},{"bookingid":132},{"bookingid":2384},{"bookingid":3549},{"bookingid":2568},{"bookingid":2060},{"bookingid":384},{"bookingid":2289},{"bookingid":310},{"bookingid":3132},{"bookingid":3190},{"bookingid":1577},{"bookingid":919},{"bookingid":2514},{"bookingid":1375},{"bookingid":2919},{"bookingid":1511},{"bookingid":2121},{"bookingid":1607},{"bookingid":1811},{"bookingid":467},{"bookingid":2363},{"bookingid":189},{"bookingid":930},{"bookingid":3041},{"bookingid":2685},{"bookingid":712},{"bookingid":1774},{"bookingid":2425},{"bookingid":711},{"bookingid":933},{"bookingid":929},{"bookingid":1564},{"bookingid":3420},{"bookingid":1928},{"bookingid":1659},{"bookingid":875},{"bookingid":2129},{"bookingid":129},{"bookingid":3167},{"bookingid":595},{"bookingid":1124},{"bookingid":3102},{"bookingid":3291},{"bookingid":32},{"bookingid":2034},{"bookingid":2435},{"bookingid":2669},{"bookingid":2978},{"bookingid":2786},{"bookingid":3590},{"bookingid":3145},{"bookingid":1392},{"bookingid":2506},{"bookingid":1958},{"bookingid":1782},{"bookingid":543},{"bookingid":2301},{"bookingid":3148},{"bookingid":2515},{"bookingid":3265},{"bookingid":2168},{"bookingid":2732},{"bookingid":1868},{"bookingid":612},{"bookingid":1933},{"bookingid":3369},{"bookingid":2811},{"bookingid":3626},{"bookingid":2734},{"bookingid":3237},{"bookingid":793},{"bookingid":1708},{"bookingid":2805},{"bookingid":695},{"bookingid":2704},{"bookingid":3394},{"bookingid":3459},{"bookingid":214},{"bookingid":710},{"bookingid":3066},{"bookingid":3568},{"bookingid":2224},{"bookingid":1034},{"bookingid":1529},{"bookingid":389},{"bookingid":2173},{"bookingid":387},{"bookingid":1500},{"bookingid":1003},{"bookingid":2408},{"bookingid":3603},{"bookingid":1247},{"bookingid":2563},{"bookingid":1230},{"bookingid":2651},{"bookingid":2773},{"bookingid":2728},{"bookingid":1072},{"bookingid":1967},{"bookingid":801},{"bookingid":2313},{"bookingid":3238},{"bookingid":1098},{"bookingid":2156},{"bookingid":1888},{"bookingid":635},{"bookingid":3560},{"bookingid":158},{"bookingid":85},{"bookingid":3060},{"bookingid":1121},{"bookingid":2930},{"bookingid":2582},{"bookingid":934},{"bookingid":315},{"bookingid":1495},{"bookingid":2389},{"bookingid":2049},{"bookingid":1142},{"bookingid":3338},{"bookingid":3045},{"bookingid":1290},{"bookingid":2450},{"bookingid":1959},{"bookingid":1704},{"bookingid":196},{"bookingid":3452},{"bookingid":1496},{"bookingid":59},{"bookingid":91},{"bookingid":3326},{"bookin... (set the log level to DEBUG or TRACE to see the full content) 
 </msg>
<msg time="2025-09-03T11:27:41.441629" level="INFO">C:\Users\Julliely\AppData\Local\Programs\Python\Python312\Lib\site-packages\urllib3\connectionpool.py:1097: InsecureRequestWarning: Unverified HTTPS request is being made to host 'restful-booker.herokuapp.com'. Adding certificate verification is strongly advised. See: https://urllib3.readthedocs.io/en/latest/advanced-usage.html#tls-warnings
  warnings.warn(</msg>
<msg time="2025-09-03T11:27:41.441629" level="INFO">${response} = &lt;Response [200]&gt;</msg>
<var>${response}</var>
<arg>restful</arg>
<arg>/booking</arg>
<doc>Sends a GET request on a previously created HTTP Session.</doc>
<status status="PASS" start="2025-09-03T11:27:40.976192" elapsed="0.465437"/>
</kw>
<kw name="Should Be Equal As Strings" owner="BuiltIn">
<msg time="2025-09-03T11:27:41.442630" level="INFO">Argument types are:
&lt;class 'int'&gt;
&lt;class 'str'&gt;</msg>
<arg>${response.status_code}</arg>
<arg>200</arg>
<doc>Fails if objects are unequal after converting them to strings.</doc>
<status status="PASS" start="2025-09-03T11:27:41.441629" elapsed="0.001001"/>
</kw>
<kw name="Log" owner="BuiltIn">
<msg time="2025-09-03T11:27:41.443629" level="INFO">Reservas: [{'bookingid': 3639}, {'bookingid': 2086}, {'bookingid': 3454}, {'bookingid': 2062}, {'bookingid': 3423}, {'bookingid': 3285}, {'bookingid': 2946}, {'bookingid': 2109}, {'bookingid': 3486}, {'bookingid': 740}, {'bookingid': 2848}, {'bookingid': 3537}, {'bookingid': 128}, {'bookingid': 913}, {'bookingid': 754}, {'bookingid': 1302}, {'bookingid': 2953}, {'bookingid': 1354}, {'bookingid': 1995}, {'bookingid': 2948}, {'bookingid': 2372}, {'bookingid': 202}, {'bookingid': 2528}, {'bookingid': 2954}, {'bookingid': 285}, {'bookingid': 1249}, {'bookingid': 1684}, {'bookingid': 1493}, {'bookingid': 1974}, {'bookingid': 2663}, {'bookingid': 2900}, {'bookingid': 3007}, {'bookingid': 2430}, {'bookingid': 2496}, {'bookingid': 1407}, {'bookingid': 2614}, {'bookingid': 1845}, {'bookingid': 1088}, {'bookingid': 382}, {'bookingid': 1185}, {'bookingid': 2315}, {'bookingid': 3296}, {'bookingid': 1178}, {'bookingid': 2762}, {'bookingid': 491}, {'bookingid': 2922}, {'bookingid': 2359}, {'bookingid': 2501}, {'bookingid': 1386}, {'bookingid': 3492}, {'bookingid': 2090}, {'bookingid': 649}, {'bookingid': 1024}, {'bookingid': 2808}, {'bookingid': 1474}, {'bookingid': 1096}, {'bookingid': 2270}, {'bookingid': 2631}, {'bookingid': 7}, {'bookingid': 2434}, {'bookingid': 402}, {'bookingid': 840}, {'bookingid': 3616}, {'bookingid': 1713}, {'bookingid': 629}, {'bookingid': 1357}, {'bookingid': 2698}, {'bookingid': 3049}, {'bookingid': 2851}, {'bookingid': 3399}, {'bookingid': 1382}, {'bookingid': 1469}, {'bookingid': 2095}, {'bookingid': 3362}, {'bookingid': 239}, {'bookingid': 3168}, {'bookingid': 3073}, {'bookingid': 1393}, {'bookingid': 976}, {'bookingid': 2825}, {'bookingid': 2842}, {'bookingid': 1101}, {'bookingid': 1838}, {'bookingid': 233}, {'bookingid': 1924}, {'bookingid': 1802}, {'bookingid': 2938}, {'bookingid': 3569}, {'bookingid': 2283}, {'bookingid': 1333}, {'bookingid': 3094}, {'bookingid': 1204}, {'bookingid': 1775}, {'bookingid': 6}, {'bookingid': 1873}, {'bookingid': 856}, {'bookingid': 1409}, {'bookingid': 1797}, {'bookingid': 1010}, {'bookingid': 2470}, {'bookingid': 796}, {'bookingid': 2985}, {'bookingid': 2030}, {'bookingid': 855}, {'bookingid': 563}, {'bookingid': 1557}, {'bookingid': 1154}, {'bookingid': 2715}, {'bookingid': 3133}, {'bookingid': 2630}, {'bookingid': 3028}, {'bookingid': 617}, {'bookingid': 3594}, {'bookingid': 1194}, {'bookingid': 2041}, {'bookingid': 956}, {'bookingid': 869}, {'bookingid': 3393}, {'bookingid': 661}, {'bookingid': 1136}, {'bookingid': 434}, {'bookingid': 2549}, {'bookingid': 1231}, {'bookingid': 3112}, {'bookingid': 579}, {'bookingid': 3407}, {'bookingid': 890}, {'bookingid': 768}, {'bookingid': 2610}, {'bookingid': 3306}, {'bookingid': 862}, {'bookingid': 575}, {'bookingid': 2686}, {'bookingid': 1787}, {'bookingid': 2233}, {'bookingid': 3438}, {'bookingid': 975}, {'bookingid': 945}, {'bookingid': 2253}, {'bookingid': 3085}, {'bookingid': 626}, {'bookingid': 1351}, {'bookingid': 3456}, {'bookingid': 1111}, {'bookingid': 1971}, {'bookingid': 2612}, {'bookingid': 982}, {'bookingid': 3009}, {'bookingid': 3476}, {'bookingid': 3128}, {'bookingid': 1890}, {'bookingid': 2702}, {'bookingid': 1509}, {'bookingid': 1327}, {'bookingid': 2673}, {'bookingid': 792}, {'bookingid': 417}, {'bookingid': 2440}, {'bookingid': 1018}, {'bookingid': 962}, {'bookingid': 152}, {'bookingid': 806}, {'bookingid': 1661}, {'bookingid': 2824}, {'bookingid': 3597}, {'bookingid': 531}, {'bookingid': 74}, {'bookingid': 1595}, {'bookingid': 2675}, {'bookingid': 2714}, {'bookingid': 1854}, {'bookingid': 431}, {'bookingid': 1721}, {'bookingid': 2608}, {'bookingid': 3580}, {'bookingid': 3670}, {'bookingid': 3391}, {'bookingid': 1916}, {'bookingid': 860}, {'bookingid': 848}, {'bookingid': 3149}, {'bookingid': 1412}, {'bookingid': 665}, {'bookingid': 3471}, {'bookingid': 107}, {'bookingid': 482}, {'bookingid': 1248}, {'bookingid': 3298}, {'bookingid': 2576}, {'bookingid': 1408}, {'bookingid': 899}, {'bookingid': 2285}, {'bookingid': 811}, {'bookingid': 3257}, {'bookingid': 2187}, {'bookingid': 302}, {'bookingid': 437}, {'bookingid': 1918}, {'bookingid': 2131}, {'bookingid': 1585}, {'bookingid': 171}, {'bookingid': 1857}, {'bookingid': 2840}, {'bookingid': 1315}, {'bookingid': 2575}, {'bookingid': 2465}, {'bookingid': 1826}, {'bookingid': 782}, {'bookingid': 2346}, {'bookingid': 2347}, {'bookingid': 2905}, {'bookingid': 2374}, {'bookingid': 1485}, {'bookingid': 852}, {'bookingid': 2747}, {'bookingid': 351}, {'bookingid': 3103}, {'bookingid': 3179}, {'bookingid': 818}, {'bookingid': 2362}, {'bookingid': 2925}, {'bookingid': 2395}, {'bookingid': 1941}, {'bookingid': 3431}, {'bookingid': 2739}, {'bookingid': 2845}, {'bookingid': 1153}, {'bookingid': 2876}, {'bookingid': 1751}, {'bookingid': 1698}, {'bookingid': 1572}, {'bookingid': 888}, {'bookingid': 2333}, {'bookingid': 2871}, {'bookingid': 2266}, {'bookingid': 22}, {'bookingid': 1621}, {'bookingid': 2779}, {'bookingid': 2885}, {'bookingid': 3005}, {'bookingid': 3583}, {'bookingid': 2659}, {'bookingid': 3172}, {'bookingid': 42}, {'bookingid': 3366}, {'bookingid': 1613}, {'bookingid': 1566}, {'bookingid': 809}, {'bookingid': 2264}, {'bookingid': 2590}, {'bookingid': 1466}, {'bookingid': 1073}, {'bookingid': 2323}, {'bookingid': 3159}, {'bookingid': 2877}, {'bookingid': 378}, {'bookingid': 504}, {'bookingid': 1963}, {'bookingid': 3281}, {'bookingid': 318}, {'bookingid': 3634}, {'bookingid': 3352}, {'bookingid': 2245}, {'bookingid': 2627}, {'bookingid': 2190}, {'bookingid': 1692}, {'bookingid': 1056}, {'bookingid': 423}, {'bookingid': 3228}, {'bookingid': 2445}, {'bookingid': 850}, {'bookingid': 783}, {'bookingid': 48}, {'bookingid': 3346}, {'bookingid': 177}, {'bookingid': 1340}, {'bookingid': 2657}, {'bookingid': 907}, {'bookingid': 35}, {'bookingid': 235}, {'bookingid': 2316}, {'bookingid': 2376}, {'bookingid': 16}, {'bookingid': 2007}, {'bookingid': 179}, {'bookingid': 3313}, {'bookingid': 98}, {'bookingid': 1193}, {'bookingid': 2416}, {'bookingid': 151}, {'bookingid': 838}, {'bookingid': 1084}, {'bookingid': 1656}, {'bookingid': 545}, {'bookingid': 2719}, {'bookingid': 2475}, {'bookingid': 2859}, {'bookingid': 2766}, {'bookingid': 2615}, {'bookingid': 1920}, {'bookingid': 2897}, {'bookingid': 1014}, {'bookingid': 2056}, {'bookingid': 1697}, {'bookingid': 157}, {'bookingid': 1244}, {'bookingid': 2981}, {'bookingid': 2672}, {'bookingid': 1767}, {'bookingid': 2458}, {'bookingid': 3254}, {'bookingid': 1041}, {'bookingid': 2556}, {'bookingid': 1298}, {'bookingid': 305}, {'bookingid': 311}, {'bookingid': 1243}, {'bookingid': 416}, {'bookingid': 1512}, {'bookingid': 3443}, {'bookingid': 347}, {'bookingid': 558}, {'bookingid': 3188}, {'bookingid': 2012}, {'bookingid': 1794}, {'bookingid': 3426}, {'bookingid': 552}, {'bookingid': 2530}, {'bookingid': 3411}, {'bookingid': 3233}, {'bookingid': 1776}, {'bookingid': 1141}, {'bookingid': 2029}, {'bookingid': 577}, {'bookingid': 2135}, {'bookingid': 2180}, {'bookingid': 1546}, {'bookingid': 1628}, {'bookingid': 2567}, {'bookingid': 670}, {'bookingid': 634}, {'bookingid': 3622}, {'bookingid': 2028}, {'bookingid': 3418}, {'bookingid': 164}, {'bookingid': 3416}, {'bookingid': 1646}, {'bookingid': 1093}, {'bookingid': 1103}, {'bookingid': 896}, {'bookingid': 3534}, {'bookingid': 2517}, {'bookingid': 2205}, {'bookingid': 418}, {'bookingid': 2471}, {'bookingid': 674}, {'bookingid': 2944}, {'bookingid': 2943}, {'bookingid': 13}, {'bookingid': 1279}, {'bookingid': 1616}, {'bookingid': 2890}, {'bookingid': 2526}, {'bookingid': 732}, {'bookingid': 1080}, {'bookingid': 54}, {'bookingid': 173}, {'bookingid': 1410}, {'bookingid': 3629}, {'bookingid': 1156}, {'bookingid': 87}, {'bookingid': 2455}, {'bookingid': 3365}, {'bookingid': 961}, {'bookingid': 1510}, {'bookingid': 1139}, {'bookingid': 1283}, {'bookingid': 1938}, {'bookingid': 827}, {'bookingid': 1106}, {'bookingid': 2304}, {'bookingid': 2350}, {'bookingid': 3469}, {'bookingid': 3067}, {'bookingid': 3052}, {'bookingid': 1878}, {'bookingid': 1505}, {'bookingid': 211}, {'bookingid': 611}, {'bookingid': 65}, {'bookingid': 143}, {'bookingid': 3242}, {'bookingid': 3504}, {'bookingid': 1082}, {'bookingid': 3514}, {'bookingid': 2548}, {'bookingid': 1913}, {'bookingid': 1549}, {'bookingid': 3123}, {'bookingid': 3266}, {'bookingid': 728}, {'bookingid': 3473}, {'bookingid': 1681}, {'bookingid': 132}, {'bookingid': 2384}, {'bookingid': 3549}, {'bookingid': 2568}, {'bookingid': 2060}, {'bookingid': 384}, {'bookingid': 2289}, {'bookingid': 310}, {'bookingid': 3132}, {'bookingid': 3190}, {'bookingid': 1577}, {'bookingid': 919}, {'bookingid': 2514}, {'bookingid': 1375}, {'bookingid': 2919}, {'bookingid': 1511}, {'bookingid': 2121}, {'bookingid': 1607}, {'bookingid': 1811}, {'bookingid': 467}, {'bookingid': 2363}, {'bookingid': 189}, {'bookingid': 930}, {'bookingid': 3041}, {'bookingid': 2685}, {'bookingid': 712}, {'bookingid': 1774}, {'bookingid': 2425}, {'bookingid': 711}, {'bookingid': 933}, {'bookingid': 929}, {'bookingid': 1564}, {'bookingid': 3420}, {'bookingid': 1928}, {'bookingid': 1659}, {'bookingid': 875}, {'bookingid': 2129}, {'bookingid': 129}, {'bookingid': 3167}, {'bookingid': 595}, {'bookingid': 1124}, {'bookingid': 3102}, {'bookingid': 3291}, {'bookingid': 32}, {'bookingid': 2034}, {'bookingid': 2435}, {'bookingid': 2669}, {'bookingid': 2978}, {'bookingid': 2786}, {'bookingid': 3590}, {'bookingid': 3145}, {'bookingid': 1392}, {'bookingid': 2506}, {'bookingid': 1958}, {'bookingid': 1782}, {'bookingid': 543}, {'bookingid': 2301}, {'bookingid': 3148}, {'bookingid': 2515}, {'bookingid': 3265}, {'bookingid': 2168}, {'bookingid': 2732}, {'bookingid': 1868}, {'bookingid': 612}, {'bookingid': 1933}, {'bookingid': 3369}, {'bookingid': 2811}, {'bookingid': 3626}, {'bookingid': 2734}, {'bookingid': 3237}, {'bookingid': 793}, {'bookingid': 1708}, {'bookingid': 2805}, {'bookingid': 695}, {'bookingid': 2704}, {'bookingid': 3394}, {'bookingid': 3459}, {'bookingid': 214}, {'bookingid': 710}, {'bookingid': 3066}, {'bookingid': 3568}, {'bookingid': 2224}, {'bookingid': 1034}, {'bookingid': 1529}, {'bookingid': 389}, {'bookingid': 2173}, {'bookingid': 387}, {'bookingid': 1500}, {'bookingid': 1003}, {'bookingid': 2408}, {'bookingid': 3603}, {'bookingid': 1247}, {'bookingid': 2563}, {'bookingid': 1230}, {'bookingid': 2651}, {'bookingid': 2773}, {'bookingid': 2728}, {'bookingid': 1072}, {'bookingid': 1967}, {'bookingid': 801}, {'bookingid': 2313}, {'bookingid': 3238}, {'bookingid': 1098}, {'bookingid': 2156}, {'bookingid': 1888}, {'bookingid': 635}, {'bookingid': 3560}, {'bookingid': 158}, {'bookingid': 85}, {'bookingid': 3060}, {'bookingid': 1121}, {'bookingid': 2930}, {'bookingid': 2582}, {'bookingid': 934}, {'bookingid': 315}, {'bookingid': 1495}, {'bookingid': 2389}, {'bookingid': 2049}, {'bookingid': 1142}, {'bookingid': 3338}, {'bookingid': 3045}, {'bookingid': 1290}, {'bookingid': 2450}, {'bookingid': 1959}, {'bookingid': 1704}, {'bookingid': 196}, {'bookingid': 3452}, {'bookingid': 1496}, {'bookingid': 59}, {'bookingid': 91}, {'bookingid': 3326}, {'bookingid': 1110}, {'bookingid': 909}, {'bookingid': 1443}, {'bookingid': 1344}, {'bookingid': 3390}, {'bookingid': 725}, {'bookingid': 1416}, {'bookingid': 1672}, {'bookingid': 1894}, {'bookingid': 21}, {'bookingid': 647}, {'bookingid': 779}, {'bookingid': 643}, {'bookingid': 3453}, {'bookingid': 640}, {'bookingid': 2443}, {'bookingid': 1534}, {'bookingid': 168}, {'bookingid': 3449}, {'bookingid': 1398}, {'bookingid': 2358}, {'bookingid': 2817}, {'bookingid': 1472}, {'bookingid': 3528}, {'bookingid': 2409}, {'bookingid': 1400}, {'bookingid': 1929}, {'bookingid': 891}, {'bookingid': 274}, {'bookingid': 542}, {'bookingid': 2753}, {'bookingid': 3158}, {'bookingid': 873}, {'bookingid': 3136}, {'bookingid': 2114}, {'bookingid': 702}, {'bookingid': 391}, {'bookingid': 1113}, {'bookingid': 2561}, {'bookingid': 1253}, {'bookingid': 497}, {'bookingid': 3467}, {'bookingid': 1747}, {'bookingid': 2079}, {'bookingid': 3447}, {'bookingid': 2942}, {'bookingid': 2287}, {'bookingid': 701}, {'bookingid': 1432}, {'bookingid': 1729}, {'bookingid': 2507}, {'bookingid': 99}, {'bookingid': 375}, {'bookingid': 2509}, {'bookingid': 2295}, {'bookingid': 3363}, {'bookingid': 231}, {'bookingid': 845}, {'bookingid': 1867}, {'bookingid': 178}, {'bookingid': 968}, {'bookingid': 2017}, {'bookingid': 758}, {'bookingid': 3517}, {'bookingid': 288}, {'bookingid': 3658}, {'bookingid': 2879}, {'bookingid': 865}, {'bookingid': 357}, {'bookingid': 2276}, {'bookingid': 265}, {'bookingid': 2286}, {'bookingid': 2424}, {'bookingid': 2319}, {'bookingid': 951}, {'bookingid': 1460}, {'bookingid': 2252}, {'bookingid': 2749}, {'bookingid': 718}, {'bookingid': 1955}, {'bookingid': 2080}, {'bookingid': 2031}, {'bookingid': 3539}, {'bookingid': 1020}, {'bookingid': 1217}, {'bookingid': 3244}, {'bookingid': 2867}, {'bookingid': 1624}, {'bookingid': 2269}, {'bookingid': 2703}, {'bookingid': 775}, {'bookingid': 1254}, {'bookingid': 3239}, {'bookingid': 648}, {'bookingid': 3219}, {'bookingid': 2831}, {'bookingid': 2427}, {'bookingid': 833}, {'bookingid': 2219}, {'bookingid': 2707}, {'bookingid': 3479}, {'bookingid': 3165}, {'bookingid': 3567}, {'bookingid': 1741}, {'bookingid': 1875}, {'bookingid': 156}, {'bookingid': 2223}, {'bookingid': 3264}, {'bookingid': 1174}, {'bookingid': 3494}, {'bookingid': 915}, {'bookingid': 3519}, {'bookingid': 653}, {'bookingid': 1576}, {'bookingid': 905}, {'bookingid': 2332}, {'bookingid': 3676}, {'bookingid': 2294}, {'bookingid': 2211}, {'bookingid': 227}, {'bookingid': 745}, {'bookingid': 2480}, {'bookingid': 72}, {'bookingid': 183}, {'bookingid': 2870}, {'bookingid': 3563}, {'bookingid': 1860}, {'bookingid': 1016}, {'bookingid': 999}, {'bookingid': 1119}, {'bookingid': 2881}, {'bookingid': 1044}, {'bookingid': 1642}, {'bookingid': 3224}, {'bookingid': 627}, {'bookingid': 309}, {'bookingid': 2601}, {'bookingid': 1856}, {'bookingid': 3672}, {'bookingid': 2947}, {'bookingid': 257}, {'bookingid': 2277}, {'bookingid': 1221}, {'bookingid': 2644}, {'bookingid': 2665}, {'bookingid': 78}, {'bookingid': 3432}, {'bookingid': 680}, {'bookingid': 2381}, {'bookingid': 2433}, {'bookingid': 320}, {'bookingid': 1935}, {'bookingid': 1488}, {'bookingid': 2185}, {'bookingid': 2521}, {'bookingid': 2378}, {'bookingid': 75}, {'bookingid': 1502}, {'bookingid': 2162}, {'bookingid': 3175}, {'bookingid': 2916}, {'bookingid': 1630}, {'bookingid': 465}, {'bookingid': 1507}, {'bookingid': 2213}, {'bookingid': 261}, {'bookingid': 1242}, {'bookingid': 2268}, {'bookingid': 3127}, {'bookingid': 3297}, {'bookingid': 137}, {'bookingid': 2987}, {'bookingid': 3135}, {'bookingid': 2015}, {'bookingid': 319}, {'bookingid': 1434}, {'bookingid': 2903}, {'bookingid': 3162}, {'bookingid': 1785}, {'bookingid': 1910}, {'bookingid': 2858}, {'bookingid': 866}, {'bookingid': 1520}, {'bookingid': 2854}, {'bookingid': 2479}, {'bookingid': 73}, {'bookingid': 2300}, {'bookingid': 449}, {'bookingid': 1947}, {'bookingid': 1565}, {'bookingid': 3070}, {'bookingid': 245}, {'bookingid': 2982}, {'bookingid': 1599}, {'bookingid': 1437}, {'bookingid': 1104}, {'bookingid': 452}, {'bookingid': 3644}, {'bookingid': 94}, {'bookingid': 2154}, {'bookingid': 2220}, {'bookingid': 1568}, {'bookingid': 447}, {'bookingid': 3318}, {'bookingid': 2473}, {'bookingid': 1182}, {'bookingid': 349}, {'bookingid': 1737}, {'bookingid': 1401}, {'bookingid': 2344}, {'bookingid': 2522}, {'bookingid': 97}, {'bookingid': 530}, {'bookingid': 1476}, {'bookingid': 1186}, {'bookingid': 780}, {'bookingid': 3}, {'bookingid': 1755}, {'bookingid': 2102}, {'bookingid': 1189}, {'bookingid': 3489}, {'bookingid': 2512}, {'bookingid': 110}, {'bookingid': 79}, {'bookingid': 703}, {'bookingid': 1578}, {'bookingid': 664}, {'bookingid': 1151}, {'bookingid': 133}, {'bookingid': 2964}, {'bookingid': 388}, {'bookingid': 3250}, {'bookingid': 2597}, {'bookingid': 1320}, {'bookingid': 1525}, {'bookingid': 803}, {'bookingid': 2613}, {'bookingid': 1532}, {'bookingid': 773}, {'bookingid': 2545}, {'bookingid': 557}, {'bookingid': 567}, {'bookingid': 1134}, {'bookingid': 40}, {'bookingid': 548}, {'bookingid': 1337}, {'bookingid': 1258}, {'bookingid': 494}, {'bookingid': 2588}, {'bookingid': 17}, {'bookingid': 3336}, {'bookingid': 1615}, {'bookingid': 3457}, {'bookingid': 1800}, {'bookingid': 2454}, {'bookingid': 2694}, {'bookingid': 240}, {'bookingid': 2147}, {'bookingid': 3209}, {'bookingid': 3353}, {'bookingid': 1173}, {'bookingid': 1445}, {'bookingid': 2388}, {'bookingid': 549}, {'bookingid': 3341}, {'bookingid': 1795}, {'bookingid': 71}, {'bookingid': 826}, {'bookingid': 172}, {'bookingid': 1027}, {'bookingid': 3051}, {'bookingid': 753}, {'bookingid': 2691}, {'bookingid': 2163}, {'bookingid': 186}, {'bookingid': 2636}, {'bookingid': 770}, {'bookingid': 1770}, {'bookingid': 1026}, {'bookingid': 2356}, {'bookingid': 807}, {'bookingid': 819}, {'bookingid': 1880}, {'bookingid': 946}, {'bookingid': 2770}, {'bookingid': 1060}, {'bookingid': 823}, {'bookingid': 3063}, {'bookingid': 3008}, {'bookingid': 2538}, {'bookingid': 1123}, {'bookingid': 455}, {'bookingid': 204}, {'bookingid': 735}, {'bookingid': 397}, {'bookingid': 2934}, {'bookingid': 994}, {'bookingid': 1278}, {'bookingid': 1453}, {'bookingid': 2541}, {'bookingid': 3263}, {'bookingid': 1815}, {'bookingid': 3198}, {'bookingid': 3659}, {'bookingid': 1352}, {'bookingid': 3445}, {'bookingid': 1763}, {'bookingid': 3625}, {'bookingid': 2788}, {'bookingid': 2140}, {'bookingid': 2342}, {'bookingid': 3026}, {'bookingid': 1652}, {'bookingid': 609}, {'bookingid': 163}, {'bookingid': 1070}, {'bookingid': 619}, {'bookingid': 1039}, {'bookingid': 3543}, {'bookingid': 3044}, {'bookingid': 1669}, {'bookingid': 270}, {'bookingid': 1664}, {'bookingid': 2193}, {'bookingid': 2939}, {'bookingid': 3615}, {'bookingid': 205}, {'bookingid': 1740}, {'bookingid': 2757}, {'bookingid': 1220}, {'bookingid': 1146}, {'bookingid': 1051}, {'bookingid': 1053}, {'bookingid': 3065}, {'bookingid': 1670}, {'bookingid': 2778}, {'bookingid': 2649}, {'bookingid': 2192}, {'bookingid': 2025}, {'bookingid': 425}, {'bookingid': 1712}, {'bookingid': 2583}, {'bookingid': 3513}, {'bookingid': 90}, {'bookingid': 2206}, {'bookingid': 140}, {'bookingid': 527}, {'bookingid': 1208}, {'bookingid': 366}, {'bookingid': 3321}, {'bookingid': 3029}, {'bookingid': 1777}, {'bookingid': 2341}, {'bookingid': 2439}, {'bookingid': 2275}, {'bookingid': 321}, {'bookingid': 733}, {'bookingid': 222}, {'bookingid': 2569}, {'bookingid': 47}, {'bookingid': 1411}, {'bookingid': 3316}, {'bookingid': 895}, {'bookingid': 815}, {'bookingid': 566}, {'bookingid': 419}, {'bookingid': 1427}, {'bookingid': 988}, {'bookingid': 1625}, {'bookingid': 3130}, {'bookingid': 2837}, {'bookingid': 2130}, {'bookingid': 51}, {'bookingid': 3193}, {'bookingid': 1764}, {'bookingid': 1589}, {'bookingid': 1050}, {'bookingid': 3003}, {'bookingid': 1744}, {'bookingid': 1952}, {'bookingid': 3320}, {'bookingid': 2784}, {'bookingid': 3356}, {'bookingid': 876}, {'bookingid': 1688}, {'bookingid': 2406}, {'bookingid': 2003}, {'bookingid': 3571}, {'bookingid': 3439}, {'bookingid': 1205}, {'bookingid': 2994}, {'bookingid': 3477}, {'bookingid': 1197}, {'bookingid': 1196}, {'bookingid': 785}, {'bookingid': 3505}, {'bookingid': 9}, {'bookingid': 2639}, {'bookingid': 3301}, {'bookingid': 1602}, {'bookingid': 736}, {'bookingid': 2353}, {'bookingid': 911}, {'bookingid': 3109}, {'bookingid': 2214}, {'bookingid': 1032}, {'bookingid': 3535}, {'bookingid': 1676}, {'bookingid': 3501}, {'bookingid': 1808}, {'bookingid': 2677}, {'bookingid': 2803}, {'bookingid': 3573}, {'bookingid': 3585}, {'bookingid': 1683}, {'bookingid': 920}, {'bookingid': 1303}, {'bookingid': 2543}, {'bookingid': 2352}, {'bookingid': 1241}, {'bookingid': 650}, {'bookingid': 3345}, {'bookingid': 109}, {'bookingid': 636}, {'bookingid': 2977}, {'bookingid': 1922}, {'bookingid': 2375}, {'bookingid': 691}, {'bookingid': 2066}, {'bookingid': 910}, {'bookingid': 1945}, {'bookingid': 1367}, {'bookingid': 1503}, {'bookingid': 1176}, {'bookingid': 1319}, {'bookingid': 3434}, {'bookingid': 203}, {'bookingid': 1665}, {'bookingid': 584}, {'bookingid': 247}, {'bookingid': 1311}, {'bookingid': 3192}, {'bookingid': 3655}, {'bookingid': 1424}, {'bookingid': 3025}, {'bookingid': 1162}, {'bookingid': 1592}, {'bookingid': 1813}, {'bookingid': 2258}, {'bookingid': 706}, {'bookingid': 2260}, {'bookingid': 193}, {'bookingid': 1651}, {'bookingid': 488}, {'bookingid': 1872}, {'bookingid': 3022}, {'bookingid': 1216}, {'bookingid': 3121}, {'bookingid': 2869}, {'bookingid': 1404}, {'bookingid': 18}, {'bookingid': 1840}, {'bookingid': 1895}, {'bookingid': 2014}, {'bookingid': 3490}, {'bookingid': 1706}, {'bookingid': 3648}, {'bookingid': 2722}, {'bookingid': 1100}, {'bookingid': 2695}, {'bookingid': 2754}, {'bookingid': 1149}, {'bookingid': 3245}, {'bookingid': 3472}, {'bookingid': 2658}, {'bookingid': 3199}, {'bookingid': 60}, {'bookingid': 3358}, {'bookingid': 2861}, {'bookingid': 1232}, {'bookingid': 3098}, {'bookingid': 512}, {'bookingid': 2117}, {'bookingid': 2053}, {'bookingid': 3350}, {'bookingid': 628}, {'bookingid': 3154}, {'bookingid': 551}, {'bookingid': 2892}, {'bookingid': 2254}, {'bookingid': 538}, {'bookingid': 1076}, {'bookingid': 472}, {'bookingid': 1109}, {'bookingid': 1822}, {'bookingid': 1079}, {'bookingid': 3604}, {'bookingid': 1045}, {'bookingid': 1981}, {'bookingid': 506}, {'bookingid': 690}, {'bookingid': 3260}, {'bookingid': 1381}, {'bookingid': 2002}, {'bookingid': 606}, {'bookingid': 2562}, {'bookingid': 1545}, {'bookingid': 974}, {'bookingid': 2961}, {'bookingid': 390}, {'bookingid': 1881}, {'bookingid': 3404}, {'bookingid': 1829}, {'bookingid': 878}, {'bookingid': 1065}, {'bookingid': 1031}, {'bookingid': 1296}, {'bookingid': 2756}, {'bookingid': 1033}, {'bookingid': 2125}, {'bookingid': 1722}, {'bookingid': 2058}, {'bookingid': 2349}, {'bookingid': 1415}, {'bookingid': 3673}, {'bookingid': 3651}, {'bookingid': 3520}, {'bookingid': 365}, {'bookingid': 1133}, {'bookingid': 3106}, {'bookingid': 2523}, {'bookingid': 3606}, {'bookingid': 1648}, {'bookingid': 2191}, {'bookingid': 2242}, {'bookingid': 601}, {'bookingid': 1293}, {'bookingid': 854}, {'bookingid': 259}, {'bookingid': 2431}, {'bookingid': 2009}, {'bookingid': 927}, {'bookingid': 1484}, {'bookingid': 3280}, {'bookingid': 3142}, {'bookingid': 514}, {'bookingid': 2950}, {'bookingid': 3357}, {'bookingid': 3412}, {'bookingid': 1663}, {'bookingid': 3171}, {'bookingid': 511}, {'bookingid': 135}, {'bookingid': 3079}, {'bookingid': 534}, {'bookingid': 1671}, {'bookingid': 1312}, {'bookingid': 481}, {'bookingid': 2822}, {'bookingid': 1784}, {'bookingid': 370}, {'bookingid': 2557}, {'bookingid': 476}, {'bookingid': 1685}, {'bookingid': 1617}, {'bookingid': 2160}, {'bookingid': 2387}, {'bookingid': 1783}, {'bookingid': 2203}, {'bookingid': 760}, {'bookingid': 396}, {'bookingid': 3034}, {'bookingid': 576}, {'bookingid': 3343}, {'bookingid': 1451}, {'bookingid': 2980}, {'bookingid': 119}, {'bookingid': 1057}, {'bookingid': 3552}, {'bookingid': 3386}, {'bookingid': 1579}, {'bookingid': 2021}, {'bookingid': 963}, {'bookingid': 10}, {'bookingid': 324}, {'bookingid': 49}, {'bookingid': 1948}, {'bookingid': 443}, {'bookingid': 3221}, {'bookingid': 1931}, {'bookingid': 3521}, {'bookingid': 3618}, {'bookingid': 2513}, {'bookingid': 332}, {'bookingid': 3014}, {'bookingid': 144}, {'bookingid': 2699}, {'bookingid': 746}, {'bookingid': 2711}, {'bookingid': 1820}, {'bookingid': 2527}, {'bookingid': 3153}, {'bookingid': 2741}, {'bookingid': 1645}, {'bookingid': 3251}, {'bookingid': 991}, {'bookingid': 299}, {'bookingid': 2740}, {'bookingid': 2650}, {'bookingid': 339}, {'bookingid': 997}, {'bookingid': 3465}, {'bookingid': 2196}, {'bookingid': 2394}, {'bookingid': 492}, {'bookingid': 3380}, {'bookingid': 1457}, {'bookingid': 1270}, {'bookingid': 2491}, {'bookingid': 3392}, {'bookingid': 1541}, {'bookingid': 715}, {'bookingid': 2296}, {'bookingid': 726}, {'bookingid': 923}, {'bookingid': 1145}, {'bookingid': 3646}, {'bookingid': 2955}, {'bookingid': 2232}, {'bookingid': 20}, {'bookingid': 344}, {'bookingid': 2446}, {'bookingid': 1639}, {'bookingid': 2791}, {'bookingid': 125}, {'bookingid': 3080}, {'bookingid': 3278}, {'bookingid': 3174}, {'bookingid': 2693}, {'bookingid': 174}, {'bookingid': 215}, {'bookingid': 2907}, {'bookingid': 2760}, {'bookingid': 427}, {'bookingid': 2550}, {'bookingid': 2235}, {'bookingid': 36}, {'bookingid': 2239}, {'bookingid': 2664}, {'bookingid': 938}, {'bookingid': 2115}, {'bookingid': 1990}, {'bookingid': 2642}, {'bookingid': 3086}, {'bookingid': 2968}, {'bookingid': 708}, {'bookingid': 2679}, {'bookingid': 834}, {'bookingid': 456}, {'bookingid': 1492}, {'bookingid': 2403}, {'bookingid': 1001}, {'bookingid': 1807}, {'bookingid': 3441}, {'bookingid': 949}, {'bookingid': 1919}, {'bookingid': 2652}, {'bookingid': 590}, {'bookingid': 587}, {'bookingid': 15}, {'bookingid': 2153}, {'bookingid': 2132}, {'bookingid': 2884}, {'bookingid': 1792}, {'bookingid': 2520}, {'bookingid': 2321}, {'bookingid': 1175}, {'bookingid': 1827}, {'bookingid': 918}, {'bookingid': 871}, {'bookingid': 1687}, {'bookingid': 1905}, {'bookingid': 1675}, {'bookingid': 2927}, {'bookingid': 2743}, {'bookingid': 1378}, {'bookingid': 474}, {'bookingid': 1275}, {'bookingid': 556}, {'bookingid': 2535}, {'bookingid': 3450}, {'bookingid': 1817}, {'bookingid': 2282}, {'bookingid': 2560}, {'bookingid': 96}, {'bookingid': 2120}, {'bookingid': 1886}, {'bookingid': 2383}, {'bookingid': 1555}, {'bookingid': 2064}, {'bookingid': 1233}, {'bookingid': 67}, {'bookingid': 248}, {'bookingid': 1264}, {'bookingid': 3463}, {'bookingid': 3037}, {'bookingid': 2063}, {'bookingid': 2279}, {'bookingid': 959}, {'bookingid': 2161}, {'bookingid': 2637}, {'bookingid': 1559}, {'bookingid': 3630}, {'bookingid': 1131}, {'bookingid': 654}, {'bookingid': 1246}, {'bookingid': 118}, {'bookingid': 2355}, {'bookingid': 1202}, {'bookingid': 2263}, {'bookingid': 1748}, {'bookingid': 973}, {'bookingid': 1743}, {'bookingid': 1440}, {'bookingid': 1332}, {'bookingid': 1626}, {'bookingid': 2097}, {'bookingid': 2986}, {'bookingid': 1653}, {'bookingid': 599}, {'bookingid': 2546}, {'bookingid': 2486}, {'bookingid': 3138}, {'bookingid': 26}, {'bookingid': 53}, {'bookingid': 1324}, {'bookingid': 1336}, {'bookingid': 683}, {'bookingid': 1942}, {'bookingid': 1727}, {'bookingid': 438}, {'bookingid': 2414}, {'bookingid': 58}, {'bookingid': 84}, {'bookingid': 2093}, {'bookingid': 3091}, {'bookingid': 1263}, {'bookingid': 1288}, {'bookingid': 1631}, {'bookingid': 3351}, {'bookingid': 2846}, {'bookingid': 331}, {'bookingid': 422}, {'bookingid': 2894}, {'bookingid': 3409}, {'bookingid': 1911}, {'bookingid': 1165}, {'bookingid': 3119}, {'bookingid': 3327}, {'bookingid': 2442}, {'bookingid': 2645}, {'bookingid': 105}, {'bookingid': 103}, {'bookingid': 986}, {'bookingid': 3001}, {'bookingid': 847}, {'bookingid': 460}, {'bookingid': 539}, {'bookingid': 2856}, {'bookingid': 2596}, {'bookingid': 1732}, {'bookingid': 2595}, {'bookingid': 1680}, {'bookingid': 3010}, {'bookingid': 166}, {'bookingid': 1169}, {'bookingid': 3182}, {'bookingid': 1286}, {'bookingid': 1214}, {'bookingid': 1803}, {'bookingid': 2920}, {'bookingid': 1325}, {'bookingid': 2145}, {'bookingid': 433}, {'bookingid': 3410}, {'bookingid': 2723}, {'bookingid': 2872}, {'bookingid': 2139}, {'bookingid': 741}, {'bookingid': 230}, {'bookingid': 2327}, {'bookingid': 1047}, {'bookingid': 2720}, {'bookingid': 3376}, {'bookingid': 1830}, {'bookingid': 1889}, {'bookingid': 3302}, {'bookingid': 524}, {'bookingid': 738}, {'bookingid': 3485}, {'bookingid': 77}, {'bookingid': 993}, {'bookingid': 1518}, {'bookingid': 3100}, {'bookingid': 2887}, {'bookingid': 1463}, {'bookingid': 3074}, {'bookingid': 2839}, {'bookingid': 1926}, {'bookingid': 1458}, {'bookingid': 774}, {'bookingid': 3240}, {'bookingid': 2075}, {'bookingid': 3633}, {'bookingid': 3210}, {'bookingid': 1420}, {'bookingid': 1391}, {'bookingid': 3129}, {'bookingid': 3525}, {'bookingid': 2204}, {'bookingid': 944}, {'bookingid': 1362}, {'bookingid': 2865}, {'bookingid': 2606}, {'bookingid': 3551}, {'bookingid': 1749}, {'bookingid': 1953}, {'bookingid': 64}, {'bookingid': 1877}, {'bookingid': 432}, {'bookingid': 1486}, {'bookingid': 3641}, {'bookingid': 1636}, {'bookingid': 184}, {'bookingid': 1914}, {'bookingid': 560}, {'bookingid': 1346}, {'bookingid': 440}, {'bookingid': 2995}, {'bookingid': 23}, {'bookingid': 298}, {'bookingid': 1773}, {'bookingid': 63}, {'bookingid': 2493}, {'bookingid': 2502}, {'bookingid': 1780}, {'bookingid': 3538}, {'bookingid': 717}, {'bookingid': 301}, {'bookingid': 1273}, {'bookingid': 2814}, {'bookingid': 1707}, {'bookingid': 209}, {'bookingid': 2801}, {'bookingid': 218}, {'bookingid': 1654}, {'bookingid': 2050}, {'bookingid': 3550}, {'bookingid': 2418}, {'bookingid': 444}, {'bookingid': 3289}, {'bookingid': 2019}, {'bookingid': 555}, {'bookingid': 787}, {'bookingid': 83}, {'bookingid': 3372}, {'bookingid': 2748}, {'bookingid': 2166}, {'bookingid': 921}, {'bookingid': 1361}, {'bookingid': 3375}, {'bookingid': 3609}, {'bookingid': 2727}, {'bookingid': 2834}, {'bookingid': 111}, {'bookingid': 1022}, {'bookingid': 1691}, {'bookingid': 326}, {'bookingid': 885}, {'bookingid': 1978}, {'bookingid': 1135}, {'bookingid': 187}, {'bookingid': 1962}, {'bookingid': 1497}, {'bookingid': 958}, {'bookingid': 379}, {'bookingid': 1219}, {'bookingid': 2505}, {'bookingid': 2577}, {'bookingid': 2005}, {'bookingid': 3531}, {'bookingid': 591}, {'bookingid': 2828}, {'bookingid': 2554}, {'bookingid': 1950}, {'bookingid': 3308}, {'bookingid': 499}, {'bookingid': 1172}, {'bookingid': 138}, {'bookingid': 861}, {'bookingid': 2785}, {'bookingid': 2212}, {'bookingid': 2718}, {'bookingid': 937}, {'bookingid': 3576}, {'bookingid': 515}, {'bookingid': 1633}, {'bookingid': 1699}, {'bookingid': 1291}, {'bookingid': 61}, {'bookingid': 1603}, {'bookingid': 2464}, {'bookingid': 1268}, {'bookingid': 1405}, {'bookingid': 1442}, {'bookingid': 1360}, {'bookingid': 147}, {'bookingid': 1379}, {'bookingid': 1836}, {'bookingid': 2937}, {'bookingid': 705}, {'bookingid': 1594}, {'bookingid': 3097}, {'bookingid': 238}, {'bookingid': 1715}, {'bookingid': 981}, {'bookingid': 2705}, {'bookingid': 3156}, {'bookingid': 2776}, {'bookingid': 2322}, {'bookingid': 1058}, {'bookingid': 3056}, {'bookingid': 1159}, {'bookingid': 328}, {'bookingid': 1170}, {'bookingid': 1570}, {'bookingid': 698}, {'bookingid': 1314}, {'bookingid': 1064}, {'bookingid': 2456}, {'bookingid': 116}, {'bookingid': 689}, {'bookingid': 3388}, {'bookingid': 3577}, {'bookingid': 210}, {'bookingid': 2037}, {'bookingid': 1052}, {'bookingid': 2051}, {'bookingid': 498}, {'bookingid': 825}, {'bookingid': 44}, {'bookingid': 3229}, {'bookingid': 232}, {'bookingid': 839}, {'bookingid': 1608}, {'bookingid': 294}, {'bookingid': 2420}, {'bookingid': 3256}, {'bookingid': 2499}, {'bookingid': 2146}, {'bookingid': 2246}, {'bookingid': 241}, {'bookingid': 2169}, {'bookingid': 1127}, {'bookingid': 658}, {'bookingid': 1558}, {'bookingid': 336}, {'bookingid': 2648}, {'bookingid': 3057}, {'bookingid': 644}, {'bookingid': 2959}, {'bookingid': 1897}, {'bookingid': 3223}, {'bookingid': 3540}, {'bookingid': 1387}, {'bookingid': 1212}, {'bookingid': 3470}, {'bookingid': 3088}, {'bookingid': 1975}, {'bookingid': 1640}, {'bookingid': 1256}, {'bookingid': 1002}, {'bookingid': 2570}, {'bookingid': 795}, {'bookingid': 663}, {'bookingid': 1846}, {'bookingid': 2768}, {'bookingid': 2078}, {'bookingid': 1426}, {'bookingid': 3276}, {'bookingid': 412}, {'bookingid': 2186}, {'bookingid': 1728}, {'bookingid': 2035}, {'bookingid': 2449}, {'bookingid': 3649}, {'bookingid': 2742}, {'bookingid': 213}, {'bookingid': 3337}, {'bookingid': 25}, {'bookingid': 1987}, {'bookingid': 2603}, {'bookingid': 1539}, {'bookingid': 3324}, {'bookingid': 1074}, {'bookingid': 3595}, {'bookingid': 2151}, {'bookingid': 1618}, {'bookingid': 2122}, {'bookingid': 3574}, {'bookingid': 346}, {'bookingid': 2467}, {'bookingid': 1703}, {'bookingid': 2524}, {'bookingid': 2290}, {'bookingid': 3082}, {'bookingid': 450}, {'bookingid': 1637}, {'bookingid': 743}, {'bookingid': 114}, {'bookingid': 3561}, {'bookingid': 405}, {'bookingid': 1114}, {'bookingid': 3235}, {'bookingid': 2123}, {'bookingid': 521}, {'bookingid': 2813}, {'bookingid': 656}, {'bookingid': 2391}, {'bookingid': 720}, {'bookingid': 3017}, {'bookingid': 289}, {'bookingid': 2482}, {'bookingid': 3623}, {'bookingid': 3500}, {'bookingid': 2931}, {'bookingid': 1999}, {'bookingid': 2070}, {'bookingid': 2325}, {'bookingid': 520}, {'bookingid': 1277}, {'bookingid': 1666}, {'bookingid': 276}, {'bookingid': 2243}, {'bookingid': 1421}, {'bookingid': 352}, {'bookingid': 503}, {'bookingid': 892}, {'bookingid': 964}, {'bookingid': 3461}, {'bookingid': 1226}, {'bookingid': 401}, {'bookingid': 1835}, {'bookingid': 1306}, {'bookingid': 295}, {'bookingid': 3225}, {'bookingid': 2488}, {'bookingid': 525}, {'bookingid': 3342}, {'bookingid': 2177}, {'bookingid': 307}, {'bookingid': 615}, {'bookingid': 2225}, {'bookingid': 2690}, {'bookingid': 292}, {'bookingid': 675}, {'bookingid': 1863}, {'bookingid': 1824}, {'bookingid': 2042}, {'bookingid': 1561}, {'bookingid': 50}, {'bookingid': 2073}, {'bookingid': 2763}, {'bookingid': 1067}, {'bookingid': 2199}, {'bookingid': 2914}, {'bookingid': 2103}, {'bookingid': 377}, {'bookingid': 897}, {'bookingid': 3184}, {'bookingid': 3596}, {'bookingid': 2412}, {'bookingid': 1207}, {'bookingid': 3031}, {'bookingid': 2750}, {'bookingid': 3462}, {'bookingid': 330}, {'bookingid': 2912}, {'bookingid': 766}, {'bookingid': 2207}, {'bookingid': 3243}, {'bookingid': 2076}, {'bookingid': 2812}, {'bookingid': 2118}, {'bookingid': 2777}, {'bookingid': 1358}, {'bookingid': 2712}, {'bookingid': 1705}, {'bookingid': 1761}, {'bookingid': 1943}, {'bookingid': 1825}, {'bookingid': 2302}, {'bookingid': 3621}, {'bookingid': 2632}, {'bookingid': 3021}, {'bookingid': 264}, {'bookingid': 880}, {'bookingid': 1900}, {'bookingid': 2735}, {'bookingid': 2085}, {'bookingid': 2924}, {'bookingid': 883}, {'bookingid': 246}, {'bookingid': 1061}, {'bookingid': 1819}, {'bookingid': 3430}, {'bookingid': 2775}, {'bookingid': 2729}, {'bookingid': 69}, {'bookingid': 1641}, {'bookingid': 255}, {'bookingid': 2273}, {'bookingid': 714}, {'bookingid': 3323}, {'bookingid': 1966}, {'bookingid': 459}, {'bookingid': 220}, {'bookingid': 279}, {'bookingid': 2369}, {'bookingid': 2855}, {'bookingid': 2006}, {'bookingid': 1909}, {'bookingid': 1118}, {'bookingid': 2271}, {'bookingid': 730}, {'bookingid': 2088}, {'bookingid': 2000}, {'bookingid': 2973}, {'bookingid': 3645}, {'bookingid': 537}, {'bookingid': 1181}, {'bookingid': 1758}, {'bookingid': 3115}, {'bookingid': 3040}, {'bookingid': 2494}, {'bookingid': 3329}, {'bookingid': 446}, {'bookingid': 2281}, {'bookingid': 3496}, {'bookingid': 3150}, {'bookingid': 80}, {'bookingid': 2901}, {'bookingid': 1308}, {'bookingid': 38}, {'bookingid': 832}, {'bookingid': 1506}, {'bookingid': 2382}, {'bookingid': 3206}, {'bookingid': 2587}, {'bookingid': 2833}, {'bookingid': 1091}, {'bookingid': 952}, {'bookingid': 1718}, {'bookingid': 3564}, {'bookingid': 2182}, {'bookingid': 3589}, {'bookingid': 724}, {'bookingid': 3032}, {'bookingid': 3311}, {'bookingid': 323}, {'bookingid': 2800}, {'bookingid': 2688}, {'bookingid': 2421}, {'bookingid': 2176}, {'bookingid': 2339}, {'bookingid': 2200}, {'bookingid': 3013}, {'bookingid': 2578}, {'bookingid': 2136}, {'bookingid': 1397}, {'bookingid': 1285}, {'bookingid': 985}, {'bookingid': 940}, {'bookingid': 1883}, {'bookingid': 624}, {'bookingid': 473}, {'bookingid': 2026}, {'bookingid': 1478}, {'bookingid': 3522}, {'bookingid': 3283}, {'bookingid': 139}, {'bookingid': 3002}, {'bookingid': 2993}, {'bookingid': 967}, {'bookingid': 798}, {'bookingid': 2485}, {'bookingid': 1759}, {'bookingid': 884}, {'bookingid': 812}, {'bookingid': 1960}, {'bookingid': 3581}, {'bookingid': 2303}, {'bookingid': 2594}, {'bookingid': 2373}, {'bookingid': 1307}, {'bookingid': 1464}, {'bookingid': 3668}, {'bookingid': 2167}, {'bookingid': 1874}, {'bookingid': 3588}, {'bookingid': 2174}, {'bookingid': 1163}, {'bookingid': 3030}, {'bookingid': 2298}, {'bookingid': 1964}, {'bookingid': 752}, {'bookingid': 1972}, {'bookingid': 89}, {'bookingid': 561}, {'bookingid': 1605}, {'bookingid': 570}, {'bookingid': 3061}, {'bookingid': 3437}, {'bookingid': 1906}, {'bookingid': 153}, {'bookingid': 2476}, {'bookingid': 2428}, {'bookingid': 2635}, {'bookingid': 2799}, {'bookingid': 2022}, {'bookingid': 2337}, {'bookingid': 935}, {'bookingid': 969}, {'bookingid': 1679}, {'bookingid': 2098}, {'bookingid': 881}, {'bookingid': 676}, {'bookingid': 1300}, {'bookingid': 362}, {'bookingid': 614}, {'bookingid': 2819}, {'bookingid': 1731}, {'bookingid': 2700}, {'bookingid': 266}, {'bookingid': 338}, {'bookingid': 2605}, {'bookingid': 159}, {'bookingid': 1294}, {'bookingid': 2138}, {'bookingid': 2542}, {'bookingid': 904}, {'bookingid': 424}, {'bookingid': 3408}, {'bookingid': 970}, {'bookingid': 3661}, {'bookingid': 3482}, {'bookingid': 1087}, {'bookingid': 358}, {'bookingid': 2330}, {'bookingid': 1077}, {'bookingid': 1852}, {'bookingid': 3642}, {'bookingid': 3417}, {'bookingid': 2796}, {'bookingid': 1986}, {'bookingid': 2974}, {'bookingid': 1766}, {'bookingid': 3359}, {'bookingid': 2904}, {'bookingid': 500}, {'bookingid': 3304}, {'bookingid': 407}, {'bookingid': 3081}, {'bookingid': 3218}, {'bookingid': 3400}, {'bookingid': 1090}, {'bookingid': 3387}, {'bookingid': 3605}, {'bookingid': 1494}, {'bookingid': 592}, {'bookingid': 3089}, {'bookingid': 372}, {'bookingid': 1019}, {'bookingid': 3020}, {'bookingid': 642}, {'bookingid': 2181}, {'bookingid': 142}, {'bookingid': 1543}, {'bookingid': 2529}, {'bookingid': 1359}, {'bookingid': 3151}, {'bookingid': 334}, {'bookingid': 1939}, {'bookingid': 1738}, {'bookingid': 1229}, {'bookingid': 3600}, {'bookingid': 3497}, {'bookingid': 106}, {'bookingid': 466}, {'bookingid': 3196}, {'bookingid': 1322}, {'bookingid': 657}, {'bookingid': 3627}, {'bookingid': 1092}, {'bookingid': 3107}, {'bookingid': 3072}, {'bookingid': 2958}, {'bookingid': 43}, {'bookingid': 191}, {'bookingid': 1619}, {'bookingid': 123}, {'bookingid': 533}, {'bookingid': 1812}, {'bookingid': 1272}, {'bookingid': 3330}, {'bookingid': 2081}, {'bookingid': 1597}, {'bookingid': 544}, {'bookingid': 3665}, {'bookingid': 1390}, {'bookingid': 936}, {'bookingid': 112}, {'bookingid': 2137}, {'bookingid': 249}, {'bookingid': 2988}, {'bookingid': 669}, {'bookingid': 469}, {'bookingid': 583}, {'bookingid': 868}, {'bookingid': 1059}, {'bookingid': 747}, {'bookingid': 1991}, {'bookingid': 518}, {'bookingid': 3118}, {'bookingid': 426}, {'bookingid': 1210}, {'bookingid': 146}, {'bookingid': 373}, {'bookingid': 2733}, {'bookingid': 1930}, {'bookingid': 671}, {'bookingid': 1157}, {'bookingid': 2459}, {'bookingid': 1855}, {'bookingid': 1228}, {'bookingid': 3619}, {'bookingid': 1402}, {'bookingid': 1436}, {'bookingid': 3204}, {'bookingid': 3510}, {'bookingid': 1326}, {'bookingid': 1786}, {'bookingid': 1262}, {'bookingid': 395}, {'bookingid': 593}, {'bookingid': 1147}, {'bookingid': 30}, {'bookingid': 2908}, {'bookingid': 1429}, {'bookingid': 1571}, {'bookingid': 3578}, {'bookingid': 475}, {'bookingid': 3038}, {'bookingid': 489}, {'bookingid': 1531}, {'bookingid': 33}, {'bookingid': 1341}, {'bookingid': 1839}, {'bookingid': 1700}, {'bookingid': 3105}, {'bookingid': 3335}, {'bookingid': 120}, {'bookingid': 1369}, {'bookingid': 1610}, {'bookingid': 1418}, {'bookingid': 2626}, {'bookingid': 464}, {'bookingid': 573}, {'bookingid': 2013}, {'bookingid': 755}, {'bookingid': 2396}, {'bookingid': 1239}, {'bookingid': 1385}, {'bookingid': 341}, {'bookingid': 2202}, {'bookingid': 505}, {'bookingid': 11}, {'bookingid': 385}, {'bookingid': 486}, {'bookingid': 2367}, {'bookingid': 2896}, {'bookingid': 844}, {'bookingid': 251}, {'bookingid': 2309}, {'bookingid': 1192}, {'bookingid': 1801}, {'bookingid': 900}, {'bookingid': 2654}, {'bookingid': 3039}, {'bookingid': 2997}, {'bookingid': 1523}, {'bookingid': 3312}, {'bookingid': 337}, {'bookingid': 550}, {'bookingid': 1719}, {'bookingid': 2989}, {'bookingid': 1574}, {'bookingid': 2619}, {'bookingid': 52}, {'bookingid': 822}, {'bookingid': 150}, {'bookingid': 1734}, {'bookingid': 2234}, {'bookingid': 2566}, {'bookingid': 3499}, {'bookingid': 2963}, {'bookingid': 1917}, {'bookingid': 1833}, {'bookingid': 1188}, {'bookingid': 3377}, {'bookingid': 3200}, {'bookingid': 749}, {'bookingid': 3598}, {'bookingid': 2039}, {'bookingid': 2112}, {'bookingid': 1647}, {'bookingid': 2150}, {'bookingid': 2888}, {'bookingid': 1904}, {'bookingid': 980}, {'bookingid': 280}, {'bookingid': 2584}, {'bookingid': 2680}, {'bookingid': 2392}, {'bookingid': 3381}, {'bookingid': 1694}, {'bookingid': 842}, {'bookingid': 1598}, {'bookingid': 2468}, {'bookingid': 404}, {'bookingid': 2666}, {'bookingid': 791}, {'bookingid': 2847}, {'bookingid': 1353}, {'bookingid': 1526}, {'bookingid': 2437}, {'bookingid': 2144}, {'bookingid': 2397}, {'bookingid': 3211}, {'bookingid': 34}, {'bookingid': 81}, {'bookingid': 660}, {'bookingid': 2259}, {'bookingid': 411}, {'bookingid': 3234}, {'bookingid': 12}, {'bookingid': 1898}, {'bookingid': 1554}, {'bookingid': 744}, {'bookingid': 2820}, {'bookingid': 519}, {'bookingid': 788}, {'bookingid': 1983}, {'bookingid': 2317}, {'bookingid': 3076}, {'bookingid': 363}, {'bookingid': 1448}, {'bookingid': 1452}, {'bookingid': 1882}, {'bookingid': 1108}, {'bookingid': 1580}, {'bookingid': 2764}, {'bookingid': 979}, {'bookingid': 3217}, {'bookingid': 1725}, {'bookingid': 1299}, {'bookingid': 254}, {'bookingid': 297}, {'bookingid': 799}, {'bookingid': 1117}, {'bookingid': 1130}, {'bookingid': 1372}, {'bookingid': 3116}, {'bookingid': 1183}, {'bookingid': 2462}, {'bookingid': 1515}, {'bookingid': 928}, {'bookingid': 3062}, {'bookingid': 1750}, {'bookingid': 2769}, {'bookingid': 2949}, {'bookingid': 2882}, {'bookingid': 1331}, {'bookingid': 2555}, {'bookingid': 1834}, {'bookingid': 3527}, {'bookingid': 3558}, {'bookingid': 1190}, {'bookingid': 1582}, {'bookingid': 2366}, {'bookingid': 1756}, {'bookingid': 3383}, {'bookingid': 3227}, {'bookingid': 3113}, {'bookingid': 342}, {'bookingid': 3562}, {'bookingid': 180}, {'bookingid': 1634}, {'bookingid': 198}, {'bookingid': 2331}, {'bookingid': 2257}, {'bookingid': 1305}, {'bookingid': 1584}, {'bookingid': 696}, {'bookingid': 1513}, {'bookingid': 2072}, {'bookingid': 2716}, {'bookingid': 3176}, {'bookingid': 1790}, {'bookingid': 1455}, {'bookingid': 2804}, {'bookingid': 3197}, {'bookingid': 2886}, {'bookingid': 2875}, {'bookingid': 2866}, {'bookingid': 1989}, {'bookingid': 2251}, {'bookingid': 1658}, {'bookingid': 1771}, {'bookingid': 2048}, {'bookingid': 3161}, {'bookingid': 124}, {'bookingid': 898}, {'bookingid': 92}, {'bookingid': 126}, {'bookingid': 759}, {'bookingid': 1068}, {'bookingid': 903}, {'bookingid': 194}, {'bookingid': 572}, {'bookingid': 2634}, {'bookingid': 1586}, {'bookingid': 2827}, {'bookingid': 828}, {'bookingid': 3611}, {'bookingid': 2783}, {'bookingid': 1373}, {'bookingid': 66}, {'bookingid': 1384}, {'bookingid': 1861}, {'bookingid': 31}, {'bookingid': 1536}, {'bookingid': 1902}, {'bookingid': 3043}, {'bookingid': 1028}, {'bookingid': 1552}, {'bookingid': 1438}, {'bookingid': 368}, {'bookingid': 409}, {'bookingid': 207}, {'bookingid': 998}, {'bookingid': 1347}, {'bookingid': 1471}, {'bookingid': 3555}, {'bookingid': 1094}, {'bookingid': 562}, {'bookingid': 480}, {'bookingid': 3650}, {'bookingid': 2107}, {'bookingid': 3382}, {'bookingid': 2400}, {'bookingid': 3314}, {'bookingid': 2461}, {'bookingid': 3671}, {'bookingid': 1048}, {'bookingid': 3402}, {'bookingid': 1533}, {'bookingid': 1984}, {'bookingid': 3134}, {'bookingid': 3556}, {'bookingid': 2599}, {'bookingid': 451}, {'bookingid': 2306}, {'bookingid': 3424}, {'bookingid': 3444}, {'bookingid': 2790}, {'bookingid': 2091}, {'bookingid': 3657}, {'bookingid': 1085}, {'bookingid': 1934}, {'bookingid': 942}, {'bookingid': 479}, {'bookingid': 369}, {'bookingid': 2692}, {'bookingid': 2340}, {'bookingid': 3328}, {'bookingid': 3654}, {'bookingid': 3545}, {'bookingid': 3275}, {'bookingid': 2835}, {'bookingid': 3294}, {'bookingid': 1211}, {'bookingid': 596}, {'bookingid': 729}, {'bookingid': 1590}, {'bookingid': 1252}, {'bookingid': 1198}, {'bookingid': 2247}, {'bookingid': 3506}, {'bookingid': 2898}, {'bookingid': 86}, {'bookingid': 408}, {'bookingid': 2288}, {'bookingid': 1842}, {'bookingid': 1789}, {'bookingid': 2726}, {'bookingid': 2913}, {'bookingid': 1446}, {'bookingid': 1866}, {'bookingid': 275}, {'bookingid': 2830}, {'bookingid': 1979}, {'bookingid': 2965}, {'bookingid': 1431}, {'bookingid': 167}, {'bookingid': 3484}, {'bookingid': 1282}, {'bookingid': 3125}, {'bookingid': 3481}, {'bookingid': 1005}, {'bookingid': 2863}, {'bookingid': 3677}, {'bookingid': 2759}, {'bookingid': 1677}, {'bookingid': 1040}, {'bookingid': 618}, {'bookingid': 692}, {'bookingid': 1477}, {'bookingid': 3544}, {'bookingid': 3591}, {'bookingid': 3258}, {'bookingid': 2621}, {'bookingid': 2370}, {'bookingid': 256}, {'bookingid': 805}, {'bookingid': 987}, {'bookingid': 3110}, {'bookingid': 2972}, {'bookingid': 3664}, {'bookingid': 2676}, {'bookingid': 637}, {'bookingid': 4}, {'bookingid': 304}, {'bookingid': 2581}, {'bookingid': 668}, {'bookingid': 1017}, {'bookingid': 229}, {'bookingid': 160}, {'bookingid': 699}, {'bookingid': 2607}, {'bookingid': 2793}, {'bookingid': 3547}, {'bookingid': 45}, {'bookingid': 2936}, {'bookingid': 837}, {'bookingid': 70}, {'bookingid': 2928}, {'bookingid': 2402}, {'bookingid': 3478}, {'bookingid': 1925}, {'bookingid': 810}, {'bookingid': 677}, {'bookingid': 3215}, {'bookingid': 582}, {'bookingid': 3185}, {'bookingid': 581}, {'bookingid': 681}, {'bookingid': 2045}, {'bookingid': 763}, {'bookingid': 3261}, {'bookingid': 226}, {'bookingid': 1754}, {'bookingid': 3307}, {'bookingid': 3146}, {'bookingid': 682}, {'bookingid': 3124}, {'bookingid': 817}, {'bookingid': 2197}, {'bookingid': 2438}, {'bookingid': 1528}, {'bookingid': 509}, {'bookingid': 2531}, {'bookingid': 2738}, {'bookingid': 2311}, {'bookingid': 2508}, {'bookingid': 510}, {'bookingid': 2591}, {'bookingid': 569}, {'bookingid': 765}, {'bookingid': 2172}, {'bookingid': 2033}, {'bookingid': 830}, {'bookingid': 2057}, {'bookingid': 2179}, {'bookingid': 1259}, {'bookingid': 2628}, {'bookingid': 3333}, {'bookingid': 526}, {'bookingid': 3374}, {'bookingid': 398}, {'bookingid': 1583}, {'bookingid': 2792}, {'bookingid': 1563}, {'bookingid': 1745}, {'bookingid': 1467}, {'bookingid': 3016}, {'bookingid': 1547}, {'bookingid': 2910}, {'bookingid': 2328}, {'bookingid': 1167}, {'bookingid': 2489}, {'bookingid': 253}, {'bookingid': 3512}, {'bookingid': 392}, {'bookingid': 2423}, {'bookingid': 1996}, {'bookingid': 1859}, {'bookingid': 1152}, {'bookingid': 312}, {'bookingid': 3220}, {'bookingid': 1368}, {'bookingid': 316}, {'bookingid': 3405}, {'bookingid': 3284}, {'bookingid': 685}, {'bookingid': 1330}, {'bookingid': 2360}, {'bookingid': 1425}, {'bookingid': 786}, {'bookingid': 950}, {'bookingid': 1423}, {'bookingid': 263}, {'bookingid': 3208}, {'bookingid': 859}, {'bookingid': 2617}, {'bookingid': 3205}, {'bookingid': 882}, {'bookingid': 2236}, {'bookingid': 462}, {'bookingid': 3422}, {'bookingid': 620}, {'bookingid': 955}, {'bookingid': 190}, {'bookingid': 2532}, {'bookingid': 684}, {'bookingid': 2797}, {'bookingid': 1976}, {'bookingid': 2771}, {'bookingid': 3468}, {'bookingid': 1126}, {'bookingid': 3507}, {'bookingid': 2483}, {'bookingid': 1611}, {'bookingid': 1522}, {'bookingid': 1140}, {'bookingid': 2852}, {'bookingid': 224}, {'bookingid': 2660}, {'bookingid': 3164}, {'bookingid': 1956}, {'bookingid': 623}, {'bookingid': 457}, {'bookingid': 2043}, {'bookingid': 1519}, {'bookingid': 767}, {'bookingid': 2643}, {'bookingid': 3493}, {'bookingid': 1946}, {'bookingid': 353}, {'bookingid': 1012}, {'bookingid': 291}, {'bookingid': 1201}, {'bookingid': 27}, {'bookingid': 2226}, {'bookingid': 2670}, {'bookingid': 1660}, {'bookingid': 2618}, {'bookingid': 585}, {'bookingid': 814}, {'bookingid': 2624}, {'bookingid': 3370}, {'bookingid': 1037}, {'bookingid': 3635}, {'bookingid': 3293}, {'bookingid': 721}, {'bookingid': 243}, {'bookingid': 2227}, {'bookingid': 2683}, {'bookingid': 286}, {'bookingid': 1006}, {'bookingid': 3610}, {'bookingid': 1011}, {'bookingid': 600}, {'bookingid': 983}, {'bookingid': 924}, {'bookingid': 2806}, {'bookingid': 2862}, {'bookingid': 281}, {'bookingid': 3252}, {'bookingid': 2217}, {'bookingid': 893}, {'bookingid': 2100}, {'bookingid': 1892}, {'bookingid': 641}, {'bookingid': 2228}, {'bookingid': 3170}, {'bookingid': 3397}, {'bookingid': 1339}, {'bookingid': 1491}, {'bookingid': 1600}, {'bookingid': 1551}, {'bookingid': 761}, {'bookingid': 3248}, {'bookingid': 5}, {'bookingid': 2010}, {'bookingid': 2448}, {'bookingid': 2843}, {'bookingid': 439}, {'bookingid': 1481}, {'bookingid': 1841}, {'bookingid': 2218}, {'bookingid': 2092}, {'bookingid': 37}, {'bookingid': 1396}, {'bookingid': 1870}, {'bookingid': 303}, {'bookingid': 776}, {'bookingid': 1816}, {'bookingid': 490}, {'bookingid': 2240}, {'bookingid': 3054}, {'bookingid': 1345}, {'bookingid': 1004}, {'bookingid': 2068}, {'bookingid': 1260}, {'bookingid': 284}, {'bookingid': 199}, {'bookingid': 2516}, {'bookingid': 2682}, {'bookingid': 2184}, {'bookingid': 2047}, {'bookingid': 3429}, {'bookingid': 719}, {'bookingid': 381}, {'bookingid': 100}, {'bookingid': 3213}, {'bookingid': 2975}, {'bookingid': 3637}, {'bookingid': 2354}, {'bookingid': 1969}, {'bookingid': 2411}, {'bookingid': 1482}, {'bookingid': 3272}, {'bookingid': 1489}, {'bookingid': 2622}, {'bookingid': 1237}, {'bookingid': 3344}, {'bookingid': 271}, {'bookingid': 2969}, {'bookingid': 2249}, {'bookingid': 2104}, {'bookingid': 359}, {'bookingid': 8}, {'bookingid': 1693}, {'bookingid': 3612}, {'bookingid': 2099}, {'bookingid': 2708}, {'bookingid': 1724}, {'bookingid': 1992}, {'bookingid': 916}, {'bookingid': 2970}, {'bookingid': 3212}, {'bookingid': 2956}, {'bookingid': 355}, {'bookingid': 2310}, {'bookingid': 2500}, {'bookingid': 536}, {'bookingid': 3273}, {'bookingid': 603}, {'bookingid': 108}, {'bookingid': 2536}, {'bookingid': 1316}, {'bookingid': 3191}, {'bookingid': 1540}, {'bookingid': 1267}, {'bookingid': 2265}, {'bookingid': 3427}, {'bookingid': 3662}, {'bookingid': 2157}, {'bookingid': 3290}, {'bookingid': 1374}, {'bookingid': 3368}, {'bookingid': 131}, {'bookingid': 607}, {'bookingid': 1223}, {'bookingid': 3092}, {'bookingid': 632}, {'bookingid': 2083}, {'bookingid': 2957}, {'bookingid': 3559}, {'bookingid': 268}, {'bookingid': 14}, {'bookingid': 3287}, {'bookingid': 3526}, {'bookingid': 2497}, {'bookingid': 3143}, {'bookingid': 1805}, {'bookingid': 3047}, {'bookingid': 3269}, {'bookingid': 2474}, {'bookingid': 1160}, {'bookingid': 1343}, {'bookingid': 2106}, {'bookingid': 102}, {'bookingid': 1238}, {'bookingid': 1768}, {'bookingid': 3201}, {'bookingid': 3187}, {'bookingid': 2404}, {'bookingid': 1071}, {'bookingid': 2452}, {'bookingid': 1366}, {'bookingid': 201}, {'bookingid': 1851}, {'bookingid': 3640}, {'bookingid': 3180}, {'bookingid': 3019}, {'bookingid': 872}, {'bookingid': 992}, {'bookingid': 2124}, {'bookingid': 134}, {'bookingid': 1281}, {'bookingid': 2996}, {'bookingid': 3395}, {'bookingid': 1158}, {'bookingid': 1847}, {'bookingid': 2547}, {'bookingid': 3532}, {'bookingid': 3077}, {'bookingid': 3582}, {'bookingid': 1444}, {'bookingid': 2020}, {'bookingid': 468}, {'bookingid': 1265}, {'bookingid': 410}, {'bookingid': 1318}, {'bookingid': 3046}, {'bookingid': 1470}, {'bookingid': 1459}, {'bookingid': 278}, {'bookingid': 1901}, {'bookingid': 2415}, {'bookingid': 3511}, {'bookingid': 2110}, {'bookingid': 633}, {'bookingid': 485}, {'bookingid': 2572}, {'bookingid': 2336}, {'bookingid': 1735}, {'bookingid': 604}, {'bookingid': 846}, {'bookingid': 3666}, {'bookingid': 3270}, {'bookingid': 2992}, {'book
[...]
 body={"bookingid":3712,"booking":{"firstname":"Joao","lastname":"Silva","totalprice":150,"depositpaid":true,"bookingdates":{"checkin":"2025-09-01","checkout":"2025-09-10"},"additionalneeds":"Café da manhã"}} 
 </msg>
<msg time="2025-09-03T11:27:44.429218" level="INFO">C:\Users\Julliely\AppData\Local\Programs\Python\Python312\Lib\site-packages\urllib3\connectionpool.py:1097: InsecureRequestWarning: Unverified HTTPS request is being made to host 'restful-booker.herokuapp.com'. Adding certificate verification is strongly advised. See: https://urllib3.readthedocs.io/en/latest/advanced-usage.html#tls-warnings
  warnings.warn(</msg>
<msg time="2025-09-03T11:27:44.430219" level="INFO">${response} = &lt;Response [200]&gt;</msg>
<var>${response}</var>
<arg>restful</arg>
<arg>/booking</arg>
<arg>json=${body}</arg>
<doc>Sends a POST request on a previously created HTTP Session.</doc>
<status status="PASS" start="2025-09-03T11:27:44.266581" elapsed="0.163638"/>
</kw>
<kw name="Should Be Equal As Strings" owner="BuiltIn">
<msg time="2025-09-03T11:27:44.431218" level="INFO">Argument types are:
&lt;class 'int'&gt;
&lt;class 'str'&gt;</msg>
<arg>${response.status_code}</arg>
<arg>200</arg>
<doc>Fails if objects are unequal after converting them to strings.</doc>
<status status="PASS" start="2025-09-03T11:27:44.430219" elapsed="0.001994"/>
</kw>
<kw name="Set Variable" owner="BuiltIn">
<msg time="2025-09-03T11:27:44.433212" level="INFO">${id} = 3712</msg>
<var>${id}</var>
<arg>${response.json()['bookingid']}</arg>
<doc>Returns the given values which can then be assigned to a variables.</doc>
<status status="PASS" start="2025-09-03T11:27:44.432213" elapsed="0.000999"/>
</kw>
<kw name="Set Suite Variable" owner="BuiltIn">
<msg time="2025-09-03T11:27:44.434211" level="INFO">${NEW_BOOKING_ID} = 3712</msg>
<arg>${NEW_BOOKING_ID}</arg>
<arg>${id}</arg>
<doc>Makes a variable available everywhere within the scope of the current suite.</doc>
<status status="PASS" start="2025-09-03T11:27:44.433212" elapsed="0.000999"/>
</kw>
<kw name="Log" owner="BuiltIn">
<msg time="2025-09-03T11:27:44.434211" level="INFO">Nova reserva criada com ID: 3712</msg>
<arg>Nova reserva criada com ID: ${NEW_BOOKING_ID}</arg>
<doc>Logs the given message with the given level.</doc>
<status status="PASS" start="2025-09-03T11:27:44.434211" elapsed="0.000999"/>
</kw>
<status status="PASS" start="2025-09-03T11:27:44.265582" elapsed="0.169628"/>
</kw>
<status status="PASS" start="2025-09-03T11:27:43.619472" elapsed="0.815738"/>
</kw>
<test id="s1-s4-t1" name="Deletar Reserva" line="18">
<kw name="Deletar Reserva" owner="booking">
<kw name="Headers Autenticados" owner="config">
<kw name="Create Dictionary" owner="BuiltIn">
<msg time="2025-09-03T11:27:44.436210" level="INFO">${headers} = {'Content-Type': 'application/json', 'Accept': 'application/json', 'Cookie': 'token=1d585c0303c37bf'}</msg>
<var>${headers}</var>
<arg>Content-Type=application/json</arg>
<arg>Accept=application/json</arg>
<arg>Cookie=token=${TOKEN}</arg>
<doc>Creates and returns a dictionary based on the given ``items``.</doc>
<status status="PASS" start="2025-09-03T11:27:44.436210" elapsed="0.000000"/>
</kw>
<return>
<value>${headers}</value>
<status status="PASS" start="2025-09-03T11:27:44.436210" elapsed="0.000000"/>
</return>
<msg time="2025-09-03T11:27:44.436210" level="INFO">${headers} = {'Content-Type': 'application/json', 'Accept': 'application/json', 'Cookie': 'token=1d585c0303c37bf'}</msg>
<var>${headers}</var>
<status status="PASS" start="2025-09-03T11:27:44.436210" elapsed="0.000999"/>
</kw>
<kw name="DELETE On Session" owner="RequestsLibrary">
<msg time="2025-09-03T11:27:44.599280" level="INFO">DELETE Request : url=https://restful-booker.herokuapp.com/booking/3712 
 path_url=/booking/3712 
 headers={'User-Agent': 'python-requests/2.32.3', 'Accept-Encoding': 'gzip, deflate', 'Accept': 'application/json', 'Connection': 'keep-alive', 'Content-Type': 'application/json', 'Cookie': 'token=1d585c0303c37bf', 'Content-Length': '0'} 
 body=None 
 </msg>
<msg time="2025-09-03T11:27:44.599280" level="INFO">DELETE Response : url=https://restful-booker.herokuapp.com/booking/3712 
 status=201, reason=Created 
 headers={'Content-Length': '7', 'Content-Type': 'text/plain; charset=utf-8', 'Date': 'Wed, 03 Sep 2025 14:27:57 GMT', 'Etag': 'W/"7-rM9AyJuqT6iOan/xHh+AW+7K/T8"', 'Nel': '{"report_to":"heroku-nel","response_headers":["Via"],"max_age":3600,"success_fraction":0.01,"failure_fraction":0.1}', 'Report-To': '{"group":"heroku-nel","endpoints":[{"url":"https://nel.heroku.com/reports?s=%2BcpEAi6MpNqPiJky4BSKlYVROEiSa0W%2BwMu8%2BqCmjyo%3D\\u0026sid=c46efe9b-d3d2-4a0c-8c76-bfafa16c5add\\u0026ts=1756909677"}],"max_age":3600}', 'Reporting-Endpoints': 'heroku-nel="https://nel.heroku.com/reports?s=%2BcpEAi6MpNqPiJky4BSKlYVROEiSa0W%2BwMu8%2BqCmjyo%3D&amp;sid=c46efe9b-d3d2-4a0c-8c76-bfafa16c5add&amp;ts=1756909677"', 'Server': 'Heroku', 'Via': '1.1 heroku-router', 'X-Powered-By': 'Express'} 
 body=Created 
 </msg>
<msg time="2025-09-03T11:27:44.599280" level="INFO">C:\Users\Julliely\AppData\Local\Programs\Python\Python312\Lib\site-packages\urllib3\connectionpool.py:1097: InsecureRequestWarning: Unverified HTTPS request is being made to host 'restful-booker.herokuapp.com'. Adding certificate verification is strongly advised. See: https://urllib3.readthedocs.io/en/latest/advanced-usage.html#tls-warnings
  warnings.warn(</msg>
<msg time="2025-09-03T11:27:44.600277" level="INFO">${response} = &lt;Response [201]&gt;</msg>
<var>${response}</var>
<arg>restful</arg>
<arg>/booking/${booking_id}</arg>
<arg>headers=${headers}</arg>
<doc>Sends a DELETE request on a previously created HTTP Session.</doc>
<status status="PASS" start="2025-09-03T11:27:44.437209" elapsed="0.164068"/>
</kw>
<kw name="Should Be Equal As Strings" owner="BuiltIn">
<msg time="2025-09-03T11:27:44.602277" level="INFO">Argument types are:
&lt;class 'int'&gt;
&lt;class 'str'&gt;</msg>
<arg>${response.status_code}</arg>
<arg>201</arg>
<doc>Fails if objects are unequal after converting them to strings.</doc>
<status status="PASS" start="2025-09-03T11:27:44.601277" elapsed="0.001000"/>
</kw>
<arg>${NEW_BOOKING_ID}</arg>
<status status="PASS" start="2025-09-03T11:27:44.435210" elapsed="0.167067"/>
</kw>
<status status="PASS" start="2025-09-03T11:27:44.435210" elapsed="0.168066"/>
</test>
<test id="s1-s4-t2" name="Deletar Reserva Inexistente" line="21">
<kw name="Headers Autenticados" owner="config">
<kw name="Create Dictionary" owner="BuiltIn">
<msg time="2025-09-03T11:27:44.606276" level="INFO">${headers} = {'Content-Type': 'application/json', 'Accept': 'application/json', 'Cookie': 'token=1d585c0303c37bf'}</msg>
<var>${headers}</var>
<arg>Content-Type=application/json</arg>
<arg>Accept=application/json</arg>
<arg>Cookie=token=${TOKEN}</arg>
<doc>Creates and returns a dictionary based on the given ``items``.</doc>
<status status="PASS" start="2025-09-03T11:27:44.605276" elapsed="0.001000"/>
</kw>
<return>
<value>${headers}</value>
<status status="PASS" start="2025-09-03T11:27:44.606276" elapsed="0.000000"/>
</return>
<msg time="2025-09-03T11:27:44.606276" level="INFO">${headers} = {'Content-Type': 'application/json', 'Accept': 'application/json', 'Cookie': 'token=1d585c0303c37bf'}</msg>
<var>${headers}</var>
<status status="PASS" start="2025-09-03T11:27:44.605276" elapsed="0.001000"/>
</kw>
<kw name="DELETE On Session" owner="RequestsLibrary">
<msg time="2025-09-03T11:27:44.769772" level="INFO">DELETE Request : url=https://restful-booker.herokuapp.com/booking/9999999 
 path_url=/booking/9999999 
 headers={'User-Agent': 'python-requests/2.32.3', 'Accept-Encoding': 'gzip, deflate', 'Accept': 'application/json', 'Connection': 'keep-alive', 'Content-Type': 'application/json', 'Cookie': 'token=1d585c0303c37bf', 'Content-Length': '0'} 
 body=None 
 </msg>
<msg time="2025-09-03T11:27:44.769772" level="INFO">DELETE Response : url=https://restful-booker.herokuapp.com/booking/9999999 
 status=405, reason=Method Not Allowed 
 headers={'Content-Length': '18', 'Content-Type': 'text/plain; charset=utf-8', 'Date': 'Wed, 03 Sep 2025 14:27:57 GMT', 'Etag': 'W/"12-UGJMK66P4abaBlq0vKHJaCKuGCA"', 'Nel': '{"report_to":"heroku-nel","response_headers":["Via"],"max_age":3600,"success_fraction":0.01,"failure_fraction":0.1}', 'Report-To': '{"group":"heroku-nel","endpoints":[{"url":"https://nel.heroku.com/reports?s=%2BcpEAi6MpNqPiJky4BSKlYVROEiSa0W%2BwMu8%2BqCmjyo%3D\\u0026sid=c46efe9b-d3d2-4a0c-8c76-bfafa16c5add\\u0026ts=1756909677"}],"max_age":3600}', 'Reporting-Endpoints': 'heroku-nel="https://nel.heroku.com/reports?s=%2BcpEAi6MpNqPiJky4BSKlYVROEiSa0W%2BwMu8%2BqCmjyo%3D&amp;sid=c46efe9b-d3d2-4a0c-8c76-bfafa16c5add&amp;ts=1756909677"', 'Server': 'Heroku', 'Via': '1.1 heroku-router', 'X-Powered-By': 'Express'} 
 body=Method Not Allowed 
 </msg>
<msg time="2025-09-03T11:27:44.769772" level="INFO">C:\Users\Julliely\AppData\Local\Programs\Python\Python312\Lib\site-packages\urllib3\connectionpool.py:1097: InsecureRequestWarning: Unverified HTTPS request is being made to host 'restful-booker.herokuapp.com'. Adding certificate verification is strongly advised. See: https://urllib3.readthedocs.io/en/latest/advanced-usage.html#tls-warnings
  warnings.warn(</msg>
<msg time="2025-09-03T11:27:44.771769" level="INFO">${response} = &lt;Response [405]&gt;</msg>
<var>${response}</var>
<arg>restful</arg>
<arg>/booking/9999999</arg>
<arg>headers=${headers}</arg>
<arg>expected_status=any</arg>
<doc>Sends a DELETE request on a previously created HTTP Session.</doc>
<status status="PASS" start="2025-09-03T11:27:44.607276" elapsed="0.164493"/>
</kw>
<kw name="Should Be Equal As Integers" owner="BuiltIn">
<msg time="2025-09-03T11:27:44.772771" level="INFO">Argument types are:
&lt;class 'int'&gt;
&lt;class 'str'&gt;</msg>
<arg>${response.status_code}</arg>
<arg>405</arg>
<doc>Fails if objects are unequal after converting them to integers.</doc>
<status status="PASS" start="2025-09-03T11:27:44.771769" elapsed="0.001002"/>
</kw>
<status status="PASS" start="2025-09-03T11:27:44.604273" elapsed="0.169495"/>
</test>
<test id="s1-s4-t3" name="Deletar Sem Token" line="26">
<kw name="Criar Nova Reserva Temporaria">
<kw name="Criar Nova Reserva" owner="booking">
<kw name="Create Dictionary" owner="BuiltIn">
<msg time="2025-09-03T11:27:44.775300" level="INFO">${bookingdates} = {'checkin': '2025-09-01', 'checkout': '2025-09-10'}</msg>
<var>${bookingdates}</var>
<arg>checkin=2025-09-01</arg>
<arg>checkout=2025-09-10</arg>
<doc>Creates and returns a dictionary based on the given ``items``.</doc>
<status status="PASS" start="2025-09-03T11:27:44.775300" elapsed="0.000000"/>
</kw>
<kw name="Create Dictionary" owner="BuiltIn">
<msg time="2025-09-03T11:27:44.775300" level="INFO">${body} = {'firstname': 'Teste', 'lastname': 'Temporario', 'totalprice': '150', 'depositpaid': 'True', 'bookingdates': {'checkin': '2025-09-01', 'checkout': '2025-09-10'}, 'additionalneeds': 'Café da manhã'}</msg>
<var>${body}</var>
<arg>firstname=${firstname}</arg>
<arg>lastname=${lastname}</arg>
<arg>totalprice=150</arg>
<arg>depositpaid=True</arg>
<arg>bookingdates=${bookingdates}</arg>
<arg>additionalneeds=Café da manhã</arg>
<doc>Creates and returns a dictionary based on the given ``items``.</doc>
<status status="PASS" start="2025-09-03T11:27:44.775300" elapsed="0.000000"/>
</kw>
<kw name="POST On Session" owner="RequestsLibrary">
<msg time="2025-09-03T11:27:44.936219" level="INFO">POST Request : url=https://restful-booker.herokuapp.com/booking 
 path_url=/booking 
 headers={'User-Agent': 'python-requests/2.32.3', 'Accept-Encoding': 'gzip, deflate', 'Accept': '*/*', 'Connection': 'keep-alive', 'Content-Length': '207', 'Content-Type': 'application/json'} 
 body=b'{"firstname": "Teste", "lastname": "Temporario", "totalprice": "150", "depositpaid": "True", "bookingdates": {"checkin": "2025-09-01", "checkout": "2025-09-10"}, "additionalneeds": "Caf\\u00e9 da manh\\u00e3"}' 
 </msg>
<msg time="2025-09-03T11:27:44.936219" level="INFO">POST Response : url=https://restful-booker.herokuapp.com/booking 
 status=200, reason=OK 
 headers={'Content-Length': '210', 'Content-Type': 'application/json; charset=utf-8', 'Date': 'Wed, 03 Sep 2025 14:27:57 GMT', 'Etag': 'W/"d2-lBS7c1KPxdj/+qQekG5n75TaYT0"', 'Nel': '{"report_to":"heroku-nel","response_headers":["Via"],"max_age":3600,"success_fraction":0.01,"failure_fraction":0.1}', 'Report-To': '{"group":"heroku-nel","endpoints":[{"url":"https://nel.heroku.com/reports?s=%2BcpEAi6MpNqPiJky4BSKlYVROEiSa0W%2BwMu8%2BqCmjyo%3D\\u0026sid=c46efe9b-d3d2-4a0c-8c76-bfafa16c5add\\u0026ts=1756909677"}],"max_age":3600}', 'Reporting-Endpoints': 'heroku-nel="https://nel.heroku.com/reports?s=%2BcpEAi6MpNqPiJky4BSKlYVROEiSa0W%2BwMu8%2BqCmjyo%3D&amp;sid=c46efe9b-d3d2-4a0c-8c76-bfafa16c5add&amp;ts=1756909677"', 'Server': 'Heroku', 'Via': '1.1 heroku-router', 'X-Powered-By': 'Express'} 
 body={"bookingid":3718,"booking":{"firstname":"Teste","lastname":"Temporario","totalprice":150,"depositpaid":true,"bookingdates":{"checkin":"2025-09-01","checkout":"2025-09-10"},"additionalneeds":"Café da manhã"}} 
 </msg>
<msg time="2025-09-03T11:27:44.937219" level="INFO">C:\Users\Julliely\AppData\Local\Programs\Python\Python312\Lib\site-packages\urllib3\connectionpool.py:1097: InsecureRequestWarning: Unverified HTTPS request is being made to host 'restful-booker.herokuapp.com'. Adding certificate verification is strongly advised. See: https://urllib3.readthedocs.io/en/latest/advanced-usage.html#tls-warnings
  warnings.warn(</msg>
<msg time="2025-09-03T11:27:44.938470" level="INFO">${response} = &lt;Response [200]&gt;</msg>
<var>${response}</var>
<arg>restful</arg>
<arg>/booking</arg>
<arg>json=${body}</arg>
<doc>Sends a POST request on a previously created HTTP Session.</doc>
<status status="PASS" start="2025-09-03T11:27:44.775300" elapsed="0.163170"/>
</kw>
<kw name="Should Be Equal As Strings" owner="BuiltIn">
<msg time="2025-09-03T11:27:44.939471" level="INFO">Argument types are:
&lt;class 'int'&gt;
&lt;class 'str'&gt;</msg>
<arg>${response.status_code}</arg>
<arg>200</arg>
<doc>Fails if objects are unequal after converting them to strings.</doc>
<status status="PASS" start="2025-09-03T11:27:44.938470" elapsed="0.001001"/>
</kw>
<kw name="Set Variable" owner="BuiltIn">
<msg time="2025-09-03T11:27:44.941475" level="INFO">${id} = 3718</msg>
<var>${id}</var>
<arg>${response.json()['bookingid']}</arg>
<doc>Returns the given values which can then be assigned to a variables.</doc>
<status status="PASS" start="2025-09-03T11:27:44.940467" elapsed="0.001008"/>
</kw>
<kw name="Set Suite Variable" owner="BuiltIn">
<msg time="2025-09-03T11:27:44.941475" level="INFO">${NEW_BOOKING_ID} = 3718</msg>
<arg>${NEW_BOOKING_ID}</arg>
<arg>${id}</arg>
<doc>Makes a variable available everywhere within the scope of the current suite.</doc>
<status status="PASS" start="2025-09-03T11:27:44.941475" elapsed="0.000000"/>
</kw>
<kw name="Log" owner="BuiltIn">
<msg time="2025-09-03T11:27:44.942466" level="INFO">Nova reserva criada com ID: 3718</msg>
<arg>Nova reserva criada com ID: ${NEW_BOOKING_ID}</arg>
<doc>Logs the given message with the given level.</doc>
<status status="PASS" start="2025-09-03T11:27:44.941475" elapsed="0.000991"/>
</kw>
<arg>Teste</arg>
<arg>Temporario</arg>
<status status="PASS" start="2025-09-03T11:27:44.775300" elapsed="0.167166"/>
</kw>
<kw name="Set Suite Variable" owner="BuiltIn">
<msg time="2025-09-03T11:27:44.943464" level="INFO">${TEMP_BOOKING_ID} = 3718</msg>
<arg>${TEMP_BOOKING_ID}</arg>
<arg>${NEW_BOOKING_ID}</arg>
<doc>Makes a variable available everywhere within the scope of the current suite.</doc>
<status status="PASS" start="2025-09-03T11:27:44.942466" elapsed="0.000998"/>
</kw>
<status status="PASS" start="2025-09-03T11:27:44.775300" elapsed="0.168164"/>
</kw>
<kw name="Create Dictionary" owner="BuiltIn">
<msg time="2025-09-03T11:27:44.943464" level="INFO">${headers} = {}</msg>
<var>${headers}</var>
<doc>Creates and returns a dictionary based on the given ``items``.</doc>
<status status="PASS" start="2025-09-03T11:27:44.943464" elapsed="0.000000"/>
</kw>
<kw name="DELETE On Session" owner="RequestsLibrary">
<msg time="2025-09-03T11:27:45.104316" level="INFO">DELETE Request : url=https://restful-booker.herokuapp.com/booking/3718 
 path_url=/booking/3718 
 headers={'User-Agent': 'python-requests/2.32.3', 'Accept-Encoding': 'gzip, deflate', 'Accept': '*/*', 'Connection': 'keep-alive', 'Content-Length': '0'} 
 body=None 
 </msg>
<msg time="2025-09-03T11:27:45.104316" level="INFO">DELETE Response : url=https://restful-booker.herokuapp.com/booking/3718 
 status=403, reason=Forbidden 
 headers={'Content-Length': '9', 'Content-Type': 'text/plain; charset=utf-8', 'Date': 'Wed, 03 Sep 2025 14:27:57 GMT', 'Etag': 'W/"9-PatfYBLj4Um1qTm5zrukoLhNyPU"', 'Nel': '{"report_to":"heroku-nel","response_headers":["Via"],"max_age":3600,"success_fraction":0.01,"failure_fraction":0.1}', 'Report-To': '{"group":"heroku-nel","endpoints":[{"url":"https://nel.heroku.com/reports?s=%2BcpEAi6MpNqPiJky4BSKlYVROEiSa0W%2BwMu8%2BqCmjyo%3D\\u0026sid=c46efe9b-d3d2-4a0c-8c76-bfafa16c5add\\u0026ts=1756909677"}],"max_age":3600}', 'Reporting-Endpoints': 'heroku-nel="https://nel.heroku.com/reports?s=%2BcpEAi6MpNqPiJky4BSKlYVROEiSa0W%2BwMu8%2BqCmjyo%3D&amp;sid=c46efe9b-d3d2-4a0c-8c76-bfafa16c5add&amp;ts=1756909677"', 'Server': 'Heroku', 'Via': '1.1 heroku-router', 'X-Powered-By': 'Express'} 
 body=Forbidden 
 </msg>
<msg time="2025-09-03T11:27:45.105312" level="INFO">C:\Users\Julliely\AppData\Local\Programs\Python\Python312\Lib\site-packages\urllib3\connectionpool.py:1097: InsecureRequestWarning: Unverified HTTPS request is being made to host 'restful-booker.herokuapp.com'. Adding certificate verification is strongly advised. See: https://urllib3.readthedocs.io/en/latest/advanced-usage.html#tls-warnings
  warnings.warn(</msg>
<msg time="2025-09-03T11:27:45.106318" level="INFO">${response} = &lt;Response [403]&gt;</msg>
<var>${response}</var>
<arg>restful</arg>
<arg>/booking/${TEMP_BOOKING_ID}</arg>
<arg>headers=${headers}</arg>
<arg>expected_status=any</arg>
<doc>Sends a DELETE request on a previously created HTTP Session.</doc>
<status status="PASS" start="2025-09-03T11:27:44.943464" elapsed="0.162854"/>
</kw>
<kw name="Should Be Equal As Integers" owner="BuiltIn">
<msg time="2025-09-03T11:27:45.107316" level="INFO">Argument types are:
&lt;class 'int'&gt;
&lt;class 'str'&gt;</msg>
<arg>${response.status_code}</arg>
<arg>403</arg>
<doc>Fails if objects are unequal after converting them to integers.</doc>
<status status="PASS" start="2025-09-03T11:27:45.106318" elapsed="0.002241"/>
</kw>
<status status="PASS" start="2025-09-03T11:27:44.774768" elapsed="0.333791"/>
</test>
<status status="PASS" start="2025-09-03T11:27:43.613358" elapsed="1.496204"/>
</suite>
<status status="FAIL" start="2025-09-03T11:27:39.032547" elapsed="6.079014"/>
</suite>
<statistics>
<total>
<stat pass="11" fail="1" skip="0">All Tests</stat>
</total>
<tag>
</tag>
<suite>
<stat name="Tests" id="s1" pass="11" fail="1" skip="0">Tests</stat>
<stat name="01 Auth" id="s1-s1" pass="1" fail="0" skip="0">Tests.01 Auth</stat>
<stat name="02 Booking Tests" id="s1-s2" pass="5" fail="0" skip="0">Tests.02 Booking Tests</stat>
<stat name="03 Update Tests" id="s1-s3" pass="2" fail="1" skip="0">Tests.03 Update Tests</stat>
<stat name="04 Delete Tests" id="s1-s4" pass="3" fail="0" skip="0">Tests.04 Delete Tests</stat>
</suite>
</statistics>
<errors>
<msg time="2025-09-03T11:27:39.052834" level="WARN">Error in file 'C:\Users\Julliely\Desktop\PB-CompassUOL\Documentos\restful-booker\resources\config.resource' on line 18: The '[Return]' setting is deprecated. Use the 'RETURN' statement instead.</msg>
</errors>
</robot>
